Open5GS daemon v2.7.5-24-g8e286b6

09/05 12:58:00.662: [app] INFO: Configuration: '/open5gs/install/etc/open5gs/hss.yaml' (../lib/app/ogs-init.c:144)
09/05 12:58:00.662: [app] INFO: File Logging: '/open5gs/install/var/log/open5gs/hss.log' (../lib/app/ogs-init.c:147)
09/05 12:58:00.669: [dbi] INFO: MongoDB URI: 'mongodb://172.22.0.2/open5gs' (../lib/dbi/ogs-mongoc.c:130)
09/05 12:58:00.776: [app] INFO: Polling freeDiameter stats every 60000000 usecs (../lib/diameter/common/stats.c:77)
09/05 12:58:00.776: [app] INFO: HSS initialize...done (../src/hss/app-init.c:31)
09/05 12:58:00.789: [diam] INFO: CONNECTED TO 'mme.epc.mnc001.mcc001.3gppnetwork.org' (SCTP,soc#16): (../lib/diameter/common/logger.c:81)
Open5GS daemon v2.7.5-24-g8e286b6

09/05 12:58:40.403: [app] INFO: Configuration: '/open5gs/install/etc/open5gs/hss.yaml' (../lib/app/ogs-init.c:144)
09/05 12:58:40.403: [app] INFO: File Logging: '/open5gs/install/var/log/open5gs/hss.log' (../lib/app/ogs-init.c:147)
09/05 12:58:40.408: [dbi] INFO: MongoDB URI: 'mongodb://172.22.0.2/open5gs' (../lib/dbi/ogs-mongoc.c:130)
09/05 12:58:40.507: [app] INFO: Polling freeDiameter stats every 60000000 usecs (../lib/diameter/common/stats.c:77)
09/05 12:58:40.508: [app] INFO: HSS initialize...done (../src/hss/app-init.c:31)
09/05 12:58:40.520: [diam] INFO: CONNECTED TO 'mme.epc.mnc001.mcc001.3gppnetwork.org' (SCTP,soc#16): (../lib/diameter/common/logger.c:81)
09/05 13:04:21.168: [diam] ERROR: pid:PSM/mme.epc.mnc001.mcc001.3gppnetwork.org in fd_psm_change_state@p_psm.c:284: 'STATE_OPEN'	-> 'STATE_CLOSED'	'mme.epc.mnc001.mcc001.3gppnetwork.org'
 ((null):0)
Open5GS daemon v2.7.5-24-g8e286b6

09/05 13:06:04.289: [app] INFO: Configuration: '/open5gs/install/etc/open5gs/hss.yaml' (../lib/app/ogs-init.c:144)
09/05 13:06:04.289: [app] INFO: File Logging: '/open5gs/install/var/log/open5gs/hss.log' (../lib/app/ogs-init.c:147)
09/05 13:06:04.294: [dbi] INFO: MongoDB URI: 'mongodb://172.22.0.2/open5gs' (../lib/dbi/ogs-mongoc.c:130)
09/05 13:06:04.381: [app] INFO: Polling freeDiameter stats every 60000000 usecs (../lib/diameter/common/stats.c:77)
09/05 13:06:04.383: [app] INFO: HSS initialize...done (../src/hss/app-init.c:31)
09/05 13:06:04.387: [diam] INFO: CONNECTED TO 'mme.epc.mnc001.mcc001.3gppnetwork.org' (SCTP,soc#15): (../lib/diameter/common/logger.c:81)
09/05 13:15:15.219: [diam] ERROR: pid:PSM/mme.epc.mnc001.mcc001.3gppnetwork.org in fd_psm_change_state@p_psm.c:284: 'STATE_OPEN'	-> 'STATE_CLOSED'	'mme.epc.mnc001.mcc001.3gppnetwork.org'
 ((null):0)
Open5GS daemon v2.7.5-24-g8e286b6

09/05 13:18:37.061: [app] INFO: Configuration: '/open5gs/install/etc/open5gs/hss.yaml' (../lib/app/ogs-init.c:144)
09/05 13:18:37.061: [app] INFO: File Logging: '/open5gs/install/var/log/open5gs/hss.log' (../lib/app/ogs-init.c:147)
09/05 13:18:37.065: [dbi] INFO: MongoDB URI: 'mongodb://172.22.0.2/open5gs' (../lib/dbi/ogs-mongoc.c:130)
09/05 13:18:37.110: [app] INFO: Polling freeDiameter stats every 60000000 usecs (../lib/diameter/common/stats.c:77)
09/05 13:18:37.112: [app] INFO: HSS initialize...done (../src/hss/app-init.c:31)
09/05 13:18:37.116: [diam] INFO: CONNECTED TO 'mme.epc.mnc001.mcc001.3gppnetwork.org' (SCTP,soc#15): (../lib/diameter/common/logger.c:81)
09/05 13:21:20.573: [diam] ERROR: pid:PSM/mme.epc.mnc001.mcc001.3gppnetwork.org in fd_psm_change_state@p_psm.c:284: 'STATE_OPEN'	-> 'STATE_CLOSED'	'mme.epc.mnc001.mcc001.3gppnetwork.org'
 ((null):0)
Open5GS daemon v2.7.5-24-g8e286b6

09/05 14:00:44.104: [app] INFO: Configuration: '/open5gs/install/etc/open5gs/hss.yaml' (../lib/app/ogs-init.c:144)
09/05 14:00:44.104: [app] INFO: File Logging: '/open5gs/install/var/log/open5gs/hss.log' (../lib/app/ogs-init.c:147)
09/05 14:00:44.110: [dbi] INFO: MongoDB URI: 'mongodb://172.22.0.2/open5gs' (../lib/dbi/ogs-mongoc.c:130)
09/05 14:00:44.180: [app] INFO: Polling freeDiameter stats every 60000000 usecs (../lib/diameter/common/stats.c:77)
09/05 14:00:44.181: [app] INFO: HSS initialize...done (../src/hss/app-init.c:31)
09/05 14:00:44.187: [diam] INFO: CONNECTED TO 'mme.epc.mnc001.mcc001.3gppnetwork.org' (SCTP,soc#16): (../lib/diameter/common/logger.c:81)
09/05 14:04:32.423: [diam] ERROR: pid:PSM/mme.epc.mnc001.mcc001.3gppnetwork.org in fd_psm_change_state@p_psm.c:284: 'STATE_OPEN'	-> 'STATE_CLOSED'	'mme.epc.mnc001.mcc001.3gppnetwork.org'
 ((null):0)
Open5GS daemon v2.7.5-24-g8e286b6

09/05 14:05:39.947: [app] INFO: Configuration: '/open5gs/install/etc/open5gs/hss.yaml' (../lib/app/ogs-init.c:144)
09/05 14:05:39.947: [app] INFO: File Logging: '/open5gs/install/var/log/open5gs/hss.log' (../lib/app/ogs-init.c:147)
09/05 14:05:39.951: [dbi] INFO: MongoDB URI: 'mongodb://172.22.0.2/open5gs' (../lib/dbi/ogs-mongoc.c:130)
09/05 14:05:39.990: [app] INFO: Polling freeDiameter stats every 60000000 usecs (../lib/diameter/common/stats.c:77)
09/05 14:05:39.990: [app] INFO: HSS initialize...done (../src/hss/app-init.c:31)
09/05 14:05:39.996: [diam] INFO: CONNECTED TO 'mme.epc.mnc001.mcc001.3gppnetwork.org' (SCTP,soc#16): (../lib/diameter/common/logger.c:81)
09/05 14:29:59.108: [diam] ERROR: pid:PSM/mme.epc.mnc001.mcc001.3gppnetwork.org in fd_psm_change_state@p_psm.c:284: 'STATE_OPEN'	-> 'STATE_CLOSED'	'mme.epc.mnc001.mcc001.3gppnetwork.org'
 ((null):0)
Open5GS daemon v2.7.5-24-g8e286b6

09/05 14:55:16.162: [app] INFO: Configuration: '/open5gs/install/etc/open5gs/hss.yaml' (../lib/app/ogs-init.c:144)
09/05 14:55:16.162: [app] INFO: File Logging: '/open5gs/install/var/log/open5gs/hss.log' (../lib/app/ogs-init.c:147)
09/05 14:55:16.171: [dbi] INFO: MongoDB URI: 'mongodb://172.22.0.2/open5gs' (../lib/dbi/ogs-mongoc.c:130)
09/05 14:55:16.286: [app] INFO: Polling freeDiameter stats every 60000000 usecs (../lib/diameter/common/stats.c:77)
09/05 14:55:16.288: [app] INFO: HSS initialize...done (../src/hss/app-init.c:31)
09/05 14:55:16.293: [diam] INFO: CONNECTED TO 'mme.epc.mnc001.mcc001.3gppnetwork.org' (SCTP,soc#16): (../lib/diameter/common/logger.c:81)
09/05 15:38:38.819: [diam] ERROR: pid:PSM/mme.epc.mnc001.mcc001.3gppnetwork.org in fd_psm_change_state@p_psm.c:284: 'STATE_OPEN'	-> 'STATE_CLOSED'	'mme.epc.mnc001.mcc001.3gppnetwork.org'
 ((null):0)
Open5GS daemon v2.7.5-24-g8e286b6

09/05 15:39:31.685: [app] INFO: Configuration: '/open5gs/install/etc/open5gs/hss.yaml' (../lib/app/ogs-init.c:144)
09/05 15:39:31.685: [app] INFO: File Logging: '/open5gs/install/var/log/open5gs/hss.log' (../lib/app/ogs-init.c:147)
09/05 15:39:31.693: [dbi] INFO: MongoDB URI: 'mongodb://172.22.0.2/open5gs' (../lib/dbi/ogs-mongoc.c:130)
09/05 15:39:31.838: [app] INFO: Polling freeDiameter stats every 60000000 usecs (../lib/diameter/common/stats.c:77)
09/05 15:39:31.839: [app] INFO: HSS initialize...done (../src/hss/app-init.c:31)
09/05 15:39:31.845: [diam] INFO: CONNECTED TO 'mme.epc.mnc001.mcc001.3gppnetwork.org' (SCTP,soc#15): (../lib/diameter/common/logger.c:81)
09/05 15:56:54.306: [diam] ERROR: pid:PSM/mme.epc.mnc001.mcc001.3gppnetwork.org in fd_psm_change_state@p_psm.c:284: 'STATE_OPEN'	-> 'STATE_CLOSED'	'mme.epc.mnc001.mcc001.3gppnetwork.org'
 ((null):0)
Open5GS daemon v2.7.5-24-g8e286b6

09/06 01:14:42.586: [app] INFO: Configuration: '/open5gs/install/etc/open5gs/hss.yaml' (../lib/app/ogs-init.c:144)
09/06 01:14:42.586: [app] INFO: File Logging: '/open5gs/install/var/log/open5gs/hss.log' (../lib/app/ogs-init.c:147)
09/06 01:14:42.592: [dbi] INFO: MongoDB URI: 'mongodb://172.22.0.2/open5gs' (../lib/dbi/ogs-mongoc.c:130)
09/06 01:14:42.737: [app] INFO: Polling freeDiameter stats every 60000000 usecs (../lib/diameter/common/stats.c:77)
09/06 01:14:42.739: [app] INFO: HSS initialize...done (../src/hss/app-init.c:31)
09/06 01:14:42.744: [diam] INFO: CONNECTED TO 'mme.epc.mnc001.mcc001.3gppnetwork.org' (SCTP,soc#16): (../lib/diameter/common/logger.c:81)
09/06 01:24:38.865: [diam] ERROR: pid:PSM/mme.epc.mnc001.mcc001.3gppnetwork.org in fd_psm_change_state@p_psm.c:284: 'STATE_OPEN'	-> 'STATE_CLOSED'	'mme.epc.mnc001.mcc001.3gppnetwork.org'
 ((null):0)
Open5GS daemon v2.7.5-24-g8e286b6

09/06 01:28:00.568: [app] INFO: Configuration: '/open5gs/install/etc/open5gs/hss.yaml' (../lib/app/ogs-init.c:144)
09/06 01:28:00.568: [app] INFO: File Logging: '/open5gs/install/var/log/open5gs/hss.log' (../lib/app/ogs-init.c:147)
09/06 01:28:00.573: [dbi] INFO: MongoDB URI: 'mongodb://172.22.0.2/open5gs' (../lib/dbi/ogs-mongoc.c:130)
09/06 01:28:00.657: [app] INFO: Polling freeDiameter stats every 60000000 usecs (../lib/diameter/common/stats.c:77)
09/06 01:28:00.657: [app] INFO: HSS initialize...done (../src/hss/app-init.c:31)
09/06 01:28:00.663: [diam] INFO: CONNECTED TO 'mme.epc.mnc001.mcc001.3gppnetwork.org' (SCTP,soc#16): (../lib/diameter/common/logger.c:81)
09/06 01:32:57.845: [diam] ERROR: pid:PSM/mme.epc.mnc001.mcc001.3gppnetwork.org in fd_psm_change_state@p_psm.c:284: 'STATE_OPEN'	-> 'STATE_CLOSED'	'mme.epc.mnc001.mcc001.3gppnetwork.org'
 ((null):0)
Open5GS daemon v2.7.5-24-g8e286b6

09/06 01:34:56.147: [app] INFO: Configuration: '/open5gs/install/etc/open5gs/hss.yaml' (../lib/app/ogs-init.c:144)
09/06 01:34:56.147: [app] INFO: File Logging: '/open5gs/install/var/log/open5gs/hss.log' (../lib/app/ogs-init.c:147)
09/06 01:34:56.152: [dbi] INFO: MongoDB URI: 'mongodb://172.22.0.2/open5gs' (../lib/dbi/ogs-mongoc.c:130)
09/06 01:34:56.220: [app] INFO: Polling freeDiameter stats every 60000000 usecs (../lib/diameter/common/stats.c:77)
09/06 01:34:56.222: [app] INFO: HSS initialize...done (../src/hss/app-init.c:31)
09/06 01:34:56.225: [diam] INFO: CONNECTED TO 'mme.epc.mnc001.mcc001.3gppnetwork.org' (SCTP,soc#15): (../lib/diameter/common/logger.c:81)
09/06 01:44:27.415: [diam] ERROR: pid:PSM/mme.epc.mnc001.mcc001.3gppnetwork.org in fd_psm_change_state@p_psm.c:284: 'STATE_OPEN'	-> 'STATE_CLOSED'	'mme.epc.mnc001.mcc001.3gppnetwork.org'
 ((null):0)
Open5GS daemon v2.7.5-24-g8e286b6

09/06 12:07:04.880: [app] INFO: Configuration: '/open5gs/install/etc/open5gs/hss.yaml' (../lib/app/ogs-init.c:144)
09/06 12:07:04.880: [app] INFO: File Logging: '/open5gs/install/var/log/open5gs/hss.log' (../lib/app/ogs-init.c:147)
09/06 12:07:04.885: [dbi] INFO: MongoDB URI: 'mongodb://172.22.0.2/open5gs' (../lib/dbi/ogs-mongoc.c:130)
09/06 12:07:04.943: [app] INFO: Polling freeDiameter stats every 60000000 usecs (../lib/diameter/common/stats.c:77)
09/06 12:07:04.946: [app] INFO: HSS initialize...done (../src/hss/app-init.c:31)
09/06 12:07:04.959: [diam] INFO: CONNECTED TO 'mme.epc.mnc001.mcc001.3gppnetwork.org' (SCTP,soc#16): (../lib/diameter/common/logger.c:81)
