Open5GS daemon v2.7.5-24-g8e286b6

09/05 12:57:51.339: [app] INFO: Configuration: '/open5gs/install/etc/open5gs/sgwc.yaml' (../lib/app/ogs-init.c:144)
09/05 12:57:51.339: [app] INFO: File Logging: '/open5gs/install/var/log/open5gs/sgwc.log' (../lib/app/ogs-init.c:147)
09/05 12:57:51.444: [gtp] INFO: gtp_server() [172.22.0.5]:2123 (../lib/gtp/path.c:30)
09/05 12:57:51.444: [pfcp] INFO: pfcp_server() [172.22.0.5]:8805 (../lib/pfcp/path.c:30)
09/05 12:57:51.445: [sgwc] INFO: PFCP associated [172.22.0.6]:8805 (../src/sgwc/pfcp-sm.c:167)
09/05 12:57:51.451: [app] INFO: SGW-C initialize...done (../src/sgwc/app.c:31)
09/05 12:57:53.875: [sgwc] WARNING: PFCP[REQ] has already been associated [172.22.0.6]:8805 (../src/sgwc/pfcp-sm.c:259)
Open5GS daemon v2.7.5-24-g8e286b6

09/05 12:58:30.845: [app] INFO: Configuration: '/open5gs/install/etc/open5gs/sgwc.yaml' (../lib/app/ogs-init.c:144)
09/05 12:58:30.845: [app] INFO: File Logging: '/open5gs/install/var/log/open5gs/sgwc.log' (../lib/app/ogs-init.c:147)
09/05 12:58:30.922: [gtp] INFO: gtp_server() [172.22.0.5]:2123 (../lib/gtp/path.c:30)
09/05 12:58:30.922: [pfcp] INFO: pfcp_server() [172.22.0.5]:8805 (../lib/pfcp/path.c:30)
09/05 12:58:30.923: [app] INFO: SGW-C initialize...done (../src/sgwc/app.c:31)
09/05 12:58:30.974: [sgwc] INFO: PFCP associated [172.22.0.6]:8805 (../src/sgwc/pfcp-sm.c:167)
09/05 12:58:33.427: [sgwc] WARNING: PFCP[RSP] has already been associated [172.22.0.6]:8805 (../src/sgwc/pfcp-sm.c:265)
Open5GS daemon v2.7.5-24-g8e286b6

09/05 13:05:54.481: [app] INFO: Configuration: '/open5gs/install/etc/open5gs/sgwc.yaml' (../lib/app/ogs-init.c:144)
09/05 13:05:54.481: [app] INFO: File Logging: '/open5gs/install/var/log/open5gs/sgwc.log' (../lib/app/ogs-init.c:147)
09/05 13:05:54.548: [gtp] INFO: gtp_server() [172.22.0.5]:2123 (../lib/gtp/path.c:30)
09/05 13:05:54.548: [pfcp] INFO: pfcp_server() [172.22.0.5]:8805 (../lib/pfcp/path.c:30)
09/05 13:05:54.550: [app] INFO: SGW-C initialize...done (../src/sgwc/app.c:31)
09/05 13:05:54.595: [sgwc] INFO: PFCP associated [172.22.0.6]:8805 (../src/sgwc/pfcp-sm.c:167)
09/05 13:05:57.052: [sgwc] WARNING: PFCP[RSP] has already been associated [172.22.0.6]:8805 (../src/sgwc/pfcp-sm.c:265)
Open5GS daemon v2.7.5-24-g8e286b6

09/05 13:18:27.958: [app] INFO: Configuration: '/open5gs/install/etc/open5gs/sgwc.yaml' (../lib/app/ogs-init.c:144)
09/05 13:18:27.958: [app] INFO: File Logging: '/open5gs/install/var/log/open5gs/sgwc.log' (../lib/app/ogs-init.c:147)
09/05 13:18:28.038: [gtp] INFO: gtp_server() [172.22.0.5]:2123 (../lib/gtp/path.c:30)
09/05 13:18:28.038: [pfcp] INFO: pfcp_server() [172.22.0.5]:8805 (../lib/pfcp/path.c:30)
09/05 13:18:28.039: [app] INFO: SGW-C initialize...done (../src/sgwc/app.c:31)
09/05 13:18:28.107: [sgwc] INFO: PFCP associated [172.22.0.6]:8805 (../src/sgwc/pfcp-sm.c:167)
09/05 13:18:30.542: [sgwc] WARNING: PFCP[RSP] has already been associated [172.22.0.6]:8805 (../src/sgwc/pfcp-sm.c:265)
09/05 13:19:51.538: [sgwc] INFO: [Added] Number of SGWC-UEs is now 1 (../src/sgwc/context.c:239)
09/05 13:19:51.538: [sgwc] INFO: [Added] Number of SGWC-Sessions is now 1 (../src/sgwc/context.c:924)
09/05 13:19:51.538: [sgwc] INFO: UE IMSI[001011234567895] APN[internet] (../src/sgwc/s11-handler.c:268)
09/05 13:19:51.540: [gtp] INFO: gtp_connect() [172.22.0.7]:2123 (../lib/gtp/path.c:60)
09/05 13:19:51.542: [sgwc] ERROR: No GTP TEID [Cause:100] (../src/sgwc/s5c-handler.c:143)
09/05 13:19:51.542: [sgwc] ERROR: No PDN Address Allocation [Cause:100] (../src/sgwc/s5c-handler.c:147)
09/05 13:20:22.596: [sgwc] INFO: [Removed] Number of SGWC-Sessions is now 0 (../src/sgwc/context.c:930)
09/05 13:20:22.596: [sgwc] INFO: [Removed] Number of SGWC-UEs is now 0 (../src/sgwc/context.c:260)
09/05 13:20:22.596: [sgwc] INFO: [Added] Number of SGWC-UEs is now 1 (../src/sgwc/context.c:239)
09/05 13:20:22.596: [sgwc] INFO: [Added] Number of SGWC-Sessions is now 1 (../src/sgwc/context.c:924)
09/05 13:20:22.596: [sgwc] INFO: UE IMSI[001011234567895] APN[internet] (../src/sgwc/s11-handler.c:268)
09/05 13:20:22.598: [sgwc] ERROR: No GTP TEID [Cause:100] (../src/sgwc/s5c-handler.c:143)
09/05 13:20:22.598: [sgwc] ERROR: No PDN Address Allocation [Cause:100] (../src/sgwc/s5c-handler.c:147)
09/05 13:20:23.214: [sgwc] INFO: [Removed] Number of SGWC-Sessions is now 0 (../src/sgwc/context.c:930)
09/05 13:20:23.214: [sgwc] INFO: [Removed] Number of SGWC-UEs is now 0 (../src/sgwc/context.c:260)
09/05 13:20:23.214: [sgwc] INFO: [Added] Number of SGWC-UEs is now 1 (../src/sgwc/context.c:239)
09/05 13:20:23.214: [sgwc] INFO: [Added] Number of SGWC-Sessions is now 1 (../src/sgwc/context.c:924)
09/05 13:20:23.214: [sgwc] INFO: UE IMSI[001011234567895] APN[internet] (../src/sgwc/s11-handler.c:268)
09/05 13:20:23.216: [sgwc] ERROR: No GTP TEID [Cause:100] (../src/sgwc/s5c-handler.c:143)
09/05 13:20:23.216: [sgwc] ERROR: No PDN Address Allocation [Cause:100] (../src/sgwc/s5c-handler.c:147)
09/05 13:20:54.976: [sgwc] INFO: [Removed] Number of SGWC-Sessions is now 0 (../src/sgwc/context.c:930)
09/05 13:20:54.976: [sgwc] INFO: [Removed] Number of SGWC-UEs is now 0 (../src/sgwc/context.c:260)
09/05 13:20:54.976: [sgwc] INFO: [Added] Number of SGWC-UEs is now 1 (../src/sgwc/context.c:239)
09/05 13:20:54.976: [sgwc] INFO: [Added] Number of SGWC-Sessions is now 1 (../src/sgwc/context.c:924)
09/05 13:20:54.976: [sgwc] INFO: UE IMSI[001011234567895] APN[internet] (../src/sgwc/s11-handler.c:268)
09/05 13:20:54.978: [sgwc] ERROR: No GTP TEID [Cause:100] (../src/sgwc/s5c-handler.c:143)
09/05 13:20:54.978: [sgwc] ERROR: No PDN Address Allocation [Cause:100] (../src/sgwc/s5c-handler.c:147)
09/05 13:20:55.634: [sgwc] INFO: [Removed] Number of SGWC-Sessions is now 0 (../src/sgwc/context.c:930)
09/05 13:20:55.634: [sgwc] INFO: [Removed] Number of SGWC-UEs is now 0 (../src/sgwc/context.c:260)
09/05 13:20:55.634: [sgwc] INFO: [Added] Number of SGWC-UEs is now 1 (../src/sgwc/context.c:239)
09/05 13:20:55.634: [sgwc] INFO: [Added] Number of SGWC-Sessions is now 1 (../src/sgwc/context.c:924)
09/05 13:20:55.634: [sgwc] INFO: UE IMSI[001011234567895] APN[internet] (../src/sgwc/s11-handler.c:268)
09/05 13:20:55.635: [sgwc] ERROR: No GTP TEID [Cause:100] (../src/sgwc/s5c-handler.c:143)
09/05 13:20:55.635: [sgwc] ERROR: No PDN Address Allocation [Cause:100] (../src/sgwc/s5c-handler.c:147)
09/05 13:20:56.292: [sgwc] INFO: [Removed] Number of SGWC-Sessions is now 0 (../src/sgwc/context.c:930)
09/05 13:20:56.292: [sgwc] INFO: [Removed] Number of SGWC-UEs is now 0 (../src/sgwc/context.c:260)
09/05 13:20:56.292: [sgwc] INFO: [Added] Number of SGWC-UEs is now 1 (../src/sgwc/context.c:239)
09/05 13:20:56.292: [sgwc] INFO: [Added] Number of SGWC-Sessions is now 1 (../src/sgwc/context.c:924)
09/05 13:20:56.292: [sgwc] INFO: UE IMSI[001011234567895] APN[internet] (../src/sgwc/s11-handler.c:268)
09/05 13:20:56.293: [sgwc] ERROR: No GTP TEID [Cause:100] (../src/sgwc/s5c-handler.c:143)
09/05 13:20:56.293: [sgwc] ERROR: No PDN Address Allocation [Cause:100] (../src/sgwc/s5c-handler.c:147)
09/05 13:20:56.954: [sgwc] INFO: [Removed] Number of SGWC-Sessions is now 0 (../src/sgwc/context.c:930)
09/05 13:20:56.954: [sgwc] INFO: [Removed] Number of SGWC-UEs is now 0 (../src/sgwc/context.c:260)
09/05 13:20:56.954: [sgwc] INFO: [Added] Number of SGWC-UEs is now 1 (../src/sgwc/context.c:239)
09/05 13:20:56.954: [sgwc] INFO: [Added] Number of SGWC-Sessions is now 1 (../src/sgwc/context.c:924)
09/05 13:20:56.954: [sgwc] INFO: UE IMSI[001011234567895] APN[internet] (../src/sgwc/s11-handler.c:268)
09/05 13:20:56.955: [sgwc] ERROR: No GTP TEID [Cause:100] (../src/sgwc/s5c-handler.c:143)
09/05 13:20:56.955: [sgwc] ERROR: No PDN Address Allocation [Cause:100] (../src/sgwc/s5c-handler.c:147)
09/05 13:20:57.857: [sgwc] INFO: [Removed] Number of SGWC-Sessions is now 0 (../src/sgwc/context.c:930)
09/05 13:20:57.857: [sgwc] INFO: [Removed] Number of SGWC-UEs is now 0 (../src/sgwc/context.c:260)
09/05 13:20:57.857: [sgwc] INFO: [Added] Number of SGWC-UEs is now 1 (../src/sgwc/context.c:239)
09/05 13:20:57.857: [sgwc] INFO: [Added] Number of SGWC-Sessions is now 1 (../src/sgwc/context.c:924)
09/05 13:20:57.857: [sgwc] INFO: UE IMSI[001011234567895] APN[internet] (../src/sgwc/s11-handler.c:268)
09/05 13:20:57.858: [sgwc] ERROR: No GTP TEID [Cause:100] (../src/sgwc/s5c-handler.c:143)
09/05 13:20:57.858: [sgwc] ERROR: No PDN Address Allocation [Cause:100] (../src/sgwc/s5c-handler.c:147)
Open5GS daemon v2.7.5-24-g8e286b6

09/05 14:00:34.926: [app] INFO: Configuration: '/open5gs/install/etc/open5gs/sgwc.yaml' (../lib/app/ogs-init.c:144)
09/05 14:00:34.926: [app] INFO: File Logging: '/open5gs/install/var/log/open5gs/sgwc.log' (../lib/app/ogs-init.c:147)
09/05 14:00:35.000: [gtp] INFO: gtp_server() [172.22.0.5]:2123 (../lib/gtp/path.c:30)
09/05 14:00:35.000: [pfcp] INFO: pfcp_server() [172.22.0.5]:8805 (../lib/pfcp/path.c:30)
09/05 14:00:35.001: [app] INFO: SGW-C initialize...done (../src/sgwc/app.c:31)
09/05 14:00:35.050: [sgwc] INFO: PFCP associated [172.22.0.6]:8805 (../src/sgwc/pfcp-sm.c:167)
09/05 14:00:37.504: [sgwc] WARNING: PFCP[RSP] has already been associated [172.22.0.6]:8805 (../src/sgwc/pfcp-sm.c:265)
Open5GS daemon v2.7.5-24-g8e286b6

09/05 14:05:30.830: [app] INFO: Configuration: '/open5gs/install/etc/open5gs/sgwc.yaml' (../lib/app/ogs-init.c:144)
09/05 14:05:30.830: [app] INFO: File Logging: '/open5gs/install/var/log/open5gs/sgwc.log' (../lib/app/ogs-init.c:147)
09/05 14:05:30.917: [gtp] INFO: gtp_server() [172.22.0.5]:2123 (../lib/gtp/path.c:30)
09/05 14:05:30.917: [pfcp] INFO: pfcp_server() [172.22.0.5]:8805 (../lib/pfcp/path.c:30)
09/05 14:05:30.918: [app] INFO: SGW-C initialize...done (../src/sgwc/app.c:31)
09/05 14:05:30.924: [sgwc] INFO: PFCP associated [172.22.0.6]:8805 (../src/sgwc/pfcp-sm.c:167)
09/05 14:05:33.421: [sgwc] WARNING: PFCP[RSP] has already been associated [172.22.0.6]:8805 (../src/sgwc/pfcp-sm.c:265)
09/05 14:09:49.454: [sgwc] INFO: [Added] Number of SGWC-UEs is now 1 (../src/sgwc/context.c:239)
09/05 14:09:49.454: [sgwc] INFO: [Added] Number of SGWC-Sessions is now 1 (../src/sgwc/context.c:924)
09/05 14:09:49.454: [sgwc] INFO: UE IMSI[001011234567895] APN[internet] (../src/sgwc/s11-handler.c:268)
09/05 14:09:49.458: [gtp] INFO: gtp_connect() [172.22.0.7]:2123 (../lib/gtp/path.c:60)
09/05 14:09:49.460: [sgwc] ERROR: No GTP TEID [Cause:100] (../src/sgwc/s5c-handler.c:143)
09/05 14:09:49.460: [sgwc] ERROR: No PDN Address Allocation [Cause:100] (../src/sgwc/s5c-handler.c:147)
09/05 14:09:50.082: [sgwc] INFO: [Removed] Number of SGWC-Sessions is now 0 (../src/sgwc/context.c:930)
09/05 14:09:50.082: [sgwc] INFO: [Removed] Number of SGWC-UEs is now 0 (../src/sgwc/context.c:260)
09/05 14:09:50.082: [sgwc] INFO: [Added] Number of SGWC-UEs is now 1 (../src/sgwc/context.c:239)
09/05 14:09:50.082: [sgwc] INFO: [Added] Number of SGWC-Sessions is now 1 (../src/sgwc/context.c:924)
09/05 14:09:50.082: [sgwc] INFO: UE IMSI[001011234567895] APN[internet] (../src/sgwc/s11-handler.c:268)
09/05 14:09:50.085: [sgwc] ERROR: No GTP TEID [Cause:100] (../src/sgwc/s5c-handler.c:143)
09/05 14:09:50.085: [sgwc] ERROR: No PDN Address Allocation [Cause:100] (../src/sgwc/s5c-handler.c:147)
09/05 14:10:21.136: [sgwc] INFO: [Removed] Number of SGWC-Sessions is now 0 (../src/sgwc/context.c:930)
09/05 14:10:21.136: [sgwc] INFO: [Removed] Number of SGWC-UEs is now 0 (../src/sgwc/context.c:260)
09/05 14:10:21.136: [sgwc] INFO: [Added] Number of SGWC-UEs is now 1 (../src/sgwc/context.c:239)
09/05 14:10:21.136: [sgwc] INFO: [Added] Number of SGWC-Sessions is now 1 (../src/sgwc/context.c:924)
09/05 14:10:21.136: [sgwc] INFO: UE IMSI[001011234567895] APN[internet] (../src/sgwc/s11-handler.c:268)
09/05 14:10:21.138: [sgwc] ERROR: No GTP TEID [Cause:100] (../src/sgwc/s5c-handler.c:143)
09/05 14:10:21.138: [sgwc] ERROR: No PDN Address Allocation [Cause:100] (../src/sgwc/s5c-handler.c:147)
09/05 14:10:52.249: [sgwc] INFO: [Removed] Number of SGWC-Sessions is now 0 (../src/sgwc/context.c:930)
09/05 14:10:52.249: [sgwc] INFO: [Removed] Number of SGWC-UEs is now 0 (../src/sgwc/context.c:260)
09/05 14:10:52.249: [sgwc] INFO: [Added] Number of SGWC-UEs is now 1 (../src/sgwc/context.c:239)
09/05 14:10:52.249: [sgwc] INFO: [Added] Number of SGWC-Sessions is now 1 (../src/sgwc/context.c:924)
09/05 14:10:52.249: [sgwc] INFO: UE IMSI[001011234567895] APN[internet] (../src/sgwc/s11-handler.c:268)
09/05 14:10:52.251: [sgwc] ERROR: No GTP TEID [Cause:100] (../src/sgwc/s5c-handler.c:143)
09/05 14:10:52.251: [sgwc] ERROR: No PDN Address Allocation [Cause:100] (../src/sgwc/s5c-handler.c:147)
09/05 14:10:52.895: [sgwc] INFO: [Removed] Number of SGWC-Sessions is now 0 (../src/sgwc/context.c:930)
09/05 14:10:52.895: [sgwc] INFO: [Removed] Number of SGWC-UEs is now 0 (../src/sgwc/context.c:260)
09/05 14:10:52.895: [sgwc] INFO: [Added] Number of SGWC-UEs is now 1 (../src/sgwc/context.c:239)
09/05 14:10:52.895: [sgwc] INFO: [Added] Number of SGWC-Sessions is now 1 (../src/sgwc/context.c:924)
09/05 14:10:52.895: [sgwc] INFO: UE IMSI[001011234567895] APN[internet] (../src/sgwc/s11-handler.c:268)
09/05 14:10:52.897: [sgwc] ERROR: No GTP TEID [Cause:100] (../src/sgwc/s5c-handler.c:143)
09/05 14:10:52.897: [sgwc] ERROR: No PDN Address Allocation [Cause:100] (../src/sgwc/s5c-handler.c:147)
09/05 14:11:24.182: [sgwc] INFO: [Removed] Number of SGWC-Sessions is now 0 (../src/sgwc/context.c:930)
09/05 14:11:24.182: [sgwc] INFO: [Removed] Number of SGWC-UEs is now 0 (../src/sgwc/context.c:260)
09/05 14:11:24.182: [sgwc] INFO: [Added] Number of SGWC-UEs is now 1 (../src/sgwc/context.c:239)
09/05 14:11:24.182: [sgwc] INFO: [Added] Number of SGWC-Sessions is now 1 (../src/sgwc/context.c:924)
09/05 14:11:24.182: [sgwc] INFO: UE IMSI[001011234567895] APN[internet] (../src/sgwc/s11-handler.c:268)
09/05 14:11:24.184: [sgwc] ERROR: No GTP TEID [Cause:100] (../src/sgwc/s5c-handler.c:143)
09/05 14:11:24.184: [sgwc] ERROR: No PDN Address Allocation [Cause:100] (../src/sgwc/s5c-handler.c:147)
09/05 14:11:55.521: [sgwc] INFO: [Removed] Number of SGWC-Sessions is now 0 (../src/sgwc/context.c:930)
09/05 14:11:55.521: [sgwc] INFO: [Removed] Number of SGWC-UEs is now 0 (../src/sgwc/context.c:260)
09/05 14:11:55.521: [sgwc] INFO: [Added] Number of SGWC-UEs is now 1 (../src/sgwc/context.c:239)
09/05 14:11:55.521: [sgwc] INFO: [Added] Number of SGWC-Sessions is now 1 (../src/sgwc/context.c:924)
09/05 14:11:55.521: [sgwc] INFO: UE IMSI[001011234567895] APN[internet] (../src/sgwc/s11-handler.c:268)
09/05 14:11:55.523: [sgwc] ERROR: No GTP TEID [Cause:100] (../src/sgwc/s5c-handler.c:143)
09/05 14:11:55.523: [sgwc] ERROR: No PDN Address Allocation [Cause:100] (../src/sgwc/s5c-handler.c:147)
09/05 14:11:56.169: [sgwc] INFO: [Removed] Number of SGWC-Sessions is now 0 (../src/sgwc/context.c:930)
09/05 14:11:56.169: [sgwc] INFO: [Removed] Number of SGWC-UEs is now 0 (../src/sgwc/context.c:260)
09/05 14:11:56.169: [sgwc] INFO: [Added] Number of SGWC-UEs is now 1 (../src/sgwc/context.c:239)
09/05 14:11:56.169: [sgwc] INFO: [Added] Number of SGWC-Sessions is now 1 (../src/sgwc/context.c:924)
09/05 14:11:56.169: [sgwc] INFO: UE IMSI[001011234567895] APN[internet] (../src/sgwc/s11-handler.c:268)
09/05 14:11:56.171: [sgwc] ERROR: No GTP TEID [Cause:100] (../src/sgwc/s5c-handler.c:143)
09/05 14:11:56.171: [sgwc] ERROR: No PDN Address Allocation [Cause:100] (../src/sgwc/s5c-handler.c:147)
09/05 14:12:45.640: [sgwc] INFO: [Removed] Number of SGWC-Sessions is now 0 (../src/sgwc/context.c:930)
09/05 14:12:45.641: [sgwc] INFO: [Removed] Number of SGWC-UEs is now 0 (../src/sgwc/context.c:260)
09/05 14:12:45.641: [sgwc] INFO: [Added] Number of SGWC-UEs is now 1 (../src/sgwc/context.c:239)
09/05 14:12:45.641: [sgwc] INFO: [Added] Number of SGWC-Sessions is now 1 (../src/sgwc/context.c:924)
09/05 14:12:45.641: [sgwc] INFO: UE IMSI[001011234567895] APN[internet] (../src/sgwc/s11-handler.c:268)
09/05 14:12:45.642: [sgwc] ERROR: No GTP TEID [Cause:100] (../src/sgwc/s5c-handler.c:143)
09/05 14:12:45.642: [sgwc] ERROR: No PDN Address Allocation [Cause:100] (../src/sgwc/s5c-handler.c:147)
09/05 14:21:34.918: [sgwc] INFO: [Removed] Number of SGWC-Sessions is now 0 (../src/sgwc/context.c:930)
09/05 14:21:34.918: [sgwc] INFO: [Removed] Number of SGWC-UEs is now 0 (../src/sgwc/context.c:260)
09/05 14:21:34.918: [sgwc] INFO: [Added] Number of SGWC-UEs is now 1 (../src/sgwc/context.c:239)
09/05 14:21:34.918: [sgwc] INFO: [Added] Number of SGWC-Sessions is now 1 (../src/sgwc/context.c:924)
09/05 14:21:34.918: [sgwc] INFO: UE IMSI[001011234567895] APN[internet] (../src/sgwc/s11-handler.c:268)
09/05 14:21:34.921: [sgwc] ERROR: No GTP TEID [Cause:100] (../src/sgwc/s5c-handler.c:143)
09/05 14:21:34.921: [sgwc] ERROR: No PDN Address Allocation [Cause:100] (../src/sgwc/s5c-handler.c:147)
09/05 14:21:35.579: [sgwc] INFO: [Removed] Number of SGWC-Sessions is now 0 (../src/sgwc/context.c:930)
09/05 14:21:35.579: [sgwc] INFO: [Removed] Number of SGWC-UEs is now 0 (../src/sgwc/context.c:260)
09/05 14:21:35.579: [sgwc] INFO: [Added] Number of SGWC-UEs is now 1 (../src/sgwc/context.c:239)
09/05 14:21:35.579: [sgwc] INFO: [Added] Number of SGWC-Sessions is now 1 (../src/sgwc/context.c:924)
09/05 14:21:35.579: [sgwc] INFO: UE IMSI[001011234567895] APN[internet] (../src/sgwc/s11-handler.c:268)
09/05 14:21:35.581: [sgwc] ERROR: No GTP TEID [Cause:100] (../src/sgwc/s5c-handler.c:143)
09/05 14:21:35.581: [sgwc] ERROR: No PDN Address Allocation [Cause:100] (../src/sgwc/s5c-handler.c:147)
09/05 14:22:06.778: [sgwc] INFO: [Removed] Number of SGWC-Sessions is now 0 (../src/sgwc/context.c:930)
09/05 14:22:06.778: [sgwc] INFO: [Removed] Number of SGWC-UEs is now 0 (../src/sgwc/context.c:260)
09/05 14:22:06.778: [sgwc] INFO: [Added] Number of SGWC-UEs is now 1 (../src/sgwc/context.c:239)
09/05 14:22:06.778: [sgwc] INFO: [Added] Number of SGWC-Sessions is now 1 (../src/sgwc/context.c:924)
09/05 14:22:06.778: [sgwc] INFO: UE IMSI[001011234567895] APN[internet] (../src/sgwc/s11-handler.c:268)
09/05 14:22:06.780: [sgwc] ERROR: No GTP TEID [Cause:100] (../src/sgwc/s5c-handler.c:143)
09/05 14:22:06.780: [sgwc] ERROR: No PDN Address Allocation [Cause:100] (../src/sgwc/s5c-handler.c:147)
09/05 14:22:38.049: [sgwc] INFO: [Removed] Number of SGWC-Sessions is now 0 (../src/sgwc/context.c:930)
09/05 14:22:38.049: [sgwc] INFO: [Removed] Number of SGWC-UEs is now 0 (../src/sgwc/context.c:260)
09/05 14:22:38.049: [sgwc] INFO: [Added] Number of SGWC-UEs is now 1 (../src/sgwc/context.c:239)
09/05 14:22:38.049: [sgwc] INFO: [Added] Number of SGWC-Sessions is now 1 (../src/sgwc/context.c:924)
09/05 14:22:38.049: [sgwc] INFO: UE IMSI[001011234567895] APN[internet] (../src/sgwc/s11-handler.c:268)
09/05 14:22:38.050: [sgwc] ERROR: No GTP TEID [Cause:100] (../src/sgwc/s5c-handler.c:143)
09/05 14:22:38.050: [sgwc] ERROR: No PDN Address Allocation [Cause:100] (../src/sgwc/s5c-handler.c:147)
Open5GS daemon v2.7.5-24-g8e286b6

09/05 14:55:06.789: [app] INFO: Configuration: '/open5gs/install/etc/open5gs/sgwc.yaml' (../lib/app/ogs-init.c:144)
09/05 14:55:06.789: [app] INFO: File Logging: '/open5gs/install/var/log/open5gs/sgwc.log' (../lib/app/ogs-init.c:147)
09/05 14:55:06.874: [gtp] INFO: gtp_server() [172.22.0.5]:2123 (../lib/gtp/path.c:30)
09/05 14:55:06.874: [pfcp] INFO: pfcp_server() [172.22.0.5]:8805 (../lib/pfcp/path.c:30)
09/05 14:55:06.875: [app] INFO: SGW-C initialize...done (../src/sgwc/app.c:31)
09/05 14:55:06.876: [sgwc] INFO: PFCP associated [172.22.0.6]:8805 (../src/sgwc/pfcp-sm.c:167)
09/05 14:55:09.332: [sgwc] WARNING: PFCP[REQ] has already been associated [172.22.0.6]:8805 (../src/sgwc/pfcp-sm.c:259)
09/05 14:55:48.397: [sgwc] INFO: [Added] Number of SGWC-UEs is now 1 (../src/sgwc/context.c:239)
09/05 14:55:48.398: [sgwc] INFO: [Added] Number of SGWC-Sessions is now 1 (../src/sgwc/context.c:924)
09/05 14:55:48.398: [sgwc] INFO: UE IMSI[001011234567895] APN[internet] (../src/sgwc/s11-handler.c:268)
09/05 14:55:48.399: [gtp] INFO: gtp_connect() [172.22.0.7]:2123 (../lib/gtp/path.c:60)
09/05 14:55:48.400: [sgwc] ERROR: No GTP TEID [Cause:100] (../src/sgwc/s5c-handler.c:143)
09/05 14:55:48.400: [sgwc] ERROR: No PDN Address Allocation [Cause:100] (../src/sgwc/s5c-handler.c:147)
09/05 14:56:19.918: [sgwc] INFO: [Removed] Number of SGWC-Sessions is now 0 (../src/sgwc/context.c:930)
09/05 14:56:19.918: [sgwc] INFO: [Removed] Number of SGWC-UEs is now 0 (../src/sgwc/context.c:260)
09/05 14:56:19.918: [sgwc] INFO: [Added] Number of SGWC-UEs is now 1 (../src/sgwc/context.c:239)
09/05 14:56:19.918: [sgwc] INFO: [Added] Number of SGWC-Sessions is now 1 (../src/sgwc/context.c:924)
09/05 14:56:19.918: [sgwc] INFO: UE IMSI[001011234567895] APN[internet] (../src/sgwc/s11-handler.c:268)
09/05 14:56:19.920: [sgwc] ERROR: No GTP TEID [Cause:100] (../src/sgwc/s5c-handler.c:143)
09/05 14:56:19.920: [sgwc] ERROR: No PDN Address Allocation [Cause:100] (../src/sgwc/s5c-handler.c:147)
09/05 14:56:20.549: [sgwc] INFO: [Removed] Number of SGWC-Sessions is now 0 (../src/sgwc/context.c:930)
09/05 14:56:20.549: [sgwc] INFO: [Removed] Number of SGWC-UEs is now 0 (../src/sgwc/context.c:260)
09/05 14:56:20.549: [sgwc] INFO: [Added] Number of SGWC-UEs is now 1 (../src/sgwc/context.c:239)
09/05 14:56:20.549: [sgwc] INFO: [Added] Number of SGWC-Sessions is now 1 (../src/sgwc/context.c:924)
09/05 14:56:20.549: [sgwc] INFO: UE IMSI[001011234567895] APN[internet] (../src/sgwc/s11-handler.c:268)
09/05 14:56:20.551: [sgwc] ERROR: No GTP TEID [Cause:100] (../src/sgwc/s5c-handler.c:143)
09/05 14:56:20.551: [sgwc] ERROR: No PDN Address Allocation [Cause:100] (../src/sgwc/s5c-handler.c:147)
09/05 14:56:52.178: [sgwc] INFO: [Removed] Number of SGWC-Sessions is now 0 (../src/sgwc/context.c:930)
09/05 14:56:52.178: [sgwc] INFO: [Removed] Number of SGWC-UEs is now 0 (../src/sgwc/context.c:260)
09/05 14:56:52.178: [sgwc] INFO: [Added] Number of SGWC-UEs is now 1 (../src/sgwc/context.c:239)
09/05 14:56:52.178: [sgwc] INFO: [Added] Number of SGWC-Sessions is now 1 (../src/sgwc/context.c:924)
09/05 14:56:52.178: [sgwc] INFO: UE IMSI[001011234567895] APN[internet] (../src/sgwc/s11-handler.c:268)
09/05 14:56:52.180: [sgwc] ERROR: No GTP TEID [Cause:100] (../src/sgwc/s5c-handler.c:143)
09/05 14:56:52.180: [sgwc] ERROR: No PDN Address Allocation [Cause:100] (../src/sgwc/s5c-handler.c:147)
09/05 14:56:52.822: [sgwc] INFO: [Removed] Number of SGWC-Sessions is now 0 (../src/sgwc/context.c:930)
09/05 14:56:52.822: [sgwc] INFO: [Removed] Number of SGWC-UEs is now 0 (../src/sgwc/context.c:260)
09/05 14:56:52.822: [sgwc] INFO: [Added] Number of SGWC-UEs is now 1 (../src/sgwc/context.c:239)
09/05 14:56:52.822: [sgwc] INFO: [Added] Number of SGWC-Sessions is now 1 (../src/sgwc/context.c:924)
09/05 14:56:52.822: [sgwc] INFO: UE IMSI[001011234567895] APN[internet] (../src/sgwc/s11-handler.c:268)
09/05 14:56:52.823: [sgwc] ERROR: No GTP TEID [Cause:100] (../src/sgwc/s5c-handler.c:143)
09/05 14:56:52.823: [sgwc] ERROR: No PDN Address Allocation [Cause:100] (../src/sgwc/s5c-handler.c:147)
09/05 14:57:24.572: [sgwc] INFO: [Removed] Number of SGWC-Sessions is now 0 (../src/sgwc/context.c:930)
09/05 14:57:24.572: [sgwc] INFO: [Removed] Number of SGWC-UEs is now 0 (../src/sgwc/context.c:260)
09/05 14:57:24.572: [sgwc] INFO: [Added] Number of SGWC-UEs is now 1 (../src/sgwc/context.c:239)
09/05 14:57:24.572: [sgwc] INFO: [Added] Number of SGWC-Sessions is now 1 (../src/sgwc/context.c:924)
09/05 14:57:24.572: [sgwc] INFO: UE IMSI[001011234567895] APN[internet] (../src/sgwc/s11-handler.c:268)
09/05 14:57:24.573: [sgwc] ERROR: No GTP TEID [Cause:100] (../src/sgwc/s5c-handler.c:143)
09/05 14:57:24.573: [sgwc] ERROR: No PDN Address Allocation [Cause:100] (../src/sgwc/s5c-handler.c:147)
09/05 14:57:56.340: [sgwc] INFO: [Removed] Number of SGWC-Sessions is now 0 (../src/sgwc/context.c:930)
09/05 14:57:56.340: [sgwc] INFO: [Removed] Number of SGWC-UEs is now 0 (../src/sgwc/context.c:260)
09/05 14:57:56.340: [sgwc] INFO: [Added] Number of SGWC-UEs is now 1 (../src/sgwc/context.c:239)
09/05 14:57:56.340: [sgwc] INFO: [Added] Number of SGWC-Sessions is now 1 (../src/sgwc/context.c:924)
09/05 14:57:56.340: [sgwc] INFO: UE IMSI[001011234567895] APN[internet] (../src/sgwc/s11-handler.c:268)
09/05 14:57:56.342: [sgwc] ERROR: No GTP TEID [Cause:100] (../src/sgwc/s5c-handler.c:143)
09/05 14:57:56.342: [sgwc] ERROR: No PDN Address Allocation [Cause:100] (../src/sgwc/s5c-handler.c:147)
09/05 14:57:56.974: [sgwc] INFO: [Removed] Number of SGWC-Sessions is now 0 (../src/sgwc/context.c:930)
09/05 14:57:56.974: [sgwc] INFO: [Removed] Number of SGWC-UEs is now 0 (../src/sgwc/context.c:260)
09/05 14:57:56.974: [sgwc] INFO: [Added] Number of SGWC-UEs is now 1 (../src/sgwc/context.c:239)
09/05 14:57:56.974: [sgwc] INFO: [Added] Number of SGWC-Sessions is now 1 (../src/sgwc/context.c:924)
09/05 14:57:56.974: [sgwc] INFO: UE IMSI[001011234567895] APN[internet] (../src/sgwc/s11-handler.c:268)
09/05 14:57:56.976: [sgwc] ERROR: No GTP TEID [Cause:100] (../src/sgwc/s5c-handler.c:143)
09/05 14:57:56.976: [sgwc] ERROR: No PDN Address Allocation [Cause:100] (../src/sgwc/s5c-handler.c:147)
09/05 15:13:12.587: [sgwc] INFO: [Removed] Number of SGWC-Sessions is now 0 (../src/sgwc/context.c:930)
09/05 15:13:12.588: [sgwc] INFO: [Removed] Number of SGWC-UEs is now 0 (../src/sgwc/context.c:260)
09/05 15:13:12.588: [sgwc] INFO: [Added] Number of SGWC-UEs is now 1 (../src/sgwc/context.c:239)
09/05 15:13:12.588: [sgwc] INFO: [Added] Number of SGWC-Sessions is now 1 (../src/sgwc/context.c:924)
09/05 15:13:12.588: [sgwc] INFO: UE IMSI[001011234567895] APN[internet] (../src/sgwc/s11-handler.c:268)
09/05 15:13:12.591: [sgwc] ERROR: No GTP TEID [Cause:100] (../src/sgwc/s5c-handler.c:143)
09/05 15:13:12.591: [sgwc] ERROR: No PDN Address Allocation [Cause:100] (../src/sgwc/s5c-handler.c:147)
09/05 15:13:44.441: [sgwc] INFO: [Removed] Number of SGWC-Sessions is now 0 (../src/sgwc/context.c:930)
09/05 15:13:44.441: [sgwc] INFO: [Removed] Number of SGWC-UEs is now 0 (../src/sgwc/context.c:260)
09/05 15:13:44.441: [sgwc] INFO: [Added] Number of SGWC-UEs is now 1 (../src/sgwc/context.c:239)
09/05 15:13:44.441: [sgwc] INFO: [Added] Number of SGWC-Sessions is now 1 (../src/sgwc/context.c:924)
09/05 15:13:44.441: [sgwc] INFO: UE IMSI[001011234567895] APN[internet] (../src/sgwc/s11-handler.c:268)
09/05 15:13:44.444: [sgwc] ERROR: No GTP TEID [Cause:100] (../src/sgwc/s5c-handler.c:143)
09/05 15:13:44.444: [sgwc] ERROR: No PDN Address Allocation [Cause:100] (../src/sgwc/s5c-handler.c:147)
09/05 15:14:15.978: [sgwc] INFO: [Removed] Number of SGWC-Sessions is now 0 (../src/sgwc/context.c:930)
09/05 15:14:15.978: [sgwc] INFO: [Removed] Number of SGWC-UEs is now 0 (../src/sgwc/context.c:260)
09/05 15:14:15.978: [sgwc] INFO: [Added] Number of SGWC-UEs is now 1 (../src/sgwc/context.c:239)
09/05 15:14:15.978: [sgwc] INFO: [Added] Number of SGWC-Sessions is now 1 (../src/sgwc/context.c:924)
09/05 15:14:15.978: [sgwc] INFO: UE IMSI[001011234567895] APN[internet] (../src/sgwc/s11-handler.c:268)
09/05 15:14:15.980: [sgwc] ERROR: No GTP TEID [Cause:100] (../src/sgwc/s5c-handler.c:143)
09/05 15:14:15.981: [sgwc] ERROR: No PDN Address Allocation [Cause:100] (../src/sgwc/s5c-handler.c:147)
09/05 15:14:47.205: [sgwc] INFO: [Removed] Number of SGWC-Sessions is now 0 (../src/sgwc/context.c:930)
09/05 15:14:47.205: [sgwc] INFO: [Removed] Number of SGWC-UEs is now 0 (../src/sgwc/context.c:260)
09/05 15:14:47.205: [sgwc] INFO: [Added] Number of SGWC-UEs is now 1 (../src/sgwc/context.c:239)
09/05 15:14:47.205: [sgwc] INFO: [Added] Number of SGWC-Sessions is now 1 (../src/sgwc/context.c:924)
09/05 15:14:47.205: [sgwc] INFO: UE IMSI[001011234567895] APN[internet] (../src/sgwc/s11-handler.c:268)
09/05 15:14:47.207: [sgwc] ERROR: No GTP TEID [Cause:100] (../src/sgwc/s5c-handler.c:143)
09/05 15:14:47.207: [sgwc] ERROR: No PDN Address Allocation [Cause:100] (../src/sgwc/s5c-handler.c:147)
09/05 15:14:47.824: [sgwc] INFO: [Removed] Number of SGWC-Sessions is now 0 (../src/sgwc/context.c:930)
09/05 15:14:47.824: [sgwc] INFO: [Removed] Number of SGWC-UEs is now 0 (../src/sgwc/context.c:260)
09/05 15:14:47.824: [sgwc] INFO: [Added] Number of SGWC-UEs is now 1 (../src/sgwc/context.c:239)
09/05 15:14:47.824: [sgwc] INFO: [Added] Number of SGWC-Sessions is now 1 (../src/sgwc/context.c:924)
09/05 15:14:47.824: [sgwc] INFO: UE IMSI[001011234567895] APN[internet] (../src/sgwc/s11-handler.c:268)
09/05 15:14:47.826: [sgwc] ERROR: No GTP TEID [Cause:100] (../src/sgwc/s5c-handler.c:143)
09/05 15:14:47.826: [sgwc] ERROR: No PDN Address Allocation [Cause:100] (../src/sgwc/s5c-handler.c:147)
09/05 15:15:19.015: [sgwc] INFO: [Removed] Number of SGWC-Sessions is now 0 (../src/sgwc/context.c:930)
09/05 15:15:19.015: [sgwc] INFO: [Removed] Number of SGWC-UEs is now 0 (../src/sgwc/context.c:260)
09/05 15:15:19.015: [sgwc] INFO: [Added] Number of SGWC-UEs is now 1 (../src/sgwc/context.c:239)
09/05 15:15:19.015: [sgwc] INFO: [Added] Number of SGWC-Sessions is now 1 (../src/sgwc/context.c:924)
09/05 15:15:19.015: [sgwc] INFO: UE IMSI[001011234567895] APN[internet] (../src/sgwc/s11-handler.c:268)
09/05 15:15:19.016: [sgwc] ERROR: No GTP TEID [Cause:100] (../src/sgwc/s5c-handler.c:143)
09/05 15:15:19.016: [sgwc] ERROR: No PDN Address Allocation [Cause:100] (../src/sgwc/s5c-handler.c:147)
09/05 15:30:32.393: [sgwc] INFO: [Removed] Number of SGWC-Sessions is now 0 (../src/sgwc/context.c:930)
09/05 15:30:32.393: [sgwc] INFO: [Removed] Number of SGWC-UEs is now 0 (../src/sgwc/context.c:260)
09/05 15:30:32.393: [sgwc] INFO: [Added] Number of SGWC-UEs is now 1 (../src/sgwc/context.c:239)
09/05 15:30:32.393: [sgwc] INFO: [Added] Number of SGWC-Sessions is now 1 (../src/sgwc/context.c:924)
09/05 15:30:32.393: [sgwc] INFO: UE IMSI[001011234567895] APN[internet] (../src/sgwc/s11-handler.c:268)
09/05 15:30:32.395: [sgwc] ERROR: No GTP TEID [Cause:100] (../src/sgwc/s5c-handler.c:143)
09/05 15:30:32.395: [sgwc] ERROR: No PDN Address Allocation [Cause:100] (../src/sgwc/s5c-handler.c:147)
09/05 15:30:33.056: [sgwc] INFO: [Removed] Number of SGWC-Sessions is now 0 (../src/sgwc/context.c:930)
09/05 15:30:33.057: [sgwc] INFO: [Removed] Number of SGWC-UEs is now 0 (../src/sgwc/context.c:260)
09/05 15:30:33.057: [sgwc] INFO: [Added] Number of SGWC-UEs is now 1 (../src/sgwc/context.c:239)
09/05 15:30:33.057: [sgwc] INFO: [Added] Number of SGWC-Sessions is now 1 (../src/sgwc/context.c:924)
09/05 15:30:33.057: [sgwc] INFO: UE IMSI[001011234567895] APN[internet] (../src/sgwc/s11-handler.c:268)
09/05 15:30:33.059: [sgwc] ERROR: No GTP TEID [Cause:100] (../src/sgwc/s5c-handler.c:143)
09/05 15:30:33.059: [sgwc] ERROR: No PDN Address Allocation [Cause:100] (../src/sgwc/s5c-handler.c:147)
09/05 15:31:04.677: [sgwc] INFO: [Removed] Number of SGWC-Sessions is now 0 (../src/sgwc/context.c:930)
09/05 15:31:04.677: [sgwc] INFO: [Removed] Number of SGWC-UEs is now 0 (../src/sgwc/context.c:260)
09/05 15:31:04.677: [sgwc] INFO: [Added] Number of SGWC-UEs is now 1 (../src/sgwc/context.c:239)
09/05 15:31:04.677: [sgwc] INFO: [Added] Number of SGWC-Sessions is now 1 (../src/sgwc/context.c:924)
09/05 15:31:04.677: [sgwc] INFO: UE IMSI[001011234567895] APN[internet] (../src/sgwc/s11-handler.c:268)
09/05 15:31:04.679: [sgwc] ERROR: No GTP TEID [Cause:100] (../src/sgwc/s5c-handler.c:143)
09/05 15:31:04.679: [sgwc] ERROR: No PDN Address Allocation [Cause:100] (../src/sgwc/s5c-handler.c:147)
09/05 15:31:36.145: [sgwc] INFO: [Removed] Number of SGWC-Sessions is now 0 (../src/sgwc/context.c:930)
09/05 15:31:36.145: [sgwc] INFO: [Removed] Number of SGWC-UEs is now 0 (../src/sgwc/context.c:260)
09/05 15:31:36.145: [sgwc] INFO: [Added] Number of SGWC-UEs is now 1 (../src/sgwc/context.c:239)
09/05 15:31:36.145: [sgwc] INFO: [Added] Number of SGWC-Sessions is now 1 (../src/sgwc/context.c:924)
09/05 15:31:36.145: [sgwc] INFO: UE IMSI[001011234567895] APN[internet] (../src/sgwc/s11-handler.c:268)
09/05 15:31:36.147: [sgwc] ERROR: No GTP TEID [Cause:100] (../src/sgwc/s5c-handler.c:143)
09/05 15:31:36.147: [sgwc] ERROR: No PDN Address Allocation [Cause:100] (../src/sgwc/s5c-handler.c:147)
09/05 15:32:07.930: [sgwc] INFO: [Removed] Number of SGWC-Sessions is now 0 (../src/sgwc/context.c:930)
09/05 15:32:07.930: [sgwc] INFO: [Removed] Number of SGWC-UEs is now 0 (../src/sgwc/context.c:260)
09/05 15:32:07.930: [sgwc] INFO: [Added] Number of SGWC-UEs is now 1 (../src/sgwc/context.c:239)
09/05 15:32:07.930: [sgwc] INFO: [Added] Number of SGWC-Sessions is now 1 (../src/sgwc/context.c:924)
09/05 15:32:07.930: [sgwc] INFO: UE IMSI[001011234567895] APN[internet] (../src/sgwc/s11-handler.c:268)
09/05 15:32:07.932: [sgwc] ERROR: No GTP TEID [Cause:100] (../src/sgwc/s5c-handler.c:143)
09/05 15:32:07.932: [sgwc] ERROR: No PDN Address Allocation [Cause:100] (../src/sgwc/s5c-handler.c:147)
09/05 15:32:08.554: [sgwc] INFO: [Removed] Number of SGWC-Sessions is now 0 (../src/sgwc/context.c:930)
09/05 15:32:08.554: [sgwc] INFO: [Removed] Number of SGWC-UEs is now 0 (../src/sgwc/context.c:260)
09/05 15:32:08.554: [sgwc] INFO: [Added] Number of SGWC-UEs is now 1 (../src/sgwc/context.c:239)
09/05 15:32:08.554: [sgwc] INFO: [Added] Number of SGWC-Sessions is now 1 (../src/sgwc/context.c:924)
09/05 15:32:08.554: [sgwc] INFO: UE IMSI[001011234567895] APN[internet] (../src/sgwc/s11-handler.c:268)
09/05 15:32:08.556: [sgwc] ERROR: No GTP TEID [Cause:100] (../src/sgwc/s5c-handler.c:143)
09/05 15:32:08.556: [sgwc] ERROR: No PDN Address Allocation [Cause:100] (../src/sgwc/s5c-handler.c:147)
09/05 15:32:40.488: [sgwc] INFO: [Removed] Number of SGWC-Sessions is now 0 (../src/sgwc/context.c:930)
09/05 15:32:40.488: [sgwc] INFO: [Removed] Number of SGWC-UEs is now 0 (../src/sgwc/context.c:260)
09/05 15:32:40.488: [sgwc] INFO: [Added] Number of SGWC-UEs is now 1 (../src/sgwc/context.c:239)
09/05 15:32:40.488: [sgwc] INFO: [Added] Number of SGWC-Sessions is now 1 (../src/sgwc/context.c:924)
09/05 15:32:40.488: [sgwc] INFO: UE IMSI[001011234567895] APN[internet] (../src/sgwc/s11-handler.c:268)
09/05 15:32:40.490: [sgwc] ERROR: No GTP TEID [Cause:100] (../src/sgwc/s5c-handler.c:143)
09/05 15:32:40.490: [sgwc] ERROR: No PDN Address Allocation [Cause:100] (../src/sgwc/s5c-handler.c:147)
Open5GS daemon v2.7.5-24-g8e286b6

09/05 15:39:22.543: [app] INFO: Configuration: '/open5gs/install/etc/open5gs/sgwc.yaml' (../lib/app/ogs-init.c:144)
09/05 15:39:22.543: [app] INFO: File Logging: '/open5gs/install/var/log/open5gs/sgwc.log' (../lib/app/ogs-init.c:147)
09/05 15:39:22.752: [gtp] INFO: gtp_server() [172.22.0.5]:2123 (../lib/gtp/path.c:30)
09/05 15:39:22.753: [pfcp] INFO: pfcp_server() [172.22.0.5]:8805 (../lib/pfcp/path.c:30)
09/05 15:39:22.754: [app] INFO: SGW-C initialize...done (../src/sgwc/app.c:31)
09/05 15:39:22.856: [sgwc] INFO: PFCP associated [172.22.0.6]:8805 (../src/sgwc/pfcp-sm.c:167)
09/05 15:39:25.257: [sgwc] WARNING: PFCP[RSP] has already been associated [172.22.0.6]:8805 (../src/sgwc/pfcp-sm.c:265)
09/05 15:40:27.342: [sgwc] INFO: [Added] Number of SGWC-UEs is now 1 (../src/sgwc/context.c:239)
09/05 15:40:27.342: [sgwc] INFO: [Added] Number of SGWC-Sessions is now 1 (../src/sgwc/context.c:924)
09/05 15:40:27.342: [sgwc] INFO: UE IMSI[001011234567895] APN[internet] (../src/sgwc/s11-handler.c:268)
09/05 15:40:27.344: [gtp] INFO: gtp_connect() [172.22.0.7]:2123 (../lib/gtp/path.c:60)
09/05 15:56:25.482: [sgwc] INFO: [Removed] Number of SGWC-Sessions is now 0 (../src/sgwc/context.c:930)
Open5GS daemon v2.7.5-24-g8e286b6

09/06 01:14:32.937: [app] INFO: Configuration: '/open5gs/install/etc/open5gs/sgwc.yaml' (../lib/app/ogs-init.c:144)
09/06 01:14:32.937: [app] INFO: File Logging: '/open5gs/install/var/log/open5gs/sgwc.log' (../lib/app/ogs-init.c:147)
09/06 01:14:33.054: [gtp] INFO: gtp_server() [172.22.0.5]:2123 (../lib/gtp/path.c:30)
09/06 01:14:33.054: [pfcp] INFO: pfcp_server() [172.22.0.5]:8805 (../lib/pfcp/path.c:30)
09/06 01:14:33.056: [app] INFO: SGW-C initialize...done (../src/sgwc/app.c:31)
09/06 01:14:33.105: [sgwc] INFO: PFCP associated [172.22.0.6]:8805 (../src/sgwc/pfcp-sm.c:167)
09/06 01:14:35.559: [sgwc] WARNING: PFCP[RSP] has already been associated [172.22.0.6]:8805 (../src/sgwc/pfcp-sm.c:265)
09/06 01:15:52.723: [sgwc] INFO: [Added] Number of SGWC-UEs is now 1 (../src/sgwc/context.c:239)
09/06 01:15:52.724: [sgwc] INFO: [Added] Number of SGWC-Sessions is now 1 (../src/sgwc/context.c:924)
09/06 01:15:52.724: [sgwc] INFO: UE IMSI[001011234567895] APN[internet] (../src/sgwc/s11-handler.c:268)
09/06 01:15:52.726: [gtp] INFO: gtp_connect() [172.22.0.7]:2123 (../lib/gtp/path.c:60)
09/06 01:15:52.730: [sgwc] ERROR: No GTP TEID [Cause:100] (../src/sgwc/s5c-handler.c:143)
09/06 01:15:52.730: [sgwc] ERROR: No PDN Address Allocation [Cause:100] (../src/sgwc/s5c-handler.c:147)
09/06 01:16:24.002: [sgwc] INFO: [Removed] Number of SGWC-Sessions is now 0 (../src/sgwc/context.c:930)
09/06 01:16:24.002: [sgwc] INFO: [Removed] Number of SGWC-UEs is now 0 (../src/sgwc/context.c:260)
09/06 01:16:24.002: [sgwc] INFO: [Added] Number of SGWC-UEs is now 1 (../src/sgwc/context.c:239)
09/06 01:16:24.002: [sgwc] INFO: [Added] Number of SGWC-Sessions is now 1 (../src/sgwc/context.c:924)
09/06 01:16:24.002: [sgwc] INFO: UE IMSI[001011234567895] APN[internet] (../src/sgwc/s11-handler.c:268)
09/06 01:16:24.003: [sgwc] ERROR: No GTP TEID [Cause:100] (../src/sgwc/s5c-handler.c:143)
09/06 01:16:24.003: [sgwc] ERROR: No PDN Address Allocation [Cause:100] (../src/sgwc/s5c-handler.c:147)
09/06 01:16:55.414: [sgwc] INFO: [Removed] Number of SGWC-Sessions is now 0 (../src/sgwc/context.c:930)
09/06 01:16:55.414: [sgwc] INFO: [Removed] Number of SGWC-UEs is now 0 (../src/sgwc/context.c:260)
09/06 01:16:55.414: [sgwc] INFO: [Added] Number of SGWC-UEs is now 1 (../src/sgwc/context.c:239)
09/06 01:16:55.414: [sgwc] INFO: [Added] Number of SGWC-Sessions is now 1 (../src/sgwc/context.c:924)
09/06 01:16:55.415: [sgwc] INFO: UE IMSI[001011234567895] APN[internet] (../src/sgwc/s11-handler.c:268)
09/06 01:16:55.416: [sgwc] ERROR: No GTP TEID [Cause:100] (../src/sgwc/s5c-handler.c:143)
09/06 01:16:55.416: [sgwc] ERROR: No PDN Address Allocation [Cause:100] (../src/sgwc/s5c-handler.c:147)
09/06 01:16:56.050: [sgwc] INFO: [Removed] Number of SGWC-Sessions is now 0 (../src/sgwc/context.c:930)
09/06 01:16:56.050: [sgwc] INFO: [Removed] Number of SGWC-UEs is now 0 (../src/sgwc/context.c:260)
09/06 01:16:56.050: [sgwc] INFO: [Added] Number of SGWC-UEs is now 1 (../src/sgwc/context.c:239)
09/06 01:16:56.050: [sgwc] INFO: [Added] Number of SGWC-Sessions is now 1 (../src/sgwc/context.c:924)
09/06 01:16:56.050: [sgwc] INFO: UE IMSI[001011234567895] APN[internet] (../src/sgwc/s11-handler.c:268)
09/06 01:16:56.052: [sgwc] ERROR: No GTP TEID [Cause:100] (../src/sgwc/s5c-handler.c:143)
09/06 01:16:56.052: [sgwc] ERROR: No PDN Address Allocation [Cause:100] (../src/sgwc/s5c-handler.c:147)
09/06 01:16:56.627: [sgwc] INFO: [Removed] Number of SGWC-Sessions is now 0 (../src/sgwc/context.c:930)
09/06 01:16:56.627: [sgwc] INFO: [Removed] Number of SGWC-UEs is now 0 (../src/sgwc/context.c:260)
09/06 01:16:56.627: [sgwc] INFO: [Added] Number of SGWC-UEs is now 1 (../src/sgwc/context.c:239)
09/06 01:16:56.627: [sgwc] INFO: [Added] Number of SGWC-Sessions is now 1 (../src/sgwc/context.c:924)
09/06 01:16:56.627: [sgwc] INFO: UE IMSI[001011234567895] APN[internet] (../src/sgwc/s11-handler.c:268)
09/06 01:16:56.629: [sgwc] ERROR: No GTP TEID [Cause:100] (../src/sgwc/s5c-handler.c:143)
09/06 01:16:56.629: [sgwc] ERROR: No PDN Address Allocation [Cause:100] (../src/sgwc/s5c-handler.c:147)
09/06 01:17:28.013: [sgwc] INFO: [Removed] Number of SGWC-Sessions is now 0 (../src/sgwc/context.c:930)
09/06 01:17:28.013: [sgwc] INFO: [Removed] Number of SGWC-UEs is now 0 (../src/sgwc/context.c:260)
09/06 01:17:28.013: [sgwc] INFO: [Added] Number of SGWC-UEs is now 1 (../src/sgwc/context.c:239)
09/06 01:17:28.013: [sgwc] INFO: [Added] Number of SGWC-Sessions is now 1 (../src/sgwc/context.c:924)
09/06 01:17:28.013: [sgwc] INFO: UE IMSI[001011234567895] APN[internet] (../src/sgwc/s11-handler.c:268)
09/06 01:17:28.015: [sgwc] ERROR: No GTP TEID [Cause:100] (../src/sgwc/s5c-handler.c:143)
09/06 01:17:28.015: [sgwc] ERROR: No PDN Address Allocation [Cause:100] (../src/sgwc/s5c-handler.c:147)
09/06 01:17:28.631: [sgwc] INFO: [Removed] Number of SGWC-Sessions is now 0 (../src/sgwc/context.c:930)
09/06 01:17:28.631: [sgwc] INFO: [Removed] Number of SGWC-UEs is now 0 (../src/sgwc/context.c:260)
09/06 01:17:28.631: [sgwc] INFO: [Added] Number of SGWC-UEs is now 1 (../src/sgwc/context.c:239)
09/06 01:17:28.631: [sgwc] INFO: [Added] Number of SGWC-Sessions is now 1 (../src/sgwc/context.c:924)
09/06 01:17:28.632: [sgwc] INFO: UE IMSI[001011234567895] APN[internet] (../src/sgwc/s11-handler.c:268)
09/06 01:17:28.633: [sgwc] ERROR: No GTP TEID [Cause:100] (../src/sgwc/s5c-handler.c:143)
09/06 01:17:28.633: [sgwc] ERROR: No PDN Address Allocation [Cause:100] (../src/sgwc/s5c-handler.c:147)
09/06 01:18:00.894: [sgwc] INFO: [Removed] Number of SGWC-Sessions is now 0 (../src/sgwc/context.c:930)
09/06 01:18:00.894: [sgwc] INFO: [Removed] Number of SGWC-UEs is now 0 (../src/sgwc/context.c:260)
09/06 01:18:00.894: [sgwc] INFO: [Added] Number of SGWC-UEs is now 1 (../src/sgwc/context.c:239)
09/06 01:18:00.894: [sgwc] INFO: [Added] Number of SGWC-Sessions is now 1 (../src/sgwc/context.c:924)
09/06 01:18:00.894: [sgwc] INFO: UE IMSI[001011234567895] APN[internet] (../src/sgwc/s11-handler.c:268)
09/06 01:18:00.896: [sgwc] ERROR: No GTP TEID [Cause:100] (../src/sgwc/s5c-handler.c:143)
09/06 01:18:00.897: [sgwc] ERROR: No PDN Address Allocation [Cause:100] (../src/sgwc/s5c-handler.c:147)
09/06 01:24:12.642: [sgwc] INFO: [Removed] Number of SGWC-Sessions is now 0 (../src/sgwc/context.c:930)
09/06 01:24:12.642: [sgwc] INFO: [Removed] Number of SGWC-UEs is now 0 (../src/sgwc/context.c:260)
09/06 01:24:12.642: [sgwc] INFO: [Added] Number of SGWC-UEs is now 1 (../src/sgwc/context.c:239)
09/06 01:24:12.642: [sgwc] INFO: [Added] Number of SGWC-Sessions is now 1 (../src/sgwc/context.c:924)
09/06 01:24:12.642: [sgwc] INFO: UE IMSI[001011234567895] APN[internet] (../src/sgwc/s11-handler.c:268)
09/06 01:24:12.644: [sgwc] ERROR: No GTP TEID [Cause:100] (../src/sgwc/s5c-handler.c:143)
09/06 01:24:12.644: [sgwc] ERROR: No PDN Address Allocation [Cause:100] (../src/sgwc/s5c-handler.c:147)
Open5GS daemon v2.7.5-24-g8e286b6

09/06 01:27:50.166: [app] INFO: Configuration: '/open5gs/install/etc/open5gs/sgwc.yaml' (../lib/app/ogs-init.c:144)
09/06 01:27:50.166: [app] INFO: File Logging: '/open5gs/install/var/log/open5gs/sgwc.log' (../lib/app/ogs-init.c:147)
09/06 01:27:50.269: [gtp] INFO: gtp_server() [172.22.0.5]:2123 (../lib/gtp/path.c:30)
09/06 01:27:50.269: [pfcp] INFO: pfcp_server() [172.22.0.5]:8805 (../lib/pfcp/path.c:30)
09/06 01:27:50.270: [app] INFO: SGW-C initialize...done (../src/sgwc/app.c:31)
09/06 01:27:50.271: [sgwc] INFO: PFCP associated [172.22.0.6]:8805 (../src/sgwc/pfcp-sm.c:167)
09/06 01:27:53.669: [sgwc] WARNING: PFCP[REQ] has already been associated [172.22.0.6]:8805 (../src/sgwc/pfcp-sm.c:259)
09/06 01:29:17.285: [sgwc] INFO: [Added] Number of SGWC-UEs is now 1 (../src/sgwc/context.c:239)
09/06 01:29:17.285: [sgwc] INFO: [Added] Number of SGWC-Sessions is now 1 (../src/sgwc/context.c:924)
09/06 01:29:17.285: [sgwc] INFO: UE IMSI[001011234567895] APN[internet] (../src/sgwc/s11-handler.c:268)
09/06 01:29:17.287: [gtp] INFO: gtp_connect() [172.22.0.7]:2123 (../lib/gtp/path.c:60)
09/06 01:32:36.365: [sgwc] INFO: [Removed] Number of SGWC-Sessions is now 0 (../src/sgwc/context.c:930)
Open5GS daemon v2.7.5-24-g8e286b6

09/06 01:34:46.390: [app] INFO: Configuration: '/open5gs/install/etc/open5gs/sgwc.yaml' (../lib/app/ogs-init.c:144)
09/06 01:34:46.390: [app] INFO: File Logging: '/open5gs/install/var/log/open5gs/sgwc.log' (../lib/app/ogs-init.c:147)
09/06 01:34:46.488: [gtp] INFO: gtp_server() [172.22.0.5]:2123 (../lib/gtp/path.c:30)
09/06 01:34:46.488: [pfcp] INFO: pfcp_server() [172.22.0.5]:8805 (../lib/pfcp/path.c:30)
09/06 01:34:46.489: [app] INFO: SGW-C initialize...done (../src/sgwc/app.c:31)
09/06 01:34:46.539: [sgwc] INFO: PFCP associated [172.22.0.6]:8805 (../src/sgwc/pfcp-sm.c:167)
09/06 01:34:48.992: [sgwc] WARNING: PFCP[RSP] has already been associated [172.22.0.6]:8805 (../src/sgwc/pfcp-sm.c:265)
09/06 01:36:11.024: [sgwc] INFO: [Added] Number of SGWC-UEs is now 1 (../src/sgwc/context.c:239)
09/06 01:36:11.024: [sgwc] INFO: [Added] Number of SGWC-Sessions is now 1 (../src/sgwc/context.c:924)
09/06 01:36:11.024: [sgwc] INFO: UE IMSI[001011234567895] APN[internet] (../src/sgwc/s11-handler.c:268)
09/06 01:36:11.025: [gtp] INFO: gtp_connect() [172.22.0.7]:2123 (../lib/gtp/path.c:60)
09/06 01:44:08.074: [sgwc] INFO: [Removed] Number of SGWC-Sessions is now 0 (../src/sgwc/context.c:930)
Open5GS daemon v2.7.5-24-g8e286b6

09/06 12:06:55.395: [app] INFO: Configuration: '/open5gs/install/etc/open5gs/sgwc.yaml' (../lib/app/ogs-init.c:144)
09/06 12:06:55.395: [app] INFO: File Logging: '/open5gs/install/var/log/open5gs/sgwc.log' (../lib/app/ogs-init.c:147)
09/06 12:06:55.474: [gtp] INFO: gtp_server() [172.22.0.5]:2123 (../lib/gtp/path.c:30)
09/06 12:06:55.474: [pfcp] INFO: pfcp_server() [172.22.0.5]:8805 (../lib/pfcp/path.c:30)
09/06 12:06:55.475: [app] INFO: SGW-C initialize...done (../src/sgwc/app.c:31)
09/06 12:06:55.525: [sgwc] INFO: PFCP associated [172.22.0.6]:8805 (../src/sgwc/pfcp-sm.c:167)
09/06 12:06:57.984: [sgwc] WARNING: PFCP[RSP] has already been associated [172.22.0.6]:8805 (../src/sgwc/pfcp-sm.c:265)
