Deploying component: 'hss'
ln: failed to create symbolic link '/usr/bin/mongosh': File exists
.................++++++++++++++++++++++++++++++++++++++++++++++++++++++++++++++++
............................++++++++++++++++++++++++++++++++++++++++++++++++++++++++++++++++
-----
Using configuration from /usr/lib/ssl/openssl.cnf
4067FF98E6780000:error:0700006C:configuration file routines:NCONF_get_string:no value:../crypto/conf/conf_lib.c:315:group=<NULL> name=unique_subject
Check that the request matches the signature
Signature ok
Certificate Details:
        Serial Number: 1 (0x1)
        Validity
            Not Before: Apr 17 22:37:20 2026 GMT
            Not After : Apr 14 22:37:20 2036 GMT
        Subject:
            countryName               = KO
            stateOrProvinceName       = Seoul
            organizationName          = Open5GS
            organizationalUnitName    = Tests
            commonName                = hss.epc.mnc001.mcc001.3gppnetwork.org
        X509v3 extensions:
            X509v3 Basic Constraints: 
                CA:FALSE
            X509v3 Subject Key Identifier: 
                21:DA:FB:B0:56:E3:A2:B8:02:2E:4A:92:43:9C:36:17:93:8F:E9:D1
            X509v3 Authority Key Identifier: 
                64:FE:92:A6:12:27:90:F6:EA:7D:24:D2:C8:E6:2C:E8:DA:E7:3C:3D
Certificate is to be certified until Apr 14 22:37:20 2036 GMT (3650 days)

Write out database with 1 new entries
Data Base Updated
Open5GS daemon v2.7.6-131-g782a97e

[32m04/17 17:37:30.323[0m: [[33mapp[0m] [1;32mINFO[0m: Configuration: '/open5gs/install/etc/open5gs/hss.yaml' (../lib/app/ogs-init.c:144)
[32m04/17 17:37:30.323[0m: [[33mapp[0m] [1;32mINFO[0m: File Logging: '/open5gs/install/var/log/open5gs/hss.log' (../lib/app/ogs-init.c:147)
[32m04/17 17:37:30.326[0m: [[33mdbi[0m] [1;32mINFO[0m: MongoDB URI: 'mongodb://172.22.0.2/open5gs' (../lib/dbi/ogs-mongoc.c:130)
[32m04/17 17:37:30.362[0m: [[33mapp[0m] [1;32mINFO[0m: Polling freeDiameter stats every 60000000 usecs (../lib/diameter/common/stats.c:77)
[32m04/17 17:37:30.362[0m: [[33mapp[0m] [1;32mINFO[0m: HSS initialize...done (../src/hss/app-init.c:31)
[32m04/17 17:37:30.364[0m: [[33mdiam[0m] [1;32mINFO[0m: CONNECTED TO 'mme.epc.mnc001.mcc001.3gppnetwork.org' (SCTP,soc#16): (../lib/diameter/common/logger.c:81)
