Deploying component: 'pcrf'
..........++++++++++++++++++++++++++++++++++++++++++++++++++++++++++++++++
..........................................................++++++++++++++++++++++++++++++++++++++++++++++++++++++++++++++++
-----
Using configuration from /usr/lib/ssl/openssl.cnf
4047A86F1E780000:error:0700006C:configuration file routines:NCONF_get_string:no value:../crypto/conf/conf_lib.c:315:group=<NULL> name=unique_subject
Check that the request matches the signature
Signature ok
Certificate Details:
        Serial Number: 1 (0x1)
        Validity
            Not Before: Apr 17 22:37:20 2026 GMT
            Not After : Apr 14 22:37:20 2036 GMT
        Subject:
            countryName               = KO
            stateOrProvinceName       = Seoul
            organizationName          = Open5GS
            organizationalUnitName    = Tests
            commonName                = pcrf.epc.mnc001.mcc001.3gppnetwork.org
        X509v3 extensions:
            X509v3 Basic Constraints: 
                CA:FALSE
            X509v3 Subject Key Identifier: 
                88:20:9F:57:D2:76:5B:56:67:93:3F:17:7E:77:C9:1D:60:A9:60:92
            X509v3 Authority Key Identifier: 
                CB:74:8F:DE:62:6E:42:49:09:3A:E1:18:31:AF:A4:5D:2F:19:0E:5B
Certificate is to be certified until Apr 14 22:37:20 2036 GMT (3650 days)

Write out database with 1 new entries
Data Base Updated
Open5GS daemon v2.7.6-131-g782a97e

[32m04/17 17:37:30.340[0m: [[33mapp[0m] [1;32mINFO[0m: Configuration: '/open5gs/install/etc/open5gs/pcrf.yaml' (../lib/app/ogs-init.c:144)
[32m04/17 17:37:30.340[0m: [[33mapp[0m] [1;32mINFO[0m: File Logging: '/open5gs/install/var/log/open5gs/pcrf.log' (../lib/app/ogs-init.c:147)
[32m04/17 17:37:30.342[0m: [[33mmetrics[0m] [1;32mINFO[0m: metrics_server() [http://172.22.0.4]:9091 (../lib/metrics/prometheus/context.c:392)
[32m04/17 17:37:30.343[0m: [[33mdbi[0m] [1;32mINFO[0m: MongoDB URI: 'mongodb://172.22.0.2/open5gs' (../lib/dbi/ogs-mongoc.c:130)
[32m04/17 17:37:30.430[0m: [[33mapp[0m] [1;32mINFO[0m: Polling freeDiameter stats every 60000000 usecs (../lib/diameter/common/stats.c:77)
[32m04/17 17:37:30.430[0m: [[33mapp[0m] [1;32mINFO[0m: PCRF initialize...done (../src/pcrf/app-init.c:31)
[32m04/17 17:37:30.432[0m: [[33mdiam[0m] [1;32mINFO[0m: CONNECTED TO 'smf.epc.mnc001.mcc001.3gppnetwork.org' (SCTP,soc#17): (../lib/diameter/common/logger.c:81)
