Deploying component: 'smf'
.................++++++++++++++++++++++++++++++++++++++++++++++++++++++++++++++++
...................++++++++++++++++++++++++++++++++++++++++++++++++++++++++++++++++
-----
Using configuration from /usr/lib/ssl/openssl.cnf
4077FB426B7C0000:error:0700006C:configuration file routines:NCONF_get_string:no value:../crypto/conf/conf_lib.c:315:group=<NULL> name=unique_subject
Check that the request matches the signature
Signature ok
Certificate Details:
        Serial Number: 1 (0x1)
        Validity
            Not Before: Apr 17 22:37:20 2026 GMT
            Not After : Apr 14 22:37:20 2036 GMT
        Subject:
            countryName               = KO
            stateOrProvinceName       = Seoul
            organizationName          = Open5GS
            organizationalUnitName    = Tests
            commonName                = mme.epc.mnc001.mcc001.3gppnetwork.org
        X509v3 extensions:
            X509v3 Basic Constraints: 
                CA:FALSE
            X509v3 Subject Key Identifier: 
                70:14:B5:72:B7:55:0A:56:C9:23:0B:8F:CC:CE:D2:4E:C1:B4:1C:01
            X509v3 Authority Key Identifier: 
                9C:5E:B7:72:57:A9:44:86:1C:9D:3D:86:A3:28:5D:E0:90:1E:32:2B
Certificate is to be certified until Apr 14 22:37:20 2036 GMT (3650 days)

Write out database with 1 new entries
Data Base Updated
Using configuration from /usr/lib/ssl/openssl.cnf
Check that the request matches the signature
Signature ok
Certificate Details:
        Serial Number: 2 (0x2)
        Validity
            Not Before: Apr 17 22:37:20 2026 GMT
            Not After : Apr 14 22:37:20 2036 GMT
        Subject:
            countryName               = KO
            stateOrProvinceName       = Seoul
            organizationName          = Open5GS
            organizationalUnitName    = Tests
            commonName                = hss.epc.mnc001.mcc001.3gppnetwork.org
        X509v3 extensions:
            X509v3 Basic Constraints: 
                CA:FALSE
            X509v3 Subject Key Identifier: 
                28:12:79:4C:EA:40:D5:93:54:86:0B:17:98:45:4D:63:20:90:2D:4A
            X509v3 Authority Key Identifier: 
                9C:5E:B7:72:57:A9:44:86:1C:9D:3D:86:A3:28:5D:E0:90:1E:32:2B
Certificate is to be certified until Apr 14 22:37:20 2036 GMT (3650 days)

Write out database with 1 new entries
Data Base Updated
Using configuration from /usr/lib/ssl/openssl.cnf
Check that the request matches the signature
Signature ok
Certificate Details:
        Serial Number: 3 (0x3)
        Validity
            Not Before: Apr 17 22:37:20 2026 GMT
            Not After : Apr 14 22:37:20 2036 GMT
        Subject:
            countryName               = KO
            stateOrProvinceName       = Seoul
            organizationName          = Open5GS
            organizationalUnitName    = Tests
            commonName                = smf.epc.mnc001.mcc001.3gppnetwork.org
        X509v3 extensions:
            X509v3 Basic Constraints: 
                CA:FALSE
            X509v3 Subject Key Identifier: 
                A0:78:B6:D3:BC:B4:F1:8A:42:52:45:BA:FF:38:B4:1C:FE:7C:DE:3E
            X509v3 Authority Key Identifier: 
                9C:5E:B7:72:57:A9:44:86:1C:9D:3D:86:A3:28:5D:E0:90:1E:32:2B
Certificate is to be certified until Apr 14 22:37:20 2036 GMT (3650 days)

Write out database with 1 new entries
Data Base Updated
Using configuration from /usr/lib/ssl/openssl.cnf
Check that the request matches the signature
Signature ok
Certificate Details:
        Serial Number: 4 (0x4)
        Validity
            Not Before: Apr 17 22:37:20 2026 GMT
            Not After : Apr 14 22:37:20 2036 GMT
        Subject:
            countryName               = KO
            stateOrProvinceName       = Seoul
            organizationName          = Open5GS
            organizationalUnitName    = Tests
            commonName                = pcrf.epc.mnc001.mcc001.3gppnetwork.org
        X509v3 extensions:
            X509v3 Basic Constraints: 
                CA:FALSE
            X509v3 Subject Key Identifier: 
                46:75:FA:72:EC:E5:28:78:62:5A:C0:44:E4:8D:E8:C5:62:2E:A7:A6
            X509v3 Authority Key Identifier: 
                9C:5E:B7:72:57:A9:44:86:1C:9D:3D:86:A3:28:5D:E0:90:1E:32:2B
Certificate is to be certified until Apr 14 22:37:20 2036 GMT (3650 days)

Write out database with 1 new entries
Data Base Updated
Open5GS daemon v2.7.6-131-g782a97e

[32m04/17 17:37:20.481[0m: [[33mapp[0m] [1;32mINFO[0m: Configuration: '/open5gs/install/etc/open5gs/smf.yaml' (../lib/app/ogs-init.c:144)
[32m04/17 17:37:20.481[0m: [[33mapp[0m] [1;32mINFO[0m: File Logging: '/open5gs/install/var/log/open5gs/smf.log' (../lib/app/ogs-init.c:147)
[32m04/17 17:37:20.567[0m: [[33mmetrics[0m] [1;32mINFO[0m: metrics_server() [http://172.22.0.7]:9091 (../lib/metrics/prometheus/context.c:392)
[32m04/17 17:37:20.644[0m: [[33mapp[0m] [1;32mINFO[0m: Polling freeDiameter stats every 60000000 usecs (../lib/diameter/common/stats.c:77)
[32m04/17 17:37:20.644[0m: [[33mgtp[0m] [1;32mINFO[0m: gtp_server() [172.22.0.7]:2123 (../lib/gtp/path.c:30)
[32m04/17 17:37:20.644[0m: [[33mgtp[0m] [1;32mINFO[0m: gtp_server() [172.22.0.7]:2152 (../lib/gtp/path.c:30)
[32m04/17 17:37:20.644[0m: [[33mpfcp[0m] [1;32mINFO[0m: pfcp_server() [172.22.0.7]:8805 (../lib/pfcp/path.c:30)
[32m04/17 17:37:20.645[0m: [[33mapp[0m] [1;32mINFO[0m: SMF initialize...done (../src/smf/app.c:31)
[32m04/17 17:37:20.737[0m: [[33msmf[0m] [1;32mINFO[0m: PFCP associated [172.22.0.8]:8805 (../src/smf/pfcp-sm.c:189)
[32m04/17 17:37:23.149[0m: [[33msmf[0m] [1;36mWARNING[0m: PFCP[RSP] has already been associated [172.22.0.8]:8805 (../src/smf/pfcp-sm.c:293)
[32m04/17 17:37:30.432[0m: [[33mdiam[0m] [1;32mINFO[0m: CONNECTED TO 'pcrf.epc.mnc001.mcc001.3gppnetwork.org' (SCTP,soc#8): (../lib/diameter/common/logger.c:81)
[32m04/17 17:41:58.995[0m: [[33msmf[0m] [1;32mINFO[0m: [Added] Number of SMF-UEs is now 1 (../src/smf/context.c:1069)
[32m04/17 17:41:58.995[0m: [[33msmf[0m] [1;32mINFO[0m: [Added] Number of SMF-Sessions is now 1 (../src/smf/context.c:3381)
[32m04/17 17:41:58.995[0m: [[33msmf[0m] [1;32mINFO[0m: UE IMSI[001011234567895] APN[internet] IPv4[192.168.100.2] IPv6[] (../src/smf/s5c-handler.c:311)
[32m04/17 17:41:58.998[0m: [[33mgtp[0m] [1;32mINFO[0m: gtp_connect() [172.22.0.8]:2152 (../lib/gtp/path.c:60)
[32m04/17 17:44:53.366[0m: [[33msmf[0m] [1;32mINFO[0m: Removed Session: UE IMSI:[001011234567895] DNN:[internet:0] IPv4:[192.168.100.2] IPv6:[] (../src/smf/context.c:1789)
[32m04/17 17:44:53.366[0m: [[33msmf[0m] [1;32mINFO[0m: [Removed] Number of SMF-Sessions is now 0 (../src/smf/context.c:3389)
[32m04/17 17:44:53.366[0m: [[33msmf[0m] [1;32mINFO[0m: [Removed] Number of SMF-UEs is now 0 (../src/smf/context.c:1133)
