Deploying component: 'smf'
..............................................................................................................................++++++++++++++++++++++++++++++++++++++++++++++++++++++++++++++++
...............++++++++++++++++++++++++++++++++++++++++++++++++++++++++++++++++
-----
Using configuration from /usr/lib/ssl/openssl.cnf
40272D581D790000:error:0700006C:configuration file routines:NCONF_get_string:no value:../crypto/conf/conf_lib.c:315:group=<NULL> name=unique_subject
Check that the request matches the signature
Signature ok
Certificate Details:
        Serial Number: 1 (0x1)
        Validity
            Not Before: Apr 17 22:57:35 2026 GMT
            Not After : Apr 14 22:57:35 2036 GMT
        Subject:
            countryName               = KO
            stateOrProvinceName       = Seoul
            organizationName          = Open5GS
            organizationalUnitName    = Tests
            commonName                = mme.epc.mnc001.mcc001.3gppnetwork.org
        X509v3 extensions:
            X509v3 Basic Constraints: 
                CA:FALSE
            X509v3 Subject Key Identifier: 
                1D:8A:DE:EF:E1:EC:E8:7C:DC:AC:D2:8A:B5:3C:FD:AA:F8:22:56:94
            X509v3 Authority Key Identifier: 
                E8:84:22:30:10:00:51:10:40:91:F4:E0:75:9E:0D:58:0E:37:E5:4E
Certificate is to be certified until Apr 14 22:57:35 2036 GMT (3650 days)

Write out database with 1 new entries
Data Base Updated
Using configuration from /usr/lib/ssl/openssl.cnf
Check that the request matches the signature
Signature ok
Certificate Details:
        Serial Number: 2 (0x2)
        Validity
            Not Before: Apr 17 22:57:35 2026 GMT
            Not After : Apr 14 22:57:35 2036 GMT
        Subject:
            countryName               = KO
            stateOrProvinceName       = Seoul
            organizationName          = Open5GS
            organizationalUnitName    = Tests
            commonName                = hss.epc.mnc001.mcc001.3gppnetwork.org
        X509v3 extensions:
            X509v3 Basic Constraints: 
                CA:FALSE
            X509v3 Subject Key Identifier: 
                64:0D:2A:A3:A8:F9:E5:3E:A9:17:89:22:1E:F9:B6:B2:D1:B1:4D:D5
            X509v3 Authority Key Identifier: 
                E8:84:22:30:10:00:51:10:40:91:F4:E0:75:9E:0D:58:0E:37:E5:4E
Certificate is to be certified until Apr 14 22:57:35 2036 GMT (3650 days)

Write out database with 1 new entries
Data Base Updated
Using configuration from /usr/lib/ssl/openssl.cnf
Check that the request matches the signature
Signature ok
Certificate Details:
        Serial Number: 3 (0x3)
        Validity
            Not Before: Apr 17 22:57:35 2026 GMT
            Not After : Apr 14 22:57:35 2036 GMT
        Subject:
            countryName               = KO
            stateOrProvinceName       = Seoul
            organizationName          = Open5GS
            organizationalUnitName    = Tests
            commonName                = smf.epc.mnc001.mcc001.3gppnetwork.org
        X509v3 extensions:
            X509v3 Basic Constraints: 
                CA:FALSE
            X509v3 Subject Key Identifier: 
                B2:22:29:20:E4:37:5B:F8:49:A6:D5:38:EF:54:00:CA:D0:20:13:15
            X509v3 Authority Key Identifier: 
                E8:84:22:30:10:00:51:10:40:91:F4:E0:75:9E:0D:58:0E:37:E5:4E
Certificate is to be certified until Apr 14 22:57:35 2036 GMT (3650 days)

Write out database with 1 new entries
Data Base Updated
Using configuration from /usr/lib/ssl/openssl.cnf
Check that the request matches the signature
Signature ok
Certificate Details:
        Serial Number: 4 (0x4)
        Validity
            Not Before: Apr 17 22:57:35 2026 GMT
            Not After : Apr 14 22:57:35 2036 GMT
        Subject:
            countryName               = KO
            stateOrProvinceName       = Seoul
            organizationName          = Open5GS
            organizationalUnitName    = Tests
            commonName                = pcrf.epc.mnc001.mcc001.3gppnetwork.org
        X509v3 extensions:
            X509v3 Basic Constraints: 
                CA:FALSE
            X509v3 Subject Key Identifier: 
                2A:ED:14:C2:58:58:C7:0B:C6:17:C7:15:3D:CD:76:D9:9F:F4:E1:F0
            X509v3 Authority Key Identifier: 
                E8:84:22:30:10:00:51:10:40:91:F4:E0:75:9E:0D:58:0E:37:E5:4E
Certificate is to be certified until Apr 14 22:57:35 2036 GMT (3650 days)

Write out database with 1 new entries
Data Base Updated
Open5GS daemon v2.7.6-131-g782a97e

[32m04/17 17:57:35.585[0m: [[33mapp[0m] [1;32mINFO[0m: Configuration: '/open5gs/install/etc/open5gs/smf.yaml' (../lib/app/ogs-init.c:144)
[32m04/17 17:57:35.585[0m: [[33mapp[0m] [1;32mINFO[0m: File Logging: '/open5gs/install/var/log/open5gs/smf.log' (../lib/app/ogs-init.c:147)
[32m04/17 17:57:35.643[0m: [[33msbi[0m] [1;32mINFO[0m: Setup NF EndPoint(addr) [172.22.0.12:7777] (../lib/sbi/context.c:451)
[32m04/17 17:57:35.644[0m: [[33msbi[0m] [1;32mINFO[0m: Setup NF EndPoint(addr) [172.22.0.35:7777] (../lib/sbi/context.c:499)
[32m04/17 17:57:35.644[0m: [[33mmetrics[0m] [1;32mINFO[0m: metrics_server() [http://172.22.0.7]:9091 (../lib/metrics/prometheus/context.c:392)
[32m04/17 17:57:35.680[0m: [[33mapp[0m] [1;32mINFO[0m: Polling freeDiameter stats every 60000000 usecs (../lib/diameter/common/stats.c:77)
[32m04/17 17:57:35.680[0m: [[33mgtp[0m] [1;32mINFO[0m: gtp_server() [172.22.0.7]:2123 (../lib/gtp/path.c:30)
[32m04/17 17:57:35.680[0m: [[33mgtp[0m] [1;32mINFO[0m: gtp_server() [172.22.0.7]:2152 (../lib/gtp/path.c:30)
[32m04/17 17:57:35.680[0m: [[33mpfcp[0m] [1;32mINFO[0m: pfcp_server() [172.22.0.7]:8805 (../lib/pfcp/path.c:30)
[32m04/17 17:57:35.681[0m: [[33msbi[0m] [1;32mINFO[0m: NF Service [nsmf-pdusession] (../lib/sbi/context.c:1985)
[32m04/17 17:57:35.681[0m: [[33msbi[0m] [1;32mINFO[0m: nghttp2_server() [http://172.22.0.7]:7777 (../lib/sbi/nghttp2-server.c:439)
[32m04/17 17:57:35.681[0m: [[33mapp[0m] [1;32mINFO[0m: SMF initialize...done (../src/smf/app.c:31)
[32m04/17 17:57:35.683[0m: [[33msbi[0m] [1;32mINFO[0m: [d326cd96-3ab0-41f1-84c9-2f24536c15a9] NF registered [Heartbeat:10s] (../lib/sbi/nf-sm.c:295)
[32m04/17 17:57:35.684[0m: [[33msbi[0m] [1;32mINFO[0m: Setup NF EndPoint(addr) [172.22.0.12:7777] (../lib/sbi/nnrf-handler.c:955)
[32m04/17 17:57:35.684[0m: [[33msbi[0m] [1;32mINFO[0m: [d32da3d2-3ab0-41f1-a8f0-a1f0801ddd60] Subscription created until 2026-04-18T17:57:35.683512-05:00 [duration:86400000000,validity:86400.000000,patch:43200.000000] (../lib/sbi/nnrf-handler.c:874)
[32m04/17 17:57:35.684[0m: [[33msbi[0m] [1;32mINFO[0m: Setup NF EndPoint(addr) [172.22.0.12:7777] (../lib/sbi/nnrf-handler.c:955)
[32m04/17 17:57:35.684[0m: [[33msbi[0m] [1;32mINFO[0m: [d32dab84-3ab0-41f1-a8f0-a1f0801ddd60] Subscription created until 2026-04-18T17:57:35.683696-05:00 [duration:86400000000,validity:86400.000000,patch:43200.000000] (../lib/sbi/nnrf-handler.c:874)
[32m04/17 17:57:35.684[0m: [[33msbi[0m] [1;32mINFO[0m: Setup NF EndPoint(addr) [172.22.0.12:7777] (../lib/sbi/nnrf-handler.c:955)
[32m04/17 17:57:35.684[0m: [[33msbi[0m] [1;32mINFO[0m: [d32dae18-3ab0-41f1-a8f0-a1f0801ddd60] Subscription created until 2026-04-18T17:57:35.683752-05:00 [duration:86400000000,validity:86400.000000,patch:43200.000000] (../lib/sbi/nnrf-handler.c:874)
[32m04/17 17:57:35.684[0m: [[33msbi[0m] [1;32mINFO[0m: Setup NF EndPoint(addr) [172.22.0.12:7777] (../lib/sbi/nnrf-handler.c:955)
[32m04/17 17:57:35.684[0m: [[33msbi[0m] [1;32mINFO[0m: [d32db520-3ab0-41f1-a8f0-a1f0801ddd60] Subscription created until 2026-04-18T17:57:35.683935-05:00 [duration:86400000000,validity:86400.000000,patch:43200.000000] (../lib/sbi/nnrf-handler.c:874)
[32m04/17 17:57:35.684[0m: [[33msbi[0m] [1;32mINFO[0m: Setup NF EndPoint(addr) [172.22.0.12:7777] (../lib/sbi/nnrf-handler.c:955)
[32m04/17 17:57:35.684[0m: [[33msbi[0m] [1;32mINFO[0m: [d32db714-3ab0-41f1-a8f0-a1f0801ddd60] Subscription created until 2026-04-18T17:57:35.683981-05:00 [duration:86400000000,validity:86400.000000,patch:43200.000000] (../lib/sbi/nnrf-handler.c:874)
[32m04/17 17:57:35.685[0m: [[33msbi[0m] [1;32mINFO[0m: [d2c4f364-3ab0-41f1-b4f9-43cd66ad47cc] (NRF-profile-get) NF registered (../lib/sbi/nf-sm.c:81)
[32m04/17 17:57:35.685[0m: [[33msbi[0m] [1;32mINFO[0m: Setup NF EndPoint(addr) [172.22.0.13:80] (../lib/sbi/context.c:2439)
[32m04/17 17:57:35.685[0m: [[33msbi[0m] [1;32mINFO[0m: Setup NF EndPoint(addr) [172.22.0.13:7777] (../lib/sbi/context.c:2104)
[32m04/17 17:57:35.685[0m: [[33msbi[0m] [1;32mINFO[0m: Setup NF EndPoint(addr) [172.22.0.13:7777] (../lib/sbi/context.c:2104)
[32m04/17 17:57:35.685[0m: [[33msbi[0m] [1;32mINFO[0m: Setup NF EndPoint(addr) [172.22.0.13:7777] (../lib/sbi/context.c:2104)
[32m04/17 17:57:35.686[0m: [[33msbi[0m] [1;32mINFO[0m: [d2e120fc-3ab0-41f1-9db4-17135588d440] (NRF-profile-get) NF registered (../lib/sbi/nf-sm.c:81)
[32m04/17 17:57:35.686[0m: [[33msbi[0m] [1;32mINFO[0m: Setup NF EndPoint(addr) [172.22.0.10:80] (../lib/sbi/context.c:2439)
[32m04/17 17:57:35.686[0m: [[33msbi[0m] [1;32mINFO[0m: Setup NF EndPoint(addr) [172.22.0.10:7777] (../lib/sbi/context.c:2104)
[32m04/17 17:57:35.718[0m: [[33msmf[0m] [1;32mINFO[0m: PFCP associated [172.22.0.8]:8805 (../src/smf/pfcp-sm.c:189)
[32m04/17 17:57:38.185[0m: [[33msmf[0m] [1;36mWARNING[0m: PFCP[RSP] has already been associated [172.22.0.8]:8805 (../src/smf/pfcp-sm.c:293)
[32m04/17 17:57:45.039[0m: [[33msbi[0m] [1;32mINFO[0m: [d8c0385a-3ab0-41f1-9cdb-c7a1c5d7058c] (NRF-notify) NF registered (../lib/sbi/nnrf-handler.c:1140)
[32m04/17 17:57:45.039[0m: [[33msbi[0m] [1;32mINFO[0m: [d8c0385a-3ab0-41f1-9cdb-c7a1c5d7058c] (NRF-notify) NF Profile updated [type:PCF] (../lib/sbi/nnrf-handler.c:1154)
[32m04/17 17:57:45.039[0m: [[33msbi[0m] [1;32mINFO[0m: Setup NF EndPoint(addr) [172.22.0.27:80] (../lib/sbi/context.c:2439)
[32m04/17 17:57:45.039[0m: [[33msbi[0m] [1;32mINFO[0m: Setup NF EndPoint(addr) [172.22.0.27:7777] (../lib/sbi/context.c:2104)
[32m04/17 18:00:27.138[0m: [[33msmf[0m] [1;32mINFO[0m: [Added] Number of SMF-UEs is now 1 (../src/smf/context.c:1069)
[32m04/17 18:00:27.138[0m: [[33msmf[0m] [1;32mINFO[0m: [Added] Number of SMF-Sessions is now 1 (../src/smf/context.c:3381)
[32m04/17 18:00:27.139[0m: [[33msmf[0m] [1;32mINFO[0m: Setup NF EndPoint(addr) [172.22.0.10:7777] (../src/smf/nsmf-handler.c:331)
[32m04/17 18:00:27.139[0m: [[33msbi[0m] [1;32mINFO[0m: [d2c4f364-3ab0-41f1-b4f9-43cd66ad47cc] Setup NF Instance [type:UDM] (../lib/sbi/path.c:307)
[32m04/17 18:00:27.143[0m: [[33msmf[0m] [1;32mINFO[0m: Setup NF EndPoint(addr) [172.22.0.13:7777] (../src/smf/nudm-handler.c:456)
[32m04/17 18:00:27.143[0m: [[33msbi[0m] [1;32mINFO[0m: [d8c0385a-3ab0-41f1-9cdb-c7a1c5d7058c] Setup NF Instance [type:PCF] (../lib/sbi/path.c:307)
[32m04/17 18:00:27.147[0m: [[33msmf[0m] [1;32mINFO[0m: Setup NF EndPoint(addr) [172.22.0.27:7777] (../src/smf/npcf-handler.c:373)
[32m04/17 18:00:27.147[0m: [[33msmf[0m] [1;32mINFO[0m: UE SUPI[imsi-001011234567895] DNN[internet] IPv4[192.168.100.2] IPv6[] (../src/smf/npcf-handler.c:594)
[32m04/17 18:00:27.147[0m: [[33mgtp[0m] [1;32mINFO[0m: gtp_connect() [172.22.0.8]:2152 (../lib/gtp/path.c:60)
[32m04/17 18:00:27.148[0m: [[33msbi[0m] [1;32mINFO[0m: [d2e120fc-3ab0-41f1-9db4-17135588d440] Setup NF Instance [type:AMF] (../lib/sbi/path.c:307)
[32m04/17 18:00:27.225[0m: [[33msbi[0m] [1;32mINFO[0m: [d2c4f364-3ab0-41f1-b4f9-43cd66ad47cc] Setup NF Instance [type:UDM] (../lib/sbi/path.c:307)
