Deploying component: 'amf'
Open5GS daemon v2.7.6-131-g782a97e

[32m04/17 18:07:16.803[0m: [[33mapp[0m] [1;32mINFO[0m: Configuration: '/open5gs/install/etc/open5gs/amf.yaml' (../lib/app/ogs-init.c:144)
[32m04/17 18:07:16.803[0m: [[33mapp[0m] [1;32mINFO[0m: File Logging: '/open5gs/install/var/log/open5gs/amf.log' (../lib/app/ogs-init.c:147)
[32m04/17 18:07:16.809[0m: [[33msbi[0m] [1;32mINFO[0m: Setup NF EndPoint(addr) [172.22.0.12:7777] (../lib/sbi/context.c:451)
[32m04/17 18:07:16.809[0m: [[33msbi[0m] [1;32mINFO[0m: Setup NF EndPoint(addr) [172.22.0.35:7777] (../lib/sbi/context.c:499)
[32m04/17 18:07:16.809[0m: [[33mmetrics[0m] [1;32mINFO[0m: metrics_server() [http://172.22.0.10]:9091 (../lib/metrics/prometheus/context.c:392)
[32m04/17 18:07:16.809[0m: [[33msbi[0m] [1;32mINFO[0m: NF Service [namf-comm] (../lib/sbi/context.c:1985)
[32m04/17 18:07:16.809[0m: [[33msbi[0m] [1;32mINFO[0m: nghttp2_server() [http://172.22.0.10]:7777 (../lib/sbi/nghttp2-server.c:439)
[32m04/17 18:07:16.810[0m: [[33mamf[0m] [1;32mINFO[0m: ngap_server() [172.22.0.10]:38412 (../src/amf/ngap-sctp.c:61)
[32m04/17 18:07:16.810[0m: [[33msctp[0m] [1;32mINFO[0m: AMF initialize...done (../src/amf/app.c:33)
[32m04/17 18:07:16.812[0m: [[33msbi[0m] [1;32mINFO[0m: [2d8dfeb6-3ab2-41f1-a893-79c3dacdb71f] NF registered [Heartbeat:10s] (../lib/sbi/nf-sm.c:295)
[32m04/17 18:07:16.813[0m: [[33msbi[0m] [1;32mINFO[0m: Setup NF EndPoint(addr) [172.22.0.12:7777] (../lib/sbi/nnrf-handler.c:955)
[32m04/17 18:07:16.813[0m: [[33msbi[0m] [1;32mINFO[0m: [2d8eeace-3ab2-41f1-bf45-2fa49d5b6904] Subscription created until 2026-04-18T18:07:16.812698-05:00 [duration:86400000000,validity:86400.000000,patch:43200.000000] (../lib/sbi/nnrf-handler.c:874)
[32m04/17 18:07:16.813[0m: [[33msbi[0m] [1;32mINFO[0m: Setup NF EndPoint(addr) [172.22.0.12:7777] (../lib/sbi/nnrf-handler.c:955)
[32m04/17 18:07:16.813[0m: [[33msbi[0m] [1;32mINFO[0m: [2d8ef32a-3ab2-41f1-bf45-2fa49d5b6904] Subscription created until 2026-04-18T18:07:16.812896-05:00 [duration:86400000000,validity:86400.000000,patch:43200.000000] (../lib/sbi/nnrf-handler.c:874)
[32m04/17 18:07:16.814[0m: [[33msbi[0m] [1;32mINFO[0m: Setup NF EndPoint(addr) [172.22.0.12:7777] (../lib/sbi/nnrf-handler.c:955)
[32m04/17 18:07:16.814[0m: [[33msbi[0m] [1;32mINFO[0m: [2d8ef7b2-3ab2-41f1-bf45-2fa49d5b6904] Subscription created until 2026-04-18T18:07:16.813016-05:00 [duration:86400000000,validity:86400.000000,patch:43200.000000] (../lib/sbi/nnrf-handler.c:874)
[32m04/17 18:07:16.814[0m: [[33msbi[0m] [1;32mINFO[0m: Setup NF EndPoint(addr) [172.22.0.12:7777] (../lib/sbi/nnrf-handler.c:955)
[32m04/17 18:07:16.814[0m: [[33msbi[0m] [1;32mINFO[0m: [2d8eff1e-3ab2-41f1-bf45-2fa49d5b6904] Subscription created until 2026-04-18T18:07:16.813202-05:00 [duration:86400000000,validity:86400.000000,patch:43200.000000] (../lib/sbi/nnrf-handler.c:874)
[32m04/17 18:07:16.814[0m: [[33msbi[0m] [1;32mINFO[0m: Setup NF EndPoint(addr) [172.22.0.12:7777] (../lib/sbi/nnrf-handler.c:955)
[32m04/17 18:07:16.814[0m: [[33msbi[0m] [1;32mINFO[0m: [2d8f0572-3ab2-41f1-bf45-2fa49d5b6904] Subscription created until 2026-04-18T18:07:16.813364-05:00 [duration:86400000000,validity:86400.000000,patch:43200.000000] (../lib/sbi/nnrf-handler.c:874)
[32m04/17 18:07:16.814[0m: [[33msbi[0m] [1;32mINFO[0m: Setup NF EndPoint(addr) [172.22.0.12:7777] (../lib/sbi/nnrf-handler.c:955)
[32m04/17 18:07:16.814[0m: [[33msbi[0m] [1;32mINFO[0m: [2d8f0784-3ab2-41f1-bf45-2fa49d5b6904] Subscription created until 2026-04-18T18:07:16.813414-05:00 [duration:86400000000,validity:86400.000000,patch:43200.000000] (../lib/sbi/nnrf-handler.c:874)
[32m04/17 18:07:16.815[0m: [[33msbi[0m] [1;32mINFO[0m: Setup NF EndPoint(addr) [172.22.0.12:7777] (../lib/sbi/nnrf-handler.c:955)
[32m04/17 18:07:16.815[0m: [[33msbi[0m] [1;32mINFO[0m: [2d8f1508-3ab2-41f1-bf45-2fa49d5b6904] Subscription created until 2026-04-18T18:07:16.813770-05:00 [duration:86400000000,validity:86400.000000,patch:43200.000000] (../lib/sbi/nnrf-handler.c:874)
[32m04/17 18:07:16.815[0m: [[33msbi[0m] [1;32mINFO[0m: [2d69273a-3ab2-41f1-823d-c1444f04ff14] (NRF-profile-get) NF registered (../lib/sbi/nf-sm.c:81)
[32m04/17 18:07:16.816[0m: [[33msbi[0m] [1;32mINFO[0m: Setup NF EndPoint(addr) [172.22.0.11:80] (../lib/sbi/context.c:2439)
[32m04/17 18:07:16.816[0m: [[33msbi[0m] [1;32mINFO[0m: Setup NF EndPoint(addr) [172.22.0.11:7777] (../lib/sbi/context.c:2104)
[32m04/17 18:07:16.816[0m: [[33msbi[0m] [1;32mINFO[0m: [2d71a9f0-3ab2-41f1-8536-6bef98b8eb69] (NRF-profile-get) NF registered (../lib/sbi/nf-sm.c:81)
[32m04/17 18:07:16.816[0m: [[33msbi[0m] [1;32mINFO[0m: Setup NF EndPoint(addr) [172.22.0.13:80] (../lib/sbi/context.c:2439)
[32m04/17 18:07:16.816[0m: [[33msbi[0m] [1;32mINFO[0m: Setup NF EndPoint(addr) [172.22.0.13:7777] (../lib/sbi/context.c:2104)
[32m04/17 18:07:16.816[0m: [[33msbi[0m] [1;32mINFO[0m: Setup NF EndPoint(addr) [172.22.0.13:7777] (../lib/sbi/context.c:2104)
[32m04/17 18:07:16.816[0m: [[33msbi[0m] [1;32mINFO[0m: Setup NF EndPoint(addr) [172.22.0.13:7777] (../lib/sbi/context.c:2104)
[32m04/17 18:07:16.816[0m: [[33msbi[0m] [1;32mINFO[0m: [2d734788-3ab2-41f1-9dcd-5fcac34c4c11] (NRF-profile-get) NF registered (../lib/sbi/nf-sm.c:81)
[32m04/17 18:07:16.816[0m: [[33msbi[0m] [1;32mINFO[0m: Setup NF EndPoint(addr) [172.22.0.28:80] (../lib/sbi/context.c:2439)
[32m04/17 18:07:16.816[0m: [[33msbi[0m] [1;32mINFO[0m: Setup NF EndPoint(addr) [172.22.0.28:7777] (../lib/sbi/context.c:2104)
[32m04/17 18:07:17.428[0m: [[33msbi[0m] [1;32mINFO[0m: [2de22770-3ab2-41f1-a3cd-b764f75f1137] (NRF-notify) NF registered (../lib/sbi/nnrf-handler.c:1140)
[32m04/17 18:07:17.428[0m: [[33msbi[0m] [1;32mINFO[0m: [2de22770-3ab2-41f1-a3cd-b764f75f1137] (NRF-notify) NF Profile updated [type:SMF] (../lib/sbi/nnrf-handler.c:1154)
[32m04/17 18:07:17.428[0m: [[33msbi[0m] [1;32mINFO[0m: Setup NF EndPoint(addr) [172.22.0.7:80] (../lib/sbi/context.c:2439)
[32m04/17 18:07:17.428[0m: [[33msbi[0m] [1;32mINFO[0m: Setup NF EndPoint(addr) [172.22.0.7:7777] (../lib/sbi/context.c:2104)
[32m04/17 18:07:26.663[0m: [[33msbi[0m] [1;32mINFO[0m: [336d24f6-3ab2-41f1-bddc-91e868e29492] (NRF-notify) NF registered (../lib/sbi/nnrf-handler.c:1140)
[32m04/17 18:07:26.663[0m: [[33msbi[0m] [1;32mINFO[0m: [336d24f6-3ab2-41f1-bddc-91e868e29492] (NRF-notify) NF Profile updated [type:PCF] (../lib/sbi/nnrf-handler.c:1154)
[32m04/17 18:07:26.663[0m: [[33msbi[0m] [1;32mINFO[0m: Setup NF EndPoint(addr) [172.22.0.27:80] (../lib/sbi/context.c:2439)
[32m04/17 18:07:26.663[0m: [[33msbi[0m] [1;32mINFO[0m: Setup NF EndPoint(addr) [172.22.0.27:7777] (../lib/sbi/context.c:2104)
[32m04/17 18:09:17.358[0m: [[33mamf[0m] [1;32mINFO[0m: gNB-N2 accepted[172.22.0.37]:54006 in ng-path module (../src/amf/ngap-sctp.c:113)
[32m04/17 18:09:17.358[0m: [[33mamf[0m] [1;32mINFO[0m: gNB-N2 accepted[172.22.0.37] in master_sm module (../src/amf/amf-sm.c:937)
[32m04/17 18:09:17.364[0m: [[33mamf[0m] [1;32mINFO[0m: [Added] Number of gNBs is now 1 (../src/amf/context.c:1277)
[32m04/17 18:09:17.364[0m: [[33mamf[0m] [1;32mINFO[0m: gNB-N2[172.22.0.37] max_num_of_ostreams : 30 (../src/amf/amf-sm.c:984)
[32m04/17 18:09:37.544[0m: [[33mamf[0m] [1;32mINFO[0m: gNB-N2 accepted[172.22.0.23]:49888 in ng-path module (../src/amf/ngap-sctp.c:113)
[32m04/17 18:09:37.544[0m: [[33mamf[0m] [1;32mINFO[0m: gNB-N2 accepted[172.22.0.23] in master_sm module (../src/amf/amf-sm.c:937)
[32m04/17 18:09:37.551[0m: [[33mamf[0m] [1;32mINFO[0m: [Added] Number of gNBs is now 2 (../src/amf/context.c:1277)
[32m04/17 18:09:37.551[0m: [[33mamf[0m] [1;32mINFO[0m: gNB-N2[172.22.0.23] max_num_of_ostreams : 10 (../src/amf/amf-sm.c:984)
[32m04/17 18:09:57.932[0m: [[33mamf[0m] [1;32mINFO[0m: gNB-N2 accepted[172.22.0.25]:46732 in ng-path module (../src/amf/ngap-sctp.c:113)
[32m04/17 18:09:57.932[0m: [[33mamf[0m] [1;32mINFO[0m: gNB-N2 accepted[172.22.0.25] in master_sm module (../src/amf/amf-sm.c:937)
[32m04/17 18:09:57.940[0m: [[33mamf[0m] [1;32mINFO[0m: [Added] Number of gNBs is now 3 (../src/amf/context.c:1277)
[32m04/17 18:09:57.940[0m: [[33mamf[0m] [1;32mINFO[0m: gNB-N2[172.22.0.25] max_num_of_ostreams : 10 (../src/amf/amf-sm.c:984)
[32m04/17 18:11:32.014[0m: [[33mamf[0m] [1;32mINFO[0m: InitialUEMessage (../src/amf/ngap-handler.c:461)
[32m04/17 18:11:32.014[0m: [[33mamf[0m] [1;32mINFO[0m: [Added] Number of gNB-UEs is now 1 (../src/amf/context.c:2777)
[32m04/17 18:11:32.014[0m: [[33mamf[0m] [1;32mINFO[0m:     RAN_UE_NGAP_ID[0] AMF_UE_NGAP_ID[1] TAC[1] CellID[0x66c000] (../src/amf/ngap-handler.c:622)
[32m04/17 18:11:32.014[0m: [[33mamf[0m] [1;32mINFO[0m: [suci-0-001-01-0000-0-0-1234567895] Unknown UE by SUCI (../src/amf/context.c:1912)
[32m04/17 18:11:32.014[0m: [[33mamf[0m] [1;32mINFO[0m: [Added] Number of AMF-UEs is now 1 (../src/amf/context.c:1688)
[32m04/17 18:11:32.014[0m: [[33mgmm[0m] [1;32mINFO[0m: Registration request (../src/amf/gmm-sm.c:1623)
[32m04/17 18:11:32.014[0m: [[33mgmm[0m] [1;32mINFO[0m: [suci-0-001-01-0000-0-0-1234567895]    SUCI (../src/amf/gmm-handler.c:183)
[32m04/17 18:11:32.014[0m: [[33msbi[0m] [1;32mINFO[0m: [2d69273a-3ab2-41f1-823d-c1444f04ff14] Setup NF Instance [type:AUSF] (../lib/sbi/path.c:307)
[32m04/17 18:11:32.022[0m: [[33mamf[0m] [1;32mINFO[0m: Setup NF EndPoint(addr) [172.22.0.11:7777] (../src/amf/nausf-handler.c:130)
[32m04/17 18:11:32.098[0m: [[33msbi[0m] [1;32mINFO[0m: [2d71a9f0-3ab2-41f1-8536-6bef98b8eb69] Setup NF Instance [type:UDM] (../lib/sbi/path.c:307)
[32m04/17 18:11:32.100[0m: [[33msbi[0m] [1;32mINFO[0m: [2d71a9f0-3ab2-41f1-8536-6bef98b8eb69] Setup NF Instance [type:UDM] (../lib/sbi/path.c:307)
[32m04/17 18:11:32.104[0m: [[33mamf[0m] [1;32mINFO[0m: Setup NF EndPoint(addr) [172.22.0.13:7777] (../src/amf/nudm-handler.c:361)
[32m04/17 18:11:32.105[0m: [[33msbi[0m] [1;32mINFO[0m: [336d24f6-3ab2-41f1-bddc-91e868e29492] Setup NF Instance [type:PCF] (../lib/sbi/path.c:307)
[32m04/17 18:11:32.108[0m: [[33mamf[0m] [1;32mINFO[0m: Setup NF EndPoint(addr) [172.22.0.27:7777] (../src/amf/npcf-handler.c:143)
[32m04/17 18:11:32.281[0m: [[33mgmm[0m] [1;32mINFO[0m: [imsi-001011234567895] Registration complete (../src/amf/gmm-sm.c:3001)
[32m04/17 18:11:32.282[0m: [[33mamf[0m] [1;32mINFO[0m: [imsi-001011234567895] Configuration update command (../src/amf/nas-path.c:609)
[32m04/17 18:11:32.282[0m: [[33mgmm[0m] [1;32mINFO[0m:     UTC [2026-04-17T23:11:32] Timezone[0]/DST[0] (../src/amf/gmm-build.c:551)
[32m04/17 18:11:32.282[0m: [[33mgmm[0m] [1;32mINFO[0m:     LOCAL [2026-04-17T18:11:32] Timezone[-18000]/DST[0] (../src/amf/gmm-build.c:556)
[32m04/17 18:11:32.282[0m: [[33mamf[0m] [1;32mINFO[0m: [Added] Number of AMF-Sessions is now 1 (../src/amf/context.c:2798)
[32m04/17 18:11:32.282[0m: [[33mgmm[0m] [1;32mINFO[0m: UE SUPI[imsi-001011234567895] DNN[internet] LBO[0] S_NSSAI[SST:1 SD:0xffffff] smContextRef[NULL] smContextResourceURI[NULL] (../src/amf/gmm-handler.c:1416)
[32m04/17 18:11:32.282[0m: [[33mgmm[0m] [1;32mINFO[0m: V-SMF Instance [2de22770-3ab2-41f1-a3cd-b764f75f1137](LIST) (../src/amf/gmm-handler.c:1493)
[32m04/17 18:11:32.282[0m: [[33mgmm[0m] [1;32mINFO[0m: [2de22770-3ab2-41f1-a3cd-b764f75f1137] Setup NF Instance [type:SMF] (../src/amf/gmm-handler.c:1495)
[32m04/17 18:11:32.282[0m: [[33mgmm[0m] [1;32mINFO[0m: V-SMF Instance [2de22770-3ab2-41f1-a3cd-b764f75f1137] (../src/amf/gmm-handler.c:1505)
[32m04/17 18:11:32.282[0m: [[33mgmm[0m] [1;32mINFO[0m: V-SMF discovered in Non-Roaming or LBO-Roaming[0] (../src/amf/gmm-handler.c:1574)
[32m04/17 18:11:32.282[0m: [[33mgmm[0m] [1;32mINFO[0m: nsmf_pdusession [1:0x5bc2b1f68020:(nil)] (../src/amf/gmm-handler.c:1614)
[32m04/17 18:11:32.288[0m: [[33mamf[0m] [1;32mINFO[0m: Setup NF EndPoint(addr) [172.22.0.7:7777] (../src/amf/nsmf-handler.c:140)
[32m04/17 18:11:32.365[0m: [[33mamf[0m] [1;32mINFO[0m: [imsi-001011234567895:1:11][0:0:NULL] /nsmf-pdusession/v1/sm-contexts/{smContextRef}/modify (../src/amf/nsmf-handler.c:937)
[32m04/17 18:11:32.482[0m: [[33mgmm[0m] [1;32mINFO[0m: [imsi-001011234567895] No GUTI allocated (../src/amf/gmm-sm.c:1979)
[32m04/17 18:11:34.894[0m: [[33mamf[0m] [1;32mINFO[0m: InitialUEMessage (../src/amf/ngap-handler.c:461)
[32m04/17 18:11:34.894[0m: [[33mamf[0m] [1;32mINFO[0m: [Added] Number of gNB-UEs is now 2 (../src/amf/context.c:2777)
[32m04/17 18:11:34.894[0m: [[33mamf[0m] [1;32mINFO[0m:     RAN_UE_NGAP_ID[1] AMF_UE_NGAP_ID[2] TAC[1] CellID[0x20] (../src/amf/ngap-handler.c:622)
[32m04/17 18:11:34.894[0m: [[33mamf[0m] [1;32mINFO[0m: [suci-0-001-01-0000-0-0-1234567896] Unknown UE by SUCI (../src/amf/context.c:1912)
[32m04/17 18:11:34.894[0m: [[33mamf[0m] [1;32mINFO[0m: [Added] Number of AMF-UEs is now 2 (../src/amf/context.c:1688)
[32m04/17 18:11:34.894[0m: [[33mgmm[0m] [1;32mINFO[0m: Registration request (../src/amf/gmm-sm.c:1623)
[32m04/17 18:11:34.894[0m: [[33mgmm[0m] [1;32mINFO[0m: [suci-0-001-01-0000-0-0-1234567896]    SUCI (../src/amf/gmm-handler.c:183)
[32m04/17 18:11:34.894[0m: [[33msbi[0m] [1;32mINFO[0m: [2d69273a-3ab2-41f1-823d-c1444f04ff14] Setup NF Instance [type:AUSF] (../lib/sbi/path.c:307)
[32m04/17 18:11:34.897[0m: [[33mamf[0m] [1;32mINFO[0m: Setup NF EndPoint(addr) [172.22.0.11:7777] (../src/amf/nausf-handler.c:130)
[32m04/17 18:11:34.901[0m: [[33msbi[0m] [1;32mINFO[0m: [2d71a9f0-3ab2-41f1-8536-6bef98b8eb69] Setup NF Instance [type:UDM] (../lib/sbi/path.c:307)
[32m04/17 18:11:34.903[0m: [[33msbi[0m] [1;32mINFO[0m: [2d71a9f0-3ab2-41f1-8536-6bef98b8eb69] Setup NF Instance [type:UDM] (../lib/sbi/path.c:307)
[32m04/17 18:11:34.907[0m: [[33mamf[0m] [1;32mINFO[0m: Setup NF EndPoint(addr) [172.22.0.13:7777] (../src/amf/nudm-handler.c:361)
[32m04/17 18:11:34.907[0m: [[33msbi[0m] [1;32mINFO[0m: [336d24f6-3ab2-41f1-bddc-91e868e29492] Setup NF Instance [type:PCF] (../lib/sbi/path.c:307)
[32m04/17 18:11:34.909[0m: [[33mamf[0m] [1;32mINFO[0m: Setup NF EndPoint(addr) [172.22.0.27:7777] (../src/amf/npcf-handler.c:143)
[32m04/17 18:11:35.113[0m: [[33mgmm[0m] [1;32mINFO[0m: [imsi-001011234567896] Registration complete (../src/amf/gmm-sm.c:3001)
[32m04/17 18:11:35.113[0m: [[33mamf[0m] [1;32mINFO[0m: [imsi-001011234567896] Configuration update command (../src/amf/nas-path.c:609)
[32m04/17 18:11:35.113[0m: [[33mgmm[0m] [1;32mINFO[0m:     UTC [2026-04-17T23:11:35] Timezone[0]/DST[0] (../src/amf/gmm-build.c:551)
[32m04/17 18:11:35.113[0m: [[33mgmm[0m] [1;32mINFO[0m:     LOCAL [2026-04-17T18:11:35] Timezone[-18000]/DST[0] (../src/amf/gmm-build.c:556)
[32m04/17 18:11:35.114[0m: [[33mamf[0m] [1;32mINFO[0m: [Added] Number of AMF-Sessions is now 2 (../src/amf/context.c:2798)
[32m04/17 18:11:35.114[0m: [[33mgmm[0m] [1;32mINFO[0m: UE SUPI[imsi-001011234567896] DNN[internet] LBO[0] S_NSSAI[SST:1 SD:0xffffff] smContextRef[NULL] smContextResourceURI[NULL] (../src/amf/gmm-handler.c:1416)
[32m04/17 18:11:35.114[0m: [[33mgmm[0m] [1;32mINFO[0m: V-SMF Instance [2de22770-3ab2-41f1-a3cd-b764f75f1137](LIST) (../src/amf/gmm-handler.c:1493)
[32m04/17 18:11:35.114[0m: [[33mgmm[0m] [1;32mINFO[0m: [2de22770-3ab2-41f1-a3cd-b764f75f1137] Setup NF Instance [type:SMF] (../src/amf/gmm-handler.c:1495)
[32m04/17 18:11:35.114[0m: [[33mgmm[0m] [1;32mINFO[0m: V-SMF Instance [2de22770-3ab2-41f1-a3cd-b764f75f1137] (../src/amf/gmm-handler.c:1505)
[32m04/17 18:11:35.114[0m: [[33mgmm[0m] [1;32mINFO[0m: V-SMF discovered in Non-Roaming or LBO-Roaming[0] (../src/amf/gmm-handler.c:1574)
[32m04/17 18:11:35.114[0m: [[33mgmm[0m] [1;32mINFO[0m: nsmf_pdusession [1:0x5bc2b1f68020:(nil)] (../src/amf/gmm-handler.c:1614)
[32m04/17 18:11:35.120[0m: [[33mamf[0m] [1;32mINFO[0m: Setup NF EndPoint(addr) [172.22.0.7:7777] (../src/amf/nsmf-handler.c:140)
[32m04/17 18:11:35.129[0m: [[33mamf[0m] [1;32mINFO[0m: [imsi-001011234567896:1:11][0:0:NULL] /nsmf-pdusession/v1/sm-contexts/{smContextRef}/modify (../src/amf/nsmf-handler.c:937)
[32m04/17 18:11:41.704[0m: [[33mamf[0m] [1;32mINFO[0m: InitialUEMessage (../src/amf/ngap-handler.c:461)
[32m04/17 18:11:41.704[0m: [[33mamf[0m] [1;32mINFO[0m: [Added] Number of gNB-UEs is now 3 (../src/amf/context.c:2777)
[32m04/17 18:11:41.704[0m: [[33mamf[0m] [1;32mINFO[0m:     RAN_UE_NGAP_ID[1] AMF_UE_NGAP_ID[3] TAC[1] CellID[0x21] (../src/amf/ngap-handler.c:622)
[32m04/17 18:11:41.704[0m: [[33mamf[0m] [1;32mINFO[0m: [suci-0-001-01-0000-0-0-1234567898] Unknown UE by SUCI (../src/amf/context.c:1912)
[32m04/17 18:11:41.704[0m: [[33mamf[0m] [1;32mINFO[0m: [Added] Number of AMF-UEs is now 3 (../src/amf/context.c:1688)
[32m04/17 18:11:41.704[0m: [[33mgmm[0m] [1;32mINFO[0m: Registration request (../src/amf/gmm-sm.c:1623)
[32m04/17 18:11:41.705[0m: [[33mgmm[0m] [1;32mINFO[0m: [suci-0-001-01-0000-0-0-1234567898]    SUCI (../src/amf/gmm-handler.c:183)
[32m04/17 18:11:41.705[0m: [[33msbi[0m] [1;32mINFO[0m: [2d69273a-3ab2-41f1-823d-c1444f04ff14] Setup NF Instance [type:AUSF] (../lib/sbi/path.c:307)
[32m04/17 18:11:41.708[0m: [[33mamf[0m] [1;32mINFO[0m: Setup NF EndPoint(addr) [172.22.0.11:7777] (../src/amf/nausf-handler.c:130)
[32m04/17 18:11:41.712[0m: [[33msbi[0m] [1;32mINFO[0m: [2d71a9f0-3ab2-41f1-8536-6bef98b8eb69] Setup NF Instance [type:UDM] (../lib/sbi/path.c:307)
[32m04/17 18:11:41.714[0m: [[33msbi[0m] [1;32mINFO[0m: [2d71a9f0-3ab2-41f1-8536-6bef98b8eb69] Setup NF Instance [type:UDM] (../lib/sbi/path.c:307)
[32m04/17 18:11:41.718[0m: [[33mamf[0m] [1;32mINFO[0m: Setup NF EndPoint(addr) [172.22.0.13:7777] (../src/amf/nudm-handler.c:361)
[32m04/17 18:11:41.718[0m: [[33msbi[0m] [1;32mINFO[0m: [336d24f6-3ab2-41f1-bddc-91e868e29492] Setup NF Instance [type:PCF] (../lib/sbi/path.c:307)
[32m04/17 18:11:41.721[0m: [[33mamf[0m] [1;32mINFO[0m: Setup NF EndPoint(addr) [172.22.0.27:7777] (../src/amf/npcf-handler.c:143)
[32m04/17 18:11:41.922[0m: [[33mgmm[0m] [1;32mINFO[0m: [imsi-001011234567898] Registration complete (../src/amf/gmm-sm.c:3001)
[32m04/17 18:11:41.922[0m: [[33mamf[0m] [1;32mINFO[0m: [imsi-001011234567898] Configuration update command (../src/amf/nas-path.c:609)
[32m04/17 18:11:41.922[0m: [[33mgmm[0m] [1;32mINFO[0m:     UTC [2026-04-17T23:11:41] Timezone[0]/DST[0] (../src/amf/gmm-build.c:551)
[32m04/17 18:11:41.922[0m: [[33mgmm[0m] [1;32mINFO[0m:     LOCAL [2026-04-17T18:11:41] Timezone[-18000]/DST[0] (../src/amf/gmm-build.c:556)
[32m04/17 18:11:41.922[0m: [[33mamf[0m] [1;32mINFO[0m: [Added] Number of AMF-Sessions is now 3 (../src/amf/context.c:2798)
[32m04/17 18:11:41.922[0m: [[33mgmm[0m] [1;32mINFO[0m: UE SUPI[imsi-001011234567898] DNN[internet] LBO[0] S_NSSAI[SST:1 SD:0xffffff] smContextRef[NULL] smContextResourceURI[NULL] (../src/amf/gmm-handler.c:1416)
[32m04/17 18:11:41.922[0m: [[33mgmm[0m] [1;32mINFO[0m: V-SMF Instance [2de22770-3ab2-41f1-a3cd-b764f75f1137](LIST) (../src/amf/gmm-handler.c:1493)
[32m04/17 18:11:41.922[0m: [[33mgmm[0m] [1;32mINFO[0m: [2de22770-3ab2-41f1-a3cd-b764f75f1137] Setup NF Instance [type:SMF] (../src/amf/gmm-handler.c:1495)
[32m04/17 18:11:41.922[0m: [[33mgmm[0m] [1;32mINFO[0m: V-SMF Instance [2de22770-3ab2-41f1-a3cd-b764f75f1137] (../src/amf/gmm-handler.c:1505)
[32m04/17 18:11:41.922[0m: [[33mgmm[0m] [1;32mINFO[0m: V-SMF discovered in Non-Roaming or LBO-Roaming[0] (../src/amf/gmm-handler.c:1574)
[32m04/17 18:11:41.922[0m: [[33mgmm[0m] [1;32mINFO[0m: nsmf_pdusession [1:0x5bc2b1f68020:(nil)] (../src/amf/gmm-handler.c:1614)
[32m04/17 18:11:41.927[0m: [[33mamf[0m] [1;32mINFO[0m: Setup NF EndPoint(addr) [172.22.0.7:7777] (../src/amf/nsmf-handler.c:140)
[32m04/17 18:11:41.938[0m: [[33mamf[0m] [1;32mINFO[0m: [imsi-001011234567898:1:11][0:0:NULL] /nsmf-pdusession/v1/sm-contexts/{smContextRef}/modify (../src/amf/nsmf-handler.c:937)
[32m04/17 18:11:46.875[0m: [[33mamf[0m] [1;32mINFO[0m: InitialUEMessage (../src/amf/ngap-handler.c:461)
[32m04/17 18:11:46.875[0m: [[33mamf[0m] [1;32mINFO[0m: [Added] Number of gNB-UEs is now 4 (../src/amf/context.c:2777)
[32m04/17 18:11:46.875[0m: [[33mamf[0m] [1;32mINFO[0m:     RAN_UE_NGAP_ID[2] AMF_UE_NGAP_ID[4] TAC[1] CellID[0x21] (../src/amf/ngap-handler.c:622)
[32m04/17 18:11:46.875[0m: [[33mamf[0m] [1;32mINFO[0m: [suci-0-001-01-0000-0-0-1234567899] Unknown UE by SUCI (../src/amf/context.c:1912)
[32m04/17 18:11:46.875[0m: [[33mamf[0m] [1;32mINFO[0m: [Added] Number of AMF-UEs is now 4 (../src/amf/context.c:1688)
[32m04/17 18:11:46.875[0m: [[33mgmm[0m] [1;32mINFO[0m: Registration request (../src/amf/gmm-sm.c:1623)
[32m04/17 18:11:46.875[0m: [[33mgmm[0m] [1;32mINFO[0m: [suci-0-001-01-0000-0-0-1234567899]    SUCI (../src/amf/gmm-handler.c:183)
[32m04/17 18:11:46.875[0m: [[33msbi[0m] [1;32mINFO[0m: [2d69273a-3ab2-41f1-823d-c1444f04ff14] Setup NF Instance [type:AUSF] (../lib/sbi/path.c:307)
[32m04/17 18:11:46.879[0m: [[33mamf[0m] [1;32mINFO[0m: Setup NF EndPoint(addr) [172.22.0.11:7777] (../src/amf/nausf-handler.c:130)
[32m04/17 18:11:46.883[0m: [[33msbi[0m] [1;32mINFO[0m: [2d71a9f0-3ab2-41f1-8536-6bef98b8eb69] Setup NF Instance [type:UDM] (../lib/sbi/path.c:307)
[32m04/17 18:11:46.885[0m: [[33msbi[0m] [1;32mINFO[0m: [2d71a9f0-3ab2-41f1-8536-6bef98b8eb69] Setup NF Instance [type:UDM] (../lib/sbi/path.c:307)
[32m04/17 18:11:46.890[0m: [[33mamf[0m] [1;32mINFO[0m: Setup NF EndPoint(addr) [172.22.0.13:7777] (../src/amf/nudm-handler.c:361)
[32m04/17 18:11:46.890[0m: [[33msbi[0m] [1;32mINFO[0m: [336d24f6-3ab2-41f1-bddc-91e868e29492] Setup NF Instance [type:PCF] (../lib/sbi/path.c:307)
[32m04/17 18:11:46.892[0m: [[33mamf[0m] [1;32mINFO[0m: Setup NF EndPoint(addr) [172.22.0.27:7777] (../src/amf/npcf-handler.c:143)
[32m04/17 18:11:47.097[0m: [[33mgmm[0m] [1;32mINFO[0m: [imsi-001011234567899] Registration complete (../src/amf/gmm-sm.c:3001)
[32m04/17 18:11:47.097[0m: [[33mamf[0m] [1;32mINFO[0m: [imsi-001011234567899] Configuration update command (../src/amf/nas-path.c:609)
[32m04/17 18:11:47.097[0m: [[33mgmm[0m] [1;32mINFO[0m:     UTC [2026-04-17T23:11:47] Timezone[0]/DST[0] (../src/amf/gmm-build.c:551)
[32m04/17 18:11:47.097[0m: [[33mgmm[0m] [1;32mINFO[0m:     LOCAL [2026-04-17T18:11:47] Timezone[-18000]/DST[0] (../src/amf/gmm-build.c:556)
[32m04/17 18:11:47.097[0m: [[33mamf[0m] [1;32mINFO[0m: [Added] Number of AMF-Sessions is now 4 (../src/amf/context.c:2798)
[32m04/17 18:11:47.097[0m: [[33mgmm[0m] [1;32mINFO[0m: UE SUPI[imsi-001011234567899] DNN[internet] LBO[0] S_NSSAI[SST:2 SD:0xffffff] smContextRef[NULL] smContextResourceURI[NULL] (../src/amf/gmm-handler.c:1416)
[32m04/17 18:11:47.097[0m: [[33mgmm[0m] [1;32mINFO[0m: V-SMF Instance [2de22770-3ab2-41f1-a3cd-b764f75f1137](LIST) (../src/amf/gmm-handler.c:1493)
[32m04/17 18:11:47.097[0m: [[33mgmm[0m] [1;32mINFO[0m: [2de22770-3ab2-41f1-a3cd-b764f75f1137] Setup NF Instance [type:SMF] (../src/amf/gmm-handler.c:1495)
[32m04/17 18:11:47.097[0m: [[33mgmm[0m] [1;32mINFO[0m: V-SMF Instance [2de22770-3ab2-41f1-a3cd-b764f75f1137] (../src/amf/gmm-handler.c:1505)
[32m04/17 18:11:47.098[0m: [[33mgmm[0m] [1;32mINFO[0m: V-SMF discovered in Non-Roaming or LBO-Roaming[0] (../src/amf/gmm-handler.c:1574)
[32m04/17 18:11:47.098[0m: [[33mgmm[0m] [1;32mINFO[0m: nsmf_pdusession [1:0x5bc2b1f68020:(nil)] (../src/amf/gmm-handler.c:1614)
[32m04/17 18:11:47.102[0m: [[33mamf[0m] [1;32mINFO[0m: Setup NF EndPoint(addr) [172.22.0.7:7777] (../src/amf/nsmf-handler.c:140)
[32m04/17 18:11:47.119[0m: [[33mamf[0m] [1;32mINFO[0m: [imsi-001011234567899:1:11][0:0:NULL] /nsmf-pdusession/v1/sm-contexts/{smContextRef}/modify (../src/amf/nsmf-handler.c:937)
[32m04/17 18:12:49.433[0m: [[33mamf[0m] [1;32mINFO[0m: InitialUEMessage (../src/amf/ngap-handler.c:461)
[32m04/17 18:12:49.433[0m: [[33mamf[0m] [1;32mINFO[0m: [Added] Number of gNB-UEs is now 5 (../src/amf/context.c:2777)
[32m04/17 18:12:49.433[0m: [[33mamf[0m] [1;32mINFO[0m:     RAN_UE_NGAP_ID[2] AMF_UE_NGAP_ID[5] TAC[1] CellID[0x20] (../src/amf/ngap-handler.c:622)
[32m04/17 18:12:49.433[0m: [[33mamf[0m] [1;32mINFO[0m: [suci-0-001-01-0000-0-0-1234567905] Unknown UE by SUCI (../src/amf/context.c:1912)
[32m04/17 18:12:49.433[0m: [[33mamf[0m] [1;32mINFO[0m: [Added] Number of AMF-UEs is now 5 (../src/amf/context.c:1688)
[32m04/17 18:12:49.433[0m: [[33mgmm[0m] [1;32mINFO[0m: Registration request (../src/amf/gmm-sm.c:1623)
[32m04/17 18:12:49.433[0m: [[33mgmm[0m] [1;32mINFO[0m: [suci-0-001-01-0000-0-0-1234567905]    SUCI (../src/amf/gmm-handler.c:183)
[32m04/17 18:12:49.433[0m: [[33msbi[0m] [1;32mINFO[0m: [2d69273a-3ab2-41f1-823d-c1444f04ff14] Setup NF Instance [type:AUSF] (../lib/sbi/path.c:307)
[32m04/17 18:12:49.436[0m: [[33mgmm[0m] [1;36mWARNING[0m: [suci-0-001-01-0000-0-0-1234567905] Cannot find SUCI [404] (../src/amf/gmm-sm.c:2222)
[32m04/17 18:12:49.436[0m: [[33mamf[0m] [1;36mWARNING[0m: [suci-0-001-01-0000-0-0-1234567905] Registration reject [7] (../src/amf/nas-path.c:213)
[32m04/17 18:12:49.437[0m: [[33mgmm[0m] [1;36mWARNING[0m: [(null)] Failure in transaction; no context restoration. (../src/amf/gmm-sm.c:2233)
[32m04/17 18:12:49.437[0m: [[33mamf[0m] [1;32mINFO[0m: UE Context Release [Action:3] (../src/amf/ngap-handler.c:1757)
[32m04/17 18:12:49.437[0m: [[33mamf[0m] [1;32mINFO[0m:     RAN_UE_NGAP_ID[2] AMF_UE_NGAP_ID[5] (../src/amf/ngap-handler.c:1758)
[32m04/17 18:12:49.437[0m: [[33mamf[0m] [1;32mINFO[0m:     SUCI[suci-0-001-01-0000-0-0-1234567905] (../src/amf/ngap-handler.c:1762)
[32m04/17 18:12:49.437[0m: [[33mamf[0m] [1;32mINFO[0m: [Removed] Number of gNB-UEs is now 4 (../src/amf/context.c:2784)
[32m04/17 18:12:49.437[0m: [[33mamf[0m] [1;32mINFO[0m: [Removed] Number of AMF-UEs is now 4 (../src/amf/context.c:1786)
[32m04/17 18:12:54.820[0m: [[33mamf[0m] [1;32mINFO[0m: InitialUEMessage (../src/amf/ngap-handler.c:461)
[32m04/17 18:12:54.820[0m: [[33mamf[0m] [1;32mINFO[0m: [Added] Number of gNB-UEs is now 5 (../src/amf/context.c:2777)
[32m04/17 18:12:54.820[0m: [[33mamf[0m] [1;32mINFO[0m:     RAN_UE_NGAP_ID[3] AMF_UE_NGAP_ID[6] TAC[1] CellID[0x20] (../src/amf/ngap-handler.c:622)
[32m04/17 18:12:54.820[0m: [[33mamf[0m] [1;32mINFO[0m: [suci-0-001-01-0000-0-0-1234567906] Unknown UE by SUCI (../src/amf/context.c:1912)
[32m04/17 18:12:54.820[0m: [[33mamf[0m] [1;32mINFO[0m: [Added] Number of AMF-UEs is now 5 (../src/amf/context.c:1688)
[32m04/17 18:12:54.820[0m: [[33mgmm[0m] [1;32mINFO[0m: Registration request (../src/amf/gmm-sm.c:1623)
[32m04/17 18:12:54.820[0m: [[33mgmm[0m] [1;32mINFO[0m: [suci-0-001-01-0000-0-0-1234567906]    SUCI (../src/amf/gmm-handler.c:183)
[32m04/17 18:12:54.820[0m: [[33msbi[0m] [1;32mINFO[0m: [2d69273a-3ab2-41f1-823d-c1444f04ff14] Setup NF Instance [type:AUSF] (../lib/sbi/path.c:307)
[32m04/17 18:12:54.825[0m: [[33mamf[0m] [1;32mINFO[0m: Setup NF EndPoint(addr) [172.22.0.11:7777] (../src/amf/nausf-handler.c:130)
[32m04/17 18:12:54.826[0m: [[33mgmm[0m] [1;36mWARNING[0m: [suci-0-001-01-0000-0-0-1234567906] Authentication failure [21] (../src/amf/gmm-sm.c:2088)
[32m04/17 18:12:54.826[0m: [[33mgmm[0m] [1;36mWARNING[0m: Authentication failure(Synch failure) (../src/amf/gmm-sm.c:2117)
[32m04/17 18:12:54.829[0m: [[33mgmm[0m] [1;33mERROR[0m: [suci-0-001-01-0000-0-0-1234567906] HTTP response error [401] (../src/amf/gmm-sm.c:2225)
[32m04/17 18:12:54.829[0m: [[33mamf[0m] [1;36mWARNING[0m: [suci-0-001-01-0000-0-0-1234567906] Registration reject [111] (../src/amf/nas-path.c:213)
[32m04/17 18:12:54.829[0m: [[33mgmm[0m] [1;36mWARNING[0m: [(null)] Failure in transaction; no context restoration. (../src/amf/gmm-sm.c:2233)
[32m04/17 18:12:54.829[0m: [[33mamf[0m] [1;32mINFO[0m: UE Context Release [Action:3] (../src/amf/ngap-handler.c:1757)
[32m04/17 18:12:54.830[0m: [[33mamf[0m] [1;32mINFO[0m:     RAN_UE_NGAP_ID[3] AMF_UE_NGAP_ID[6] (../src/amf/ngap-handler.c:1758)
[32m04/17 18:12:54.830[0m: [[33mamf[0m] [1;32mINFO[0m:     SUCI[suci-0-001-01-0000-0-0-1234567906] (../src/amf/ngap-handler.c:1762)
[32m04/17 18:12:54.830[0m: [[33mamf[0m] [1;32mINFO[0m: [Removed] Number of gNB-UEs is now 4 (../src/amf/context.c:2784)
[32m04/17 18:12:54.830[0m: [[33mamf[0m] [1;32mINFO[0m: [Removed] Number of AMF-UEs is now 4 (../src/amf/context.c:1786)
[32m04/17 18:12:59.696[0m: [[33mamf[0m] [1;32mINFO[0m: InitialUEMessage (../src/amf/ngap-handler.c:461)
[32m04/17 18:12:59.696[0m: [[33mamf[0m] [1;32mINFO[0m: [Added] Number of gNB-UEs is now 5 (../src/amf/context.c:2777)
[32m04/17 18:12:59.696[0m: [[33mamf[0m] [1;32mINFO[0m:     RAN_UE_NGAP_ID[4] AMF_UE_NGAP_ID[7] TAC[1] CellID[0x20] (../src/amf/ngap-handler.c:622)
[32m04/17 18:12:59.696[0m: [[33mamf[0m] [1;32mINFO[0m: [suci-0-001-01-0000-0-0-1234567908] Unknown UE by SUCI (../src/amf/context.c:1912)
[32m04/17 18:12:59.697[0m: [[33mamf[0m] [1;32mINFO[0m: [Added] Number of AMF-UEs is now 5 (../src/amf/context.c:1688)
[32m04/17 18:12:59.697[0m: [[33mgmm[0m] [1;32mINFO[0m: Registration request (../src/amf/gmm-sm.c:1623)
[32m04/17 18:12:59.697[0m: [[33mgmm[0m] [1;32mINFO[0m: [suci-0-001-01-0000-0-0-1234567908]    SUCI (../src/amf/gmm-handler.c:183)
[32m04/17 18:12:59.697[0m: [[33msbi[0m] [1;32mINFO[0m: [2d69273a-3ab2-41f1-823d-c1444f04ff14] Setup NF Instance [type:AUSF] (../lib/sbi/path.c:307)
[32m04/17 18:12:59.700[0m: [[33mamf[0m] [1;32mINFO[0m: Setup NF EndPoint(addr) [172.22.0.11:7777] (../src/amf/nausf-handler.c:130)
[32m04/17 18:12:59.708[0m: [[33msbi[0m] [1;32mINFO[0m: [2d71a9f0-3ab2-41f1-8536-6bef98b8eb69] Setup NF Instance [type:UDM] (../lib/sbi/path.c:307)
[32m04/17 18:12:59.710[0m: [[33msbi[0m] [1;32mINFO[0m: [2d71a9f0-3ab2-41f1-8536-6bef98b8eb69] Setup NF Instance [type:UDM] (../lib/sbi/path.c:307)
[32m04/17 18:12:59.714[0m: [[33mamf[0m] [1;32mINFO[0m: Setup NF EndPoint(addr) [172.22.0.13:7777] (../src/amf/nudm-handler.c:361)
[32m04/17 18:12:59.714[0m: [[33msbi[0m] [1;32mINFO[0m: [336d24f6-3ab2-41f1-bddc-91e868e29492] Setup NF Instance [type:PCF] (../lib/sbi/path.c:307)
[32m04/17 18:12:59.717[0m: [[33mamf[0m] [1;32mINFO[0m: Setup NF EndPoint(addr) [172.22.0.27:7777] (../src/amf/npcf-handler.c:143)
[32m04/17 18:12:59.921[0m: [[33mgmm[0m] [1;32mINFO[0m: [imsi-001011234567908] Registration complete (../src/amf/gmm-sm.c:3001)
[32m04/17 18:12:59.921[0m: [[33mamf[0m] [1;32mINFO[0m: [imsi-001011234567908] Configuration update command (../src/amf/nas-path.c:609)
[32m04/17 18:12:59.921[0m: [[33mgmm[0m] [1;32mINFO[0m:     UTC [2026-04-17T23:12:59] Timezone[0]/DST[0] (../src/amf/gmm-build.c:551)
[32m04/17 18:12:59.921[0m: [[33mgmm[0m] [1;32mINFO[0m:     LOCAL [2026-04-17T18:12:59] Timezone[-18000]/DST[0] (../src/amf/gmm-build.c:556)
[32m04/17 18:12:59.921[0m: [[33mamf[0m] [1;32mINFO[0m: [Added] Number of AMF-Sessions is now 5 (../src/amf/context.c:2798)
[32m04/17 18:12:59.921[0m: [[33mgmm[0m] [1;36mWARNING[0m: [imsi-001011234567908] Ue requested DNN "invalid_dnn" Not Supported OR Not Subscribed in the Slice (../src/amf/gmm-handler.c:1403)
[32m04/17 18:13:07.023[0m: [[33mamf[0m] [1;32mINFO[0m: InitialUEMessage (../src/amf/ngap-handler.c:461)
[32m04/17 18:13:07.023[0m: [[33mamf[0m] [1;32mINFO[0m: [Added] Number of gNB-UEs is now 6 (../src/amf/context.c:2777)
[32m04/17 18:13:07.023[0m: [[33mamf[0m] [1;32mINFO[0m:     RAN_UE_NGAP_ID[3] AMF_UE_NGAP_ID[8] TAC[1] CellID[0x21] (../src/amf/ngap-handler.c:622)
[32m04/17 18:13:07.023[0m: [[33mamf[0m] [1;32mINFO[0m: [suci-0-001-01-0000-0-0-1234567909] Unknown UE by SUCI (../src/amf/context.c:1912)
[32m04/17 18:13:07.023[0m: [[33mamf[0m] [1;32mINFO[0m: [Added] Number of AMF-UEs is now 6 (../src/amf/context.c:1688)
[32m04/17 18:13:07.023[0m: [[33mgmm[0m] [1;32mINFO[0m: Registration request (../src/amf/gmm-sm.c:1623)
[32m04/17 18:13:07.023[0m: [[33mgmm[0m] [1;32mINFO[0m: [suci-0-001-01-0000-0-0-1234567909]    SUCI (../src/amf/gmm-handler.c:183)
[32m04/17 18:13:07.023[0m: [[33msbi[0m] [1;32mINFO[0m: [2d69273a-3ab2-41f1-823d-c1444f04ff14] Setup NF Instance [type:AUSF] (../lib/sbi/path.c:307)
[32m04/17 18:13:07.027[0m: [[33mamf[0m] [1;32mINFO[0m: Setup NF EndPoint(addr) [172.22.0.11:7777] (../src/amf/nausf-handler.c:130)
[32m04/17 18:13:07.034[0m: [[33mgmm[0m] [1;33mERROR[0m: Cannot find Requested NSSAI [1] (../src/amf/gmm-handler.c:437)
[32m04/17 18:13:07.034[0m: [[33mgmm[0m] [1;33mERROR[0m:     PLMN_ID[MCC:1 MNC:1] (../src/amf/gmm-handler.c:440)
[32m04/17 18:13:07.034[0m: [[33mgmm[0m] [1;33mERROR[0m:     S_NSSAI[SST:3 SD:0xffffff] (../src/amf/gmm-handler.c:443)
[32m04/17 18:13:07.034[0m: [[33mgmm[0m] [1;33mERROR[0m: [suci-0-001-01-0000-0-0-1234567909] gmm_handle_security_mode_complete() failed [62] in type [65] (../src/amf/gmm-sm.c:2486)
[32m04/17 18:13:07.034[0m: [[33mamf[0m] [1;36mWARNING[0m: [suci-0-001-01-0000-0-0-1234567909] Registration reject [62] (../src/amf/nas-path.c:213)
[32m04/17 18:13:07.034[0m: [[33mamf[0m] [1;32mINFO[0m: UE Context Release [Action:3] (../src/amf/ngap-handler.c:1757)
[32m04/17 18:13:07.034[0m: [[33mamf[0m] [1;32mINFO[0m:     RAN_UE_NGAP_ID[3] AMF_UE_NGAP_ID[8] (../src/amf/ngap-handler.c:1758)
[32m04/17 18:13:07.034[0m: [[33mamf[0m] [1;32mINFO[0m:     SUCI[suci-0-001-01-0000-0-0-1234567909] (../src/amf/ngap-handler.c:1762)
[32m04/17 18:13:07.034[0m: [[33mamf[0m] [1;32mINFO[0m: [Removed] Number of gNB-UEs is now 5 (../src/amf/context.c:2784)
[32m04/17 18:13:07.034[0m: [[33mamf[0m] [1;32mINFO[0m: [Removed] Number of AMF-UEs is now 5 (../src/amf/context.c:1786)
[32m04/17 18:13:16.712[0m: [[33mgmm[0m] [1;36mWARNING[0m: [imsi-001011234567908] Ue requested DNN "invalid_dnn" Not Supported OR Not Subscribed in the Slice (../src/amf/gmm-handler.c:1403)
[32m04/17 18:13:18.033[0m: [[33mamf[0m] [1;32mINFO[0m: InitialUEMessage (../src/amf/ngap-handler.c:461)
[32m04/17 18:13:18.033[0m: [[33mamf[0m] [1;32mINFO[0m: [Added] Number of gNB-UEs is now 6 (../src/amf/context.c:2777)
[32m04/17 18:13:18.033[0m: [[33mamf[0m] [1;32mINFO[0m:     RAN_UE_NGAP_ID[4] AMF_UE_NGAP_ID[9] TAC[1] CellID[0x21] (../src/amf/ngap-handler.c:622)
[32m04/17 18:13:18.034[0m: [[33mamf[0m] [1;32mINFO[0m: [suci-0-001-01-0000-0-0-1234567909] Unknown UE by SUCI (../src/amf/context.c:1912)
[32m04/17 18:13:18.034[0m: [[33mamf[0m] [1;32mINFO[0m: [Added] Number of AMF-UEs is now 6 (../src/amf/context.c:1688)
[32m04/17 18:13:18.034[0m: [[33mgmm[0m] [1;32mINFO[0m: Registration request (../src/amf/gmm-sm.c:1623)
[32m04/17 18:13:18.034[0m: [[33mgmm[0m] [1;32mINFO[0m: [suci-0-001-01-0000-0-0-1234567909]    SUCI (../src/amf/gmm-handler.c:183)
[32m04/17 18:13:18.034[0m: [[33msbi[0m] [1;32mINFO[0m: [2d69273a-3ab2-41f1-823d-c1444f04ff14] Setup NF Instance [type:AUSF] (../lib/sbi/path.c:307)
[32m04/17 18:13:18.038[0m: [[33mamf[0m] [1;32mINFO[0m: Setup NF EndPoint(addr) [172.22.0.11:7777] (../src/amf/nausf-handler.c:130)
[32m04/17 18:13:18.045[0m: [[33mgmm[0m] [1;33mERROR[0m: Cannot find Requested NSSAI [1] (../src/amf/gmm-handler.c:437)
[32m04/17 18:13:18.045[0m: [[33mgmm[0m] [1;33mERROR[0m:     PLMN_ID[MCC:1 MNC:1] (../src/amf/gmm-handler.c:440)
[32m04/17 18:13:18.045[0m: [[33mgmm[0m] [1;33mERROR[0m:     S_NSSAI[SST:3 SD:0xffffff] (../src/amf/gmm-handler.c:443)
[32m04/17 18:13:18.045[0m: [[33mgmm[0m] [1;33mERROR[0m: [suci-0-001-01-0000-0-0-1234567909] gmm_handle_security_mode_complete() failed [62] in type [65] (../src/amf/gmm-sm.c:2486)
[32m04/17 18:13:18.045[0m: [[33mamf[0m] [1;36mWARNING[0m: [suci-0-001-01-0000-0-0-1234567909] Registration reject [62] (../src/amf/nas-path.c:213)
[32m04/17 18:13:18.046[0m: [[33mamf[0m] [1;32mINFO[0m: UE Context Release [Action:3] (../src/amf/ngap-handler.c:1757)
[32m04/17 18:13:18.046[0m: [[33mamf[0m] [1;32mINFO[0m:     RAN_UE_NGAP_ID[4] AMF_UE_NGAP_ID[9] (../src/amf/ngap-handler.c:1758)
[32m04/17 18:13:18.046[0m: [[33mamf[0m] [1;32mINFO[0m:     SUCI[suci-0-001-01-0000-0-0-1234567909] (../src/amf/ngap-handler.c:1762)
[32m04/17 18:13:18.046[0m: [[33mamf[0m] [1;32mINFO[0m: [Removed] Number of gNB-UEs is now 5 (../src/amf/context.c:2784)
[32m04/17 18:13:18.046[0m: [[33mamf[0m] [1;32mINFO[0m: [Removed] Number of AMF-UEs is now 5 (../src/amf/context.c:1786)
[32m04/17 18:13:29.043[0m: [[33mamf[0m] [1;32mINFO[0m: InitialUEMessage (../src/amf/ngap-handler.c:461)
[32m04/17 18:13:29.043[0m: [[33mamf[0m] [1;32mINFO[0m: [Added] Number of gNB-UEs is now 6 (../src/amf/context.c:2777)
[32m04/17 18:13:29.043[0m: [[33mamf[0m] [1;32mINFO[0m:     RAN_UE_NGAP_ID[5] AMF_UE_NGAP_ID[10] TAC[1] CellID[0x21] (../src/amf/ngap-handler.c:622)
[32m04/17 18:13:29.043[0m: [[33mamf[0m] [1;32mINFO[0m: [suci-0-001-01-0000-0-0-1234567909] Unknown UE by SUCI (../src/amf/context.c:1912)
[32m04/17 18:13:29.043[0m: [[33mamf[0m] [1;32mINFO[0m: [Added] Number of AMF-UEs is now 6 (../src/amf/context.c:1688)
[32m04/17 18:13:29.043[0m: [[33mgmm[0m] [1;32mINFO[0m: Registration request (../src/amf/gmm-sm.c:1623)
[32m04/17 18:13:29.043[0m: [[33mgmm[0m] [1;32mINFO[0m: [suci-0-001-01-0000-0-0-1234567909]    SUCI (../src/amf/gmm-handler.c:183)
[32m04/17 18:13:29.044[0m: [[33msbi[0m] [1;32mINFO[0m: [2d69273a-3ab2-41f1-823d-c1444f04ff14] Setup NF Instance [type:AUSF] (../lib/sbi/path.c:307)
[32m04/17 18:13:29.046[0m: [[33mamf[0m] [1;32mINFO[0m: Setup NF EndPoint(addr) [172.22.0.11:7777] (../src/amf/nausf-handler.c:130)
[32m04/17 18:13:29.050[0m: [[33mgmm[0m] [1;33mERROR[0m: Cannot find Requested NSSAI [1] (../src/amf/gmm-handler.c:437)
[32m04/17 18:13:29.050[0m: [[33mgmm[0m] [1;33mERROR[0m:     PLMN_ID[MCC:1 MNC:1] (../src/amf/gmm-handler.c:440)
[32m04/17 18:13:29.050[0m: [[33mgmm[0m] [1;33mERROR[0m:     S_NSSAI[SST:3 SD:0xffffff] (../src/amf/gmm-handler.c:443)
[32m04/17 18:13:29.050[0m: [[33mgmm[0m] [1;33mERROR[0m: [suci-0-001-01-0000-0-0-1234567909] gmm_handle_security_mode_complete() failed [62] in type [65] (../src/amf/gmm-sm.c:2486)
[32m04/17 18:13:29.050[0m: [[33mamf[0m] [1;36mWARNING[0m: [suci-0-001-01-0000-0-0-1234567909] Registration reject [62] (../src/amf/nas-path.c:213)
[32m04/17 18:13:29.050[0m: [[33mamf[0m] [1;32mINFO[0m: UE Context Release [Action:3] (../src/amf/ngap-handler.c:1757)
[32m04/17 18:13:29.050[0m: [[33mamf[0m] [1;32mINFO[0m:     RAN_UE_NGAP_ID[5] AMF_UE_NGAP_ID[10] (../src/amf/ngap-handler.c:1758)
[32m04/17 18:13:29.050[0m: [[33mamf[0m] [1;32mINFO[0m:     SUCI[suci-0-001-01-0000-0-0-1234567909] (../src/amf/ngap-handler.c:1762)
[32m04/17 18:13:29.050[0m: [[33mamf[0m] [1;32mINFO[0m: [Removed] Number of gNB-UEs is now 5 (../src/amf/context.c:2784)
[32m04/17 18:13:29.050[0m: [[33mamf[0m] [1;32mINFO[0m: [Removed] Number of AMF-UEs is now 5 (../src/amf/context.c:1786)
[32m04/17 18:13:32.728[0m: [[33mgmm[0m] [1;36mWARNING[0m: [imsi-001011234567908] Ue requested DNN "invalid_dnn" Not Supported OR Not Subscribed in the Slice (../src/amf/gmm-handler.c:1403)
[32m04/17 18:13:39.053[0m: [[33mamf[0m] [1;32mINFO[0m: InitialUEMessage (../src/amf/ngap-handler.c:461)
[32m04/17 18:13:39.053[0m: [[33mamf[0m] [1;32mINFO[0m: [Added] Number of gNB-UEs is now 6 (../src/amf/context.c:2777)
[32m04/17 18:13:39.053[0m: [[33mamf[0m] [1;32mINFO[0m:     RAN_UE_NGAP_ID[6] AMF_UE_NGAP_ID[11] TAC[1] CellID[0x21] (../src/amf/ngap-handler.c:622)
[32m04/17 18:13:39.053[0m: [[33mamf[0m] [1;32mINFO[0m: [suci-0-001-01-0000-0-0-1234567909] Unknown UE by SUCI (../src/amf/context.c:1912)
[32m04/17 18:13:39.053[0m: [[33mamf[0m] [1;32mINFO[0m: [Added] Number of AMF-UEs is now 6 (../src/amf/context.c:1688)
[32m04/17 18:13:39.053[0m: [[33mgmm[0m] [1;32mINFO[0m: Registration request (../src/amf/gmm-sm.c:1623)
[32m04/17 18:13:39.053[0m: [[33mgmm[0m] [1;32mINFO[0m: [suci-0-001-01-0000-0-0-1234567909]    SUCI (../src/amf/gmm-handler.c:183)
[32m04/17 18:13:39.053[0m: [[33msbi[0m] [1;32mINFO[0m: [2d69273a-3ab2-41f1-823d-c1444f04ff14] Setup NF Instance [type:AUSF] (../lib/sbi/path.c:307)
[32m04/17 18:13:39.056[0m: [[33mamf[0m] [1;32mINFO[0m: Setup NF EndPoint(addr) [172.22.0.11:7777] (../src/amf/nausf-handler.c:130)
[32m04/17 18:13:39.060[0m: [[33mgmm[0m] [1;33mERROR[0m: Cannot find Requested NSSAI [1] (../src/amf/gmm-handler.c:437)
[32m04/17 18:13:39.060[0m: [[33mgmm[0m] [1;33mERROR[0m:     PLMN_ID[MCC:1 MNC:1] (../src/amf/gmm-handler.c:440)
[32m04/17 18:13:39.060[0m: [[33mgmm[0m] [1;33mERROR[0m:     S_NSSAI[SST:3 SD:0xffffff] (../src/amf/gmm-handler.c:443)
[32m04/17 18:13:39.060[0m: [[33mgmm[0m] [1;33mERROR[0m: [suci-0-001-01-0000-0-0-1234567909] gmm_handle_security_mode_complete() failed [62] in type [65] (../src/amf/gmm-sm.c:2486)
[32m04/17 18:13:39.060[0m: [[33mamf[0m] [1;36mWARNING[0m: [suci-0-001-01-0000-0-0-1234567909] Registration reject [62] (../src/amf/nas-path.c:213)
[32m04/17 18:13:39.061[0m: [[33mamf[0m] [1;32mINFO[0m: UE Context Release [Action:3] (../src/amf/ngap-handler.c:1757)
[32m04/17 18:13:39.061[0m: [[33mamf[0m] [1;32mINFO[0m:     RAN_UE_NGAP_ID[6] AMF_UE_NGAP_ID[11] (../src/amf/ngap-handler.c:1758)
[32m04/17 18:13:39.061[0m: [[33mamf[0m] [1;32mINFO[0m:     SUCI[suci-0-001-01-0000-0-0-1234567909] (../src/amf/ngap-handler.c:1762)
[32m04/17 18:13:39.061[0m: [[33mamf[0m] [1;32mINFO[0m: [Removed] Number of gNB-UEs is now 5 (../src/amf/context.c:2784)
[32m04/17 18:13:39.061[0m: [[33mamf[0m] [1;32mINFO[0m: [Removed] Number of AMF-UEs is now 5 (../src/amf/context.c:1786)
[32m04/17 18:13:48.744[0m: [[33mgmm[0m] [1;36mWARNING[0m: [imsi-001011234567908] Ue requested DNN "invalid_dnn" Not Supported OR Not Subscribed in the Slice (../src/amf/gmm-handler.c:1403)
[32m04/17 18:13:49.064[0m: [[33mamf[0m] [1;32mINFO[0m: InitialUEMessage (../src/amf/ngap-handler.c:461)
[32m04/17 18:13:49.064[0m: [[33mamf[0m] [1;32mINFO[0m: [Added] Number of gNB-UEs is now 6 (../src/amf/context.c:2777)
[32m04/17 18:13:49.064[0m: [[33mamf[0m] [1;32mINFO[0m:     RAN_UE_NGAP_ID[7] AMF_UE_NGAP_ID[12] TAC[1] CellID[0x21] (../src/amf/ngap-handler.c:622)
[32m04/17 18:13:49.064[0m: [[33mamf[0m] [1;32mINFO[0m: [suci-0-001-01-0000-0-0-1234567909] Unknown UE by SUCI (../src/amf/context.c:1912)
[32m04/17 18:13:49.064[0m: [[33mamf[0m] [1;32mINFO[0m: [Added] Number of AMF-UEs is now 6 (../src/amf/context.c:1688)
[32m04/17 18:13:49.064[0m: [[33mgmm[0m] [1;32mINFO[0m: Registration request (../src/amf/gmm-sm.c:1623)
[32m04/17 18:13:49.064[0m: [[33mgmm[0m] [1;32mINFO[0m: [suci-0-001-01-0000-0-0-1234567909]    SUCI (../src/amf/gmm-handler.c:183)
[32m04/17 18:13:49.064[0m: [[33msbi[0m] [1;32mINFO[0m: [2d69273a-3ab2-41f1-823d-c1444f04ff14] Setup NF Instance [type:AUSF] (../lib/sbi/path.c:307)
[32m04/17 18:13:49.068[0m: [[33mamf[0m] [1;32mINFO[0m: Setup NF EndPoint(addr) [172.22.0.11:7777] (../src/amf/nausf-handler.c:130)
[32m04/17 18:13:49.073[0m: [[33mgmm[0m] [1;33mERROR[0m: Cannot find Requested NSSAI [1] (../src/amf/gmm-handler.c:437)
[32m04/17 18:13:49.073[0m: [[33mgmm[0m] [1;33mERROR[0m:     PLMN_ID[MCC:1 MNC:1] (../src/amf/gmm-handler.c:440)
[32m04/17 18:13:49.074[0m: [[33mgmm[0m] [1;33mERROR[0m:     S_NSSAI[SST:3 SD:0xffffff] (../src/amf/gmm-handler.c:443)
[32m04/17 18:13:49.074[0m: [[33mgmm[0m] [1;33mERROR[0m: [suci-0-001-01-0000-0-0-1234567909] gmm_handle_security_mode_complete() failed [62] in type [65] (../src/amf/gmm-sm.c:2486)
[32m04/17 18:13:49.074[0m: [[33mamf[0m] [1;36mWARNING[0m: [suci-0-001-01-0000-0-0-1234567909] Registration reject [62] (../src/amf/nas-path.c:213)
[32m04/17 18:13:49.074[0m: [[33mamf[0m] [1;32mINFO[0m: UE Context Release [Action:3] (../src/amf/ngap-handler.c:1757)
[32m04/17 18:13:49.074[0m: [[33mamf[0m] [1;32mINFO[0m:     RAN_UE_NGAP_ID[7] AMF_UE_NGAP_ID[12] (../src/amf/ngap-handler.c:1758)
[32m04/17 18:13:49.074[0m: [[33mamf[0m] [1;32mINFO[0m:     SUCI[suci-0-001-01-0000-0-0-1234567909] (../src/amf/ngap-handler.c:1762)
[32m04/17 18:13:49.074[0m: [[33mamf[0m] [1;32mINFO[0m: [Removed] Number of gNB-UEs is now 5 (../src/amf/context.c:2784)
[32m04/17 18:13:49.074[0m: [[33mamf[0m] [1;32mINFO[0m: [Removed] Number of AMF-UEs is now 5 (../src/amf/context.c:1786)
[32m04/17 18:13:55.498[0m: [[33mamf[0m] [1;32mINFO[0m: gNB-N2[172.22.0.23] connection refused!!! (../src/amf/amf-sm.c:997)
[32m04/17 18:13:55.499[0m: [[33mamf[0m] [1;32mINFO[0m: [Removed] Number of gNB-UEs is now 4 (../src/amf/context.c:2784)
[32m04/17 18:13:55.499[0m: [[33mamf[0m] [1;32mINFO[0m: [Removed] Number of gNBs is now 2 (../src/amf/context.c:1305)
[32m04/17 18:13:55.501[0m: [[33mamf[0m] [1;32mINFO[0m: [Removed] Number of gNB-UEs is now 3 (../src/amf/context.c:2784)
[32m04/17 18:13:55.501[0m: [[33mamf[0m] [1;32mINFO[0m: [imsi-001011234567896:1:51][0:0:NULL] /nsmf-pdusession/v1/sm-contexts/{smContextRef}/modify (../src/amf/nsmf-handler.c:937)
[32m04/17 18:14:00.505[0m: [[33mamf[0m] [1;36mWARNING[0m: NGReset (../src/amf/ngap-handler.c:4622)
[32m04/17 18:14:00.505[0m: [[33mamf[0m] [1;36mWARNING[0m:     Cause[Group:1 Cause:21] (../src/amf/ngap-handler.c:4650)
[32m04/17 18:14:00.505[0m: [[33mamf[0m] [1;36mWARNING[0m:     NGAP_ResetType_PR_partOfNG_Interface (../src/amf/ngap-handler.c:4707)
[32m04/17 18:14:00.507[0m: [[33mamf[0m] [1;32mINFO[0m: [Removed] Number of gNB-UEs is now 2 (../src/amf/context.c:2784)
[32m04/17 18:14:00.507[0m: [[33mamf[0m] [1;32mINFO[0m: [imsi-001011234567895:1:53][0:0:NULL] /nsmf-pdusession/v1/sm-contexts/{smContextRef}/modify (../src/amf/nsmf-handler.c:937)
[32m04/17 18:14:00.512[0m: [[33mamf[0m] [1;32mINFO[0m: gNB-N2[172.22.0.37] connection refused!!! (../src/amf/amf-sm.c:997)
[32m04/17 18:14:00.512[0m: [[33mamf[0m] [1;32mINFO[0m: [Removed] Number of gNBs is now 1 (../src/amf/context.c:1305)
[32m04/17 18:14:31.834[0m: [[33mamf[0m] [1;32mINFO[0m: gNB-N2[172.22.0.25] connection refused!!! (../src/amf/amf-sm.c:997)
[32m04/17 18:14:31.835[0m: [[33mamf[0m] [1;32mINFO[0m: [Removed] Number of gNBs is now 0 (../src/amf/context.c:1305)
[32m04/17 18:14:31.837[0m: [[33mamf[0m] [1;32mINFO[0m: [Removed] Number of gNB-UEs is now 1 (../src/amf/context.c:2784)
[32m04/17 18:14:31.837[0m: [[33mamf[0m] [1;32mINFO[0m: [imsi-001011234567898:1:51][0:0:NULL] /nsmf-pdusession/v1/sm-contexts/{smContextRef}/modify (../src/amf/nsmf-handler.c:937)
[32m04/17 18:14:31.837[0m: [[33mamf[0m] [1;32mINFO[0m: [Removed] Number of gNB-UEs is now 0 (../src/amf/context.c:2784)
[32m04/17 18:14:31.837[0m: [[33mamf[0m] [1;32mINFO[0m: [imsi-001011234567899:1:51][0:0:NULL] /nsmf-pdusession/v1/sm-contexts/{smContextRef}/modify (../src/amf/nsmf-handler.c:937)
