Deploying component: 'udm'
Open5GS daemon v2.7.6-131-g782a97e

[32m04/17 18:07:16.618[0m: [[33mapp[0m] [1;32mINFO[0m: Configuration: '/open5gs/install/etc/open5gs/udm.yaml' (../lib/app/ogs-init.c:144)
[32m04/17 18:07:16.618[0m: [[33mapp[0m] [1;32mINFO[0m: File Logging: '/open5gs/install/var/log/open5gs/udm.log' (../lib/app/ogs-init.c:147)
[32m04/17 18:07:16.621[0m: [[33msbi[0m] [1;32mINFO[0m: Setup NF EndPoint(addr) [172.22.0.12:7777] (../lib/sbi/context.c:451)
[32m04/17 18:07:16.621[0m: [[33msbi[0m] [1;32mINFO[0m: Setup NF EndPoint(addr) [172.22.0.35:7777] (../lib/sbi/context.c:499)
[32m04/17 18:07:16.621[0m: [[33msbi[0m] [1;32mINFO[0m: NF Service [nudm-ueau] (../lib/sbi/context.c:1985)
[32m04/17 18:07:16.621[0m: [[33msbi[0m] [1;32mINFO[0m: NF Service [nudm-uecm] (../lib/sbi/context.c:1985)
[32m04/17 18:07:16.621[0m: [[33msbi[0m] [1;32mINFO[0m: NF Service [nudm-sdm] (../lib/sbi/context.c:1985)
[32m04/17 18:07:16.621[0m: [[33msbi[0m] [1;32mINFO[0m: nghttp2_server() [http://172.22.0.13]:7777 (../lib/sbi/nghttp2-server.c:439)
[32m04/17 18:07:16.621[0m: [[33mapp[0m] [1;32mINFO[0m: UDM initialize...done (../src/udm/app.c:31)
[32m04/17 18:07:16.623[0m: [[33msbi[0m] [1;32mINFO[0m: [2d71a9f0-3ab2-41f1-8536-6bef98b8eb69] NF registered [Heartbeat:10s] (../lib/sbi/nf-sm.c:295)
[32m04/17 18:07:16.625[0m: [[33msbi[0m] [1;32mINFO[0m: Setup NF EndPoint(addr) [172.22.0.12:7777] (../lib/sbi/nnrf-handler.c:955)
[32m04/17 18:07:16.625[0m: [[33msbi[0m] [1;32mINFO[0m: [2d72314a-3ab2-41f1-bf45-2fa49d5b6904] Subscription created until 2026-04-18T18:07:16.624451-05:00 [duration:86400000000,validity:86400.000000,patch:43200.000000] (../lib/sbi/nnrf-handler.c:874)
[32m04/17 18:07:16.625[0m: [[33msbi[0m] [1;32mINFO[0m: Setup NF EndPoint(addr) [172.22.0.12:7777] (../lib/sbi/nnrf-handler.c:955)
[32m04/17 18:07:16.625[0m: [[33msbi[0m] [1;32mINFO[0m: [2d723b2c-3ab2-41f1-bf45-2fa49d5b6904] Subscription created until 2026-04-18T18:07:16.624695-05:00 [duration:86400000000,validity:86400.000000,patch:43200.000000] (../lib/sbi/nnrf-handler.c:874)
[32m04/17 18:07:26.604[0m: [[33msbi[0m] [1;32mINFO[0m: [3364687a-3ab2-41f1-b880-81da303b14dc] (NRF-notify) NF registered (../lib/sbi/nnrf-handler.c:1140)
[32m04/17 18:07:26.605[0m: [[33msbi[0m] [1;32mINFO[0m: [3364687a-3ab2-41f1-b880-81da303b14dc] (NRF-notify) NF Profile updated [type:UDR] (../lib/sbi/nnrf-handler.c:1154)
[32m04/17 18:07:26.605[0m: [[33msbi[0m] [1;32mINFO[0m: Setup NF EndPoint(addr) [172.22.0.14:80] (../lib/sbi/context.c:2439)
[32m04/17 18:07:26.605[0m: [[33msbi[0m] [1;32mINFO[0m: Setup NF EndPoint(addr) [172.22.0.14:7777] (../lib/sbi/context.c:2104)
[32m04/17 18:11:32.016[0m: [[33msbi[0m] [1;32mINFO[0m: [3364687a-3ab2-41f1-b880-81da303b14dc] Setup NF Instance [type:UDR] (../lib/sbi/path.c:307)
[32m04/17 18:11:32.364[0m: [[33msbi[0m] [1;32mINFO[0m: [3364687a-3ab2-41f1-b880-81da303b14dc] Setup NF Instance [type:UDR] (../lib/sbi/path.c:307)
[32m04/17 18:11:34.895[0m: [[33msbi[0m] [1;32mINFO[0m: [3364687a-3ab2-41f1-b880-81da303b14dc] Setup NF Instance [type:UDR] (../lib/sbi/path.c:307)
[32m04/17 18:11:35.128[0m: [[33msbi[0m] [1;32mINFO[0m: [3364687a-3ab2-41f1-b880-81da303b14dc] Setup NF Instance [type:UDR] (../lib/sbi/path.c:307)
[32m04/17 18:11:41.706[0m: [[33msbi[0m] [1;32mINFO[0m: [3364687a-3ab2-41f1-b880-81da303b14dc] Setup NF Instance [type:UDR] (../lib/sbi/path.c:307)
[32m04/17 18:11:41.936[0m: [[33msbi[0m] [1;32mINFO[0m: [3364687a-3ab2-41f1-b880-81da303b14dc] Setup NF Instance [type:UDR] (../lib/sbi/path.c:307)
[32m04/17 18:11:46.876[0m: [[33msbi[0m] [1;32mINFO[0m: [3364687a-3ab2-41f1-b880-81da303b14dc] Setup NF Instance [type:UDR] (../lib/sbi/path.c:307)
[32m04/17 18:11:47.109[0m: [[33msbi[0m] [1;32mINFO[0m: [3364687a-3ab2-41f1-b880-81da303b14dc] Setup NF Instance [type:UDR] (../lib/sbi/path.c:307)
[32m04/17 18:12:49.434[0m: [[33msbi[0m] [1;32mINFO[0m: [3364687a-3ab2-41f1-b880-81da303b14dc] Setup NF Instance [type:UDR] (../lib/sbi/path.c:307)
[32m04/17 18:12:49.436[0m: [[33mudm[0m] [1;36mWARNING[0m: [suci-0-001-01-0000-0-0-1234567905] HTTP response error [404] (../src/udm/nudr-handler.c:87)
[32m04/17 18:12:49.436[0m: [[33mudm[0m] [1;36mWARNING[0m: udm_nudr_dr_handle_subscription_authentication() failed (../src/udm/ue-sm.c:318)
[32m04/17 18:12:49.436[0m: [[33mudm[0m] [1;36mWARNING[0m: [suci-0-001-01-0000-0-0-1234567905] State machine exception (../src/udm/udm-sm.c:512)
[32m04/17 18:12:54.822[0m: [[33msbi[0m] [1;32mINFO[0m: [3364687a-3ab2-41f1-b880-81da303b14dc] Setup NF Instance [type:UDR] (../lib/sbi/path.c:307)
[32m04/17 18:12:54.827[0m: [[33mudm[0m] [1;33mERROR[0m: [suci-0-001-01-0000-0-0-1234567906] Re-synch MAC failed (../src/udm/nudm-handler.c:129)
[MAC_S] 0000: 87964cf1 93bc71ae                     ..L...q.
0000: c9024de0 fb774f3b                     ..M..wO;
0000: a2f12f3a 8c5b                         ../:.[
[32m04/17 18:12:59.698[0m: [[33msbi[0m] [1;32mINFO[0m: [3364687a-3ab2-41f1-b880-81da303b14dc] Setup NF Instance [type:UDR] (../lib/sbi/path.c:307)
[32m04/17 18:13:07.024[0m: [[33msbi[0m] [1;32mINFO[0m: [3364687a-3ab2-41f1-b880-81da303b14dc] Setup NF Instance [type:UDR] (../lib/sbi/path.c:307)
