2025-09-06T06:07:17.381781 [GNB     ] [I] Built in Release mode using commit 920ee6eceb on branch HEAD
2025-09-06T06:07:19.506092 [GNB     ] [W] Could not check scaling governor. filename=/sys/devices/system/cpu/cpu0/cpufreq/scaling_governor error=No such file or directory
2025-09-06T06:07:19.506106 [GNB     ] [W] Could not check DRM KMS polling. filename=/sys/module/drm_kms_helper/parameters/poll error=No such file or directory
2025-09-06T06:07:19.937884 [zmq:tx:0:0] [I] Binding to address tcp://172.22.0.37:2000.
2025-09-06T06:07:19.984169 [zmq:rx:0:0] [I] Connecting to address tcp://172.22.0.34:2001.
2025-09-06T06:07:22.774305 [zmq:tx:0:0] [I] Waiting for request.
2025-09-06T06:07:22.774391 [zmq:rx:0:0] [I] Waiting for data.
2025-09-06T06:07:22.774559 [zmq:rx:0:0] [I] Waiting for reading samples. Completed 0 of 11520 samples.
2025-09-06T06:07:23.774306 [zmq:tx:0:0] [I] Waiting for request.
2025-09-06T06:07:23.774394 [zmq:rx:0:0] [I] Waiting for data.
2025-09-06T06:07:23.774562 [zmq:rx:0:0] [I] Waiting for reading samples. Completed 0 of 11520 samples.
2025-09-06T06:07:24.774312 [zmq:tx:0:0] [I] Waiting for request.
2025-09-06T06:07:24.774395 [zmq:rx:0:0] [I] Waiting for data.
2025-09-06T06:07:24.774581 [zmq:rx:0:0] [I] Waiting for reading samples. Completed 0 of 11520 samples.
2025-09-06T06:07:25.774312 [zmq:tx:0:0] [I] Waiting for request.
2025-09-06T06:07:25.774397 [zmq:rx:0:0] [I] Waiting for data.
2025-09-06T06:07:25.774670 [zmq:rx:0:0] [I] Waiting for reading samples. Completed 0 of 11520 samples.
2025-09-06T06:07:26.774315 [zmq:tx:0:0] [I] Waiting for request.
2025-09-06T06:07:26.774401 [zmq:rx:0:0] [I] Waiting for data.
2025-09-06T06:07:26.774696 [zmq:rx:0:0] [I] Waiting for reading samples. Completed 0 of 11520 samples.
2025-09-06T06:07:27.774318 [zmq:tx:0:0] [I] Waiting for request.
2025-09-06T06:07:27.774401 [zmq:rx:0:0] [I] Waiting for data.
2025-09-06T06:07:27.774788 [zmq:rx:0:0] [I] Waiting for reading samples. Completed 0 of 11520 samples.
2025-09-06T06:07:28.774321 [zmq:tx:0:0] [I] Waiting for request.
2025-09-06T06:07:28.774402 [zmq:rx:0:0] [I] Waiting for data.
2025-09-06T06:07:28.774866 [zmq:rx:0:0] [I] Waiting for reading samples. Completed 0 of 11520 samples.
2025-09-06T06:07:29.774319 [zmq:tx:0:0] [I] Waiting for request.
2025-09-06T06:07:29.774402 [zmq:rx:0:0] [I] Waiting for data.
2025-09-06T06:07:29.774873 [zmq:rx:0:0] [I] Waiting for reading samples. Completed 0 of 11520 samples.
2025-09-06T06:07:30.774322 [zmq:tx:0:0] [I] Waiting for request.
2025-09-06T06:07:30.774405 [zmq:rx:0:0] [I] Waiting for data.
2025-09-06T06:07:30.774984 [zmq:rx:0:0] [I] Waiting for reading samples. Completed 0 of 11520 samples.
2025-09-06T06:07:31.774321 [zmq:tx:0:0] [I] Waiting for request.
2025-09-06T06:07:31.774405 [zmq:rx:0:0] [I] Waiting for data.
2025-09-06T06:07:31.775041 [zmq:rx:0:0] [I] Waiting for reading samples. Completed 0 of 11520 samples.
2025-09-06T06:07:32.774325 [zmq:tx:0:0] [I] Waiting for request.
2025-09-06T06:07:32.774407 [zmq:rx:0:0] [I] Waiting for data.
2025-09-06T06:07:32.775220 [zmq:rx:0:0] [I] Waiting for reading samples. Completed 0 of 11520 samples.
2025-09-06T06:07:33.774357 [zmq:tx:0:0] [I] Waiting for request.
2025-09-06T06:07:33.774408 [zmq:rx:0:0] [I] Waiting for data.
2025-09-06T06:07:33.775275 [zmq:rx:0:0] [I] Waiting for reading samples. Completed 0 of 11520 samples.
2025-09-06T06:12:48.868439 [zmq:rx:0:0] [I] Waiting for data.
2025-09-06T06:12:48.869384 [zmq:rx:0:0] [I] Waiting for reading samples. Completed 12 of 11520 samples.
2025-09-06T06:12:48.870267 [zmq:tx:0:0] [I] Waiting for data.
2025-09-06T06:12:49.868268 [zmq:rx:0:0] [I] Waiting for data.
2025-09-06T06:12:49.869403 [zmq:rx:0:0] [I] Waiting for reading samples. Completed 12 of 11520 samples.
2025-09-06T06:12:49.870267 [zmq:tx:0:0] [I] Waiting for data.
2025-09-06T06:12:50.868269 [zmq:rx:0:0] [I] Waiting for data.
2025-09-06T06:12:50.869462 [zmq:rx:0:0] [I] Waiting for reading samples. Completed 12 of 11520 samples.
2025-09-06T06:12:50.870270 [zmq:tx:0:0] [I] Waiting for data.
2025-09-06T06:12:51.868268 [zmq:rx:0:0] [I] Waiting for data.
2025-09-06T06:12:51.869507 [zmq:rx:0:0] [I] Waiting for reading samples. Completed 12 of 11520 samples.
2025-09-06T06:12:51.870270 [zmq:tx:0:0] [I] Waiting for data.
2025-09-06T06:12:52.868271 [zmq:rx:0:0] [I] Waiting for data.
2025-09-06T06:12:52.869556 [zmq:rx:0:0] [I] Waiting for reading samples. Completed 12 of 11520 samples.
2025-09-06T06:12:52.870271 [zmq:tx:0:0] [I] Waiting for data.
2025-09-06T06:12:53.868271 [zmq:rx:0:0] [I] Waiting for data.
2025-09-06T06:12:53.869653 [zmq:rx:0:0] [I] Waiting for reading samples. Completed 12 of 11520 samples.
2025-09-06T06:12:53.870317 [zmq:tx:0:0] [I] Waiting for data.
2025-09-06T06:12:54.868271 [zmq:rx:0:0] [I] Waiting for data.
2025-09-06T06:12:54.869676 [zmq:rx:0:0] [I] Waiting for reading samples. Completed 12 of 11520 samples.
2025-09-06T06:12:54.870274 [zmq:tx:0:0] [I] Waiting for data.
2025-09-06T06:12:56.217590 [zmq:rx:0:0] [I] Waiting for data.
2025-09-06T06:12:56.219069 [zmq:rx:0:0] [I] Waiting for reading samples. Completed 12 of 11520 samples.
2025-09-06T06:12:56.219675 [zmq:tx:0:0] [I] Waiting for data.
2025-09-06T06:12:57.217679 [zmq:rx:0:0] [I] Waiting for data.
2025-09-06T06:12:57.219104 [zmq:rx:0:0] [I] Waiting for reading samples. Completed 12 of 11520 samples.
2025-09-06T06:12:57.219593 [zmq:tx:0:0] [I] Waiting for data.
(END)