Deploying component: 'hss'
ln: failed to create symbolic link '/usr/bin/mongosh': File exists
.............................................................................++++++++++++++++++++++++++++++++++++++++++++++++++++++++++++++++
...................................................++++++++++++++++++++++++++++++++++++++++++++++++++++++++++++++++
-----
Using configuration from /usr/lib/ssl/openssl.cnf
4067872157750000:error:0700006C:configuration file routines:NCONF_get_string:no value:../crypto/conf/conf_lib.c:315:group=<NULL> name=unique_subject
Check that the request matches the signature
Signature ok
Certificate Details:
        Serial Number: 1 (0x1)
        Validity
            Not Before: Apr 17 22:48:51 2026 GMT
            Not After : Apr 14 22:48:51 2036 GMT
        Subject:
            countryName               = KO
            stateOrProvinceName       = Seoul
            organizationName          = Open5GS
            organizationalUnitName    = Tests
            commonName                = hss.epc.mnc001.mcc001.3gppnetwork.org
        X509v3 extensions:
            X509v3 Basic Constraints: 
                CA:FALSE
            X509v3 Subject Key Identifier: 
                5A:60:69:DA:86:A4:4E:C9:66:C8:C7:9E:DB:C4:0A:2F:37:23:CB:7A
            X509v3 Authority Key Identifier: 
                C2:94:E1:2D:9D:C2:03:2F:EB:72:7D:CB:9B:9A:4F:DD:A2:23:80:75
Certificate is to be certified until Apr 14 22:48:51 2036 GMT (3650 days)

Write out database with 1 new entries
Data Base Updated
Open5GS daemon v2.7.6-131-g782a97e

[32m04/17 17:49:01.797[0m: [[33mapp[0m] [1;32mINFO[0m: Configuration: '/open5gs/install/etc/open5gs/hss.yaml' (../lib/app/ogs-init.c:144)
[32m04/17 17:49:01.797[0m: [[33mapp[0m] [1;32mINFO[0m: File Logging: '/open5gs/install/var/log/open5gs/hss.log' (../lib/app/ogs-init.c:147)
[32m04/17 17:49:01.800[0m: [[33mdbi[0m] [1;32mINFO[0m: MongoDB URI: 'mongodb://172.22.0.2/open5gs' (../lib/dbi/ogs-mongoc.c:130)
[32m04/17 17:49:01.854[0m: [[33mapp[0m] [1;32mINFO[0m: Polling freeDiameter stats every 60000000 usecs (../lib/diameter/common/stats.c:77)
[32m04/17 17:49:01.854[0m: [[33mapp[0m] [1;32mINFO[0m: HSS initialize...done (../src/hss/app-init.c:31)
[32m04/17 17:49:01.856[0m: [[33mdiam[0m] [1;32mINFO[0m: CONNECTED TO 'mme.epc.mnc001.mcc001.3gppnetwork.org' (SCTP,soc#16): (../lib/diameter/common/logger.c:81)
[32m04/17 17:53:00.556[0m: [[33mdbi[0m] [1;32mINFO[0m: [imsi-001011234567901] Cannot find IMSI in DB (../lib/dbi/subscription.c:63)
[32m04/17 17:53:00.557[0m: [[33mhss[0m] [1;36mWARNING[0m: Failed to get auth info for IMSI: 001011234567901 (../src/hss/hss-s6a-path.c:157)
