Deploying component: 'mme'
.............................++++++++++++++++++++++++++++++++++++++++++++++++++++++++++++++++
.....++++++++++++++++++++++++++++++++++++++++++++++++++++++++++++++++
-----
Using configuration from /usr/lib/ssl/openssl.cnf
40A7B292AF7C0000:error:0700006C:configuration file routines:NCONF_get_string:no value:../crypto/conf/conf_lib.c:315:group=<NULL> name=unique_subject
Check that the request matches the signature
Signature ok
Certificate Details:
        Serial Number: 1 (0x1)
        Validity
            Not Before: Apr 17 22:48:52 2026 GMT
            Not After : Apr 14 22:48:52 2036 GMT
        Subject:
            countryName               = KO
            stateOrProvinceName       = Seoul
            organizationName          = Open5GS
            organizationalUnitName    = Tests
            commonName                = mme.epc.mnc001.mcc001.3gppnetwork.org
        X509v3 extensions:
            X509v3 Basic Constraints: 
                CA:FALSE
            X509v3 Subject Key Identifier: 
                8F:F3:24:5E:92:D4:57:88:93:EC:49:26:92:9C:9E:5C:49:50:80:C5
            X509v3 Authority Key Identifier: 
                DC:FA:A6:25:30:0F:89:02:D5:F3:82:D4:40:CD:53:31:42:17:74:50
Certificate is to be certified until Apr 14 22:48:52 2036 GMT (3650 days)

Write out database with 1 new entries
Data Base Updated
Open5GS daemon v2.7.6-131-g782a97e

[32m04/17 17:48:52.174[0m: [[33mapp[0m] [1;32mINFO[0m: Configuration: '/open5gs/install/etc/open5gs/mme.yaml' (../lib/app/ogs-init.c:144)
[32m04/17 17:48:52.174[0m: [[33mapp[0m] [1;32mINFO[0m: File Logging: '/open5gs/install/var/log/open5gs/mme.log' (../lib/app/ogs-init.c:147)
[32m04/17 17:48:52.177[0m: [[33mmetrics[0m] [1;32mINFO[0m: metrics_server() [http://172.22.0.9]:9091 (../lib/metrics/prometheus/context.c:392)
[32m04/17 17:48:52.226[0m: [[33mapp[0m] [1;32mINFO[0m: Polling freeDiameter stats every 60000000 usecs (../lib/diameter/common/stats.c:77)
[32m04/17 17:48:52.226[0m: [[33mgtp[0m] [1;32mINFO[0m: gtp_server() [172.22.0.9]:2123 (../lib/gtp/path.c:30)
[32m04/17 17:48:52.227[0m: [[33mgtp[0m] [1;32mINFO[0m: gtp_connect() [172.22.0.5]:2123 (../lib/gtp/path.c:60)
[32m04/17 17:48:52.227[0m: [[33mmme[0m] [1;32mINFO[0m: s1ap_server() [172.22.0.9]:36412 (../src/mme/s1ap-sctp.c:62)
[32m04/17 17:48:52.227[0m: [[33msctp[0m] [1;32mINFO[0m: MME initialize...done (../src/mme/app-init.c:33)
[32m04/17 17:49:01.856[0m: [[33mdiam[0m] [1;32mINFO[0m: CONNECTED TO 'hss.epc.mnc001.mcc001.3gppnetwork.org' (SCTP,soc#9): (../lib/diameter/common/logger.c:81)
[32m04/17 17:50:36.834[0m: [[33mmme[0m] [1;32mINFO[0m: eNB-S1 accepted[172.22.0.22]:44455 in s1_path module (../src/mme/s1ap-sctp.c:114)
[32m04/17 17:50:36.834[0m: [[33mmme[0m] [1;32mINFO[0m: eNB-S1 accepted[172.22.0.22] in master_sm module (../src/mme/mme-sm.c:108)
[32m04/17 17:50:36.834[0m: [[33mmme[0m] [1;32mINFO[0m: [Added] Number of eNBs is now 1 (../src/mme/mme-context.c:3131)
[32m04/17 17:50:36.834[0m: [[33mmme[0m] [1;32mINFO[0m: eNB-S1[172.22.0.22] max_num_of_ostreams : 30 (../src/mme/mme-sm.c:157)
[32m04/17 17:50:52.471[0m: [[33mmme[0m] [1;32mINFO[0m: eNB-S1 accepted[172.22.0.38]:32774 in s1_path module (../src/mme/s1ap-sctp.c:114)
[32m04/17 17:50:52.471[0m: [[33mmme[0m] [1;32mINFO[0m: eNB-S1 accepted[172.22.0.38] in master_sm module (../src/mme/mme-sm.c:108)
[32m04/17 17:50:52.471[0m: [[33mmme[0m] [1;32mINFO[0m: [Added] Number of eNBs is now 2 (../src/mme/mme-context.c:3131)
[32m04/17 17:50:52.471[0m: [[33mmme[0m] [1;32mINFO[0m: eNB-S1[172.22.0.38] max_num_of_ostreams : 30 (../src/mme/mme-sm.c:157)
[32m04/17 17:51:04.445[0m: [[33mmme[0m] [1;32mINFO[0m: eNB-S1 accepted[172.22.0.54]:42212 in s1_path module (../src/mme/s1ap-sctp.c:114)
[32m04/17 17:51:04.446[0m: [[33mmme[0m] [1;32mINFO[0m: eNB-S1 accepted[172.22.0.54] in master_sm module (../src/mme/mme-sm.c:108)
[32m04/17 17:51:04.446[0m: [[33mmme[0m] [1;32mINFO[0m: [Added] Number of eNBs is now 3 (../src/mme/mme-context.c:3131)
[32m04/17 17:51:04.446[0m: [[33mmme[0m] [1;32mINFO[0m: eNB-S1[172.22.0.54] max_num_of_ostreams : 30 (../src/mme/mme-sm.c:157)
[32m04/17 17:51:17.575[0m: [[33mmme[0m] [1;32mINFO[0m: eNB-S1 accepted[172.22.0.55]:38876 in s1_path module (../src/mme/s1ap-sctp.c:114)
[32m04/17 17:51:17.575[0m: [[33mmme[0m] [1;32mINFO[0m: eNB-S1 accepted[172.22.0.55] in master_sm module (../src/mme/mme-sm.c:108)
[32m04/17 17:51:17.575[0m: [[33mmme[0m] [1;32mINFO[0m: [Added] Number of eNBs is now 4 (../src/mme/mme-context.c:3131)
[32m04/17 17:51:17.575[0m: [[33mmme[0m] [1;32mINFO[0m: eNB-S1[172.22.0.55] max_num_of_ostreams : 30 (../src/mme/mme-sm.c:157)
[32m04/17 17:51:46.130[0m: [[33mmme[0m] [1;32mINFO[0m: InitialUEMessage (../src/mme/s1ap-handler.c:493)
[32m04/17 17:51:46.130[0m: [[33mmme[0m] [1;32mINFO[0m: [Added] Number of eNB-UEs is now 1 (../src/mme/mme-context.c:5256)
[32m04/17 17:51:46.130[0m: [[33mmme[0m] [1;32mINFO[0m: Unknown UE by S_TMSI[G:2,C:1,M_TMSI:0xc00000d7] (../src/mme/s1ap-handler.c:594)
[32m04/17 17:51:46.130[0m: [[33mmme[0m] [1;32mINFO[0m:     ENB_UE_S1AP_ID[1] MME_UE_S1AP_ID[1] TAC[1] CellID[0x19b01] (../src/mme/s1ap-handler.c:734)
[32m04/17 17:51:46.130[0m: [[33mmme[0m] [1;32mINFO[0m: Unknown UE by GUTI[G:2,C:1,M_TMSI:0xc00000d7] (../src/mme/mme-context.c:3945)
[32m04/17 17:51:46.130[0m: [[33mmme[0m] [1;32mINFO[0m: [Added] Number of MME-UEs is now 1 (../src/mme/mme-context.c:3736)
[32m04/17 17:51:46.130[0m: [[33memm[0m] [1;32mINFO[0m: [] Attach request (../src/mme/emm-sm.c:469)
[32m04/17 17:51:46.130[0m: [[33memm[0m] [1;32mINFO[0m:     GUTI[G:2,C:1,M_TMSI:0xc00000d7] IMSI[Unknown IMSI] (../src/mme/emm-handler.c:256)
[32m04/17 17:51:46.151[0m: [[33memm[0m] [1;32mINFO[0m: Identity response (../src/mme/emm-sm.c:439)
[32m04/17 17:51:46.151[0m: [[33memm[0m] [1;32mINFO[0m:     IMSI[001011234567895] (../src/mme/emm-handler.c:492)
[32m04/17 17:51:46.217[0m: [[33mmme[0m] [1;32mINFO[0m: [Added] Number of MME-Sessions is now 1 (../src/mme/mme-context.c:5270)
[32m04/17 17:51:46.522[0m: [[33memm[0m] [1;32mINFO[0m: [001011234567895] Attach complete (../src/mme/emm-sm.c:1573)
[32m04/17 17:51:46.522[0m: [[33memm[0m] [1;32mINFO[0m:     IMSI[001011234567895] (../src/mme/emm-handler.c:296)
[32m04/17 17:51:46.522[0m: [[33memm[0m] [1;32mINFO[0m:     UTC [2026-04-17T22:51:46] Timezone[0]/DST[0] (../src/mme/emm-handler.c:302)
[32m04/17 17:51:46.522[0m: [[33memm[0m] [1;32mINFO[0m:     LOCAL [2026-04-17T17:51:46] Timezone[-18000]/DST[0] (../src/mme/emm-handler.c:306)
[32m04/17 17:52:18.630[0m: [[33mmme[0m] [1;32mINFO[0m: UE Context Release [Action:2] (../src/mme/s1ap-handler.c:2142)
[32m04/17 17:52:18.630[0m: [[33mmme[0m] [1;32mINFO[0m:     ENB_UE_S1AP_ID[1] MME_UE_S1AP_ID[1] (../src/mme/s1ap-handler.c:2143)
[32m04/17 17:52:18.630[0m: [[33mmme[0m] [1;32mINFO[0m:     IMSI[001011234567895] (../src/mme/s1ap-handler.c:2148)
[32m04/17 17:52:18.630[0m: [[33mmme[0m] [1;32mINFO[0m: Mobile Reachable timer started for IMSI[001011234567895] (../src/mme/s1ap-handler.c:2161)
[32m04/17 17:52:18.630[0m: [[33mmme[0m] [1;32mINFO[0m: [Removed] Number of eNB-UEs is now 0 (../src/mme/mme-context.c:5263)
[32m04/17 17:52:20.283[0m: [[33mmme[0m] [1;32mINFO[0m: InitialUEMessage (../src/mme/s1ap-handler.c:493)
[32m04/17 17:52:20.283[0m: [[33mmme[0m] [1;32mINFO[0m: [Added] Number of eNB-UEs is now 1 (../src/mme/mme-context.c:5256)
[32m04/17 17:52:20.283[0m: [[33mmme[0m] [1;32mINFO[0m:     S_TMSI[G:2,C:1,M_TMSI:0xc000008e] IMSI:[001011234567895] (../src/mme/s1ap-handler.c:597)
[32m04/17 17:52:20.283[0m: [[33mmme[0m] [1;32mINFO[0m:     ENB_UE_S1AP_ID[2] MME_UE_S1AP_ID[2] TAC[1] CellID[0x19b01] (../src/mme/s1ap-handler.c:734)
[32m04/17 17:52:20.283[0m: [[33memm[0m] [1;32mINFO[0m: [001011234567895] Service request (../src/mme/emm-sm.c:352)
[32m04/17 17:52:20.284[0m: [[33memm[0m] [1;32mINFO[0m:     GUTI[G:2,C:1,M_TMSI:0xc000008e] IMSI[001011234567895] (../src/mme/emm-handler.c:632)
[32m04/17 17:52:53.965[0m: [[33mmme[0m] [1;32mINFO[0m: InitialUEMessage (../src/mme/s1ap-handler.c:493)
[32m04/17 17:52:53.966[0m: [[33mmme[0m] [1;32mINFO[0m: [Added] Number of eNB-UEs is now 2 (../src/mme/mme-context.c:5256)
[32m04/17 17:52:53.967[0m: [[33mmme[0m] [1;32mINFO[0m: Unknown UE by S_TMSI[G:2,C:1,M_TMSI:0xc00000d7] (../src/mme/s1ap-handler.c:594)
[32m04/17 17:52:53.967[0m: [[33mmme[0m] [1;32mINFO[0m:     ENB_UE_S1AP_ID[1] MME_UE_S1AP_ID[3] TAC[1] CellID[0x19c02] (../src/mme/s1ap-handler.c:734)
[32m04/17 17:52:53.968[0m: [[33mmme[0m] [1;32mINFO[0m: Unknown UE by GUTI[G:2,C:1,M_TMSI:0xc00000d7] (../src/mme/mme-context.c:3945)
[32m04/17 17:52:53.968[0m: [[33mmme[0m] [1;32mINFO[0m: [Added] Number of MME-UEs is now 2 (../src/mme/mme-context.c:3736)
[32m04/17 17:52:53.969[0m: [[33memm[0m] [1;32mINFO[0m: [] Attach request (../src/mme/emm-sm.c:469)
[32m04/17 17:52:53.970[0m: [[33memm[0m] [1;32mINFO[0m:     GUTI[G:2,C:1,M_TMSI:0xc00000d7] IMSI[Unknown IMSI] (../src/mme/emm-handler.c:256)
[32m04/17 17:52:54.013[0m: [[33memm[0m] [1;32mINFO[0m: Identity response (../src/mme/emm-sm.c:439)
[32m04/17 17:52:54.013[0m: [[33memm[0m] [1;32mINFO[0m:     IMSI[001011234567902] (../src/mme/emm-handler.c:492)
[32m04/17 17:52:54.066[0m: [[33memm[0m] [1;36mWARNING[0m: Authentication failure (../src/mme/emm-sm.c:1120)
[32m04/17 17:52:54.066[0m: [[33memm[0m] [1;36mWARNING[0m:     IMSI[001011234567902] OGS_NAS_EMM_CAUSE[20] (../src/mme/emm-sm.c:1121)
[32m04/17 17:52:54.066[0m: [[33memm[0m] [1;36mWARNING[0m: Authentication failure(MAC failure) (../src/mme/emm-sm.c:1128)
[32m04/17 17:52:54.066[0m: [[33memm[0m] [1;36mWARNING[0m: [001011234567902] Failure in transaction; no context restoration. (../src/mme/emm-sm.c:1149)
[32m04/17 17:52:54.067[0m: [[33mmme[0m] [1;32mINFO[0m: UE Context Release [Action:3] (../src/mme/s1ap-handler.c:2142)
[32m04/17 17:52:54.067[0m: [[33mmme[0m] [1;32mINFO[0m:     ENB_UE_S1AP_ID[1] MME_UE_S1AP_ID[3] (../src/mme/s1ap-handler.c:2143)
[32m04/17 17:52:54.067[0m: [[33mmme[0m] [1;32mINFO[0m:     IMSI[001011234567902] (../src/mme/s1ap-handler.c:2148)
[32m04/17 17:52:54.067[0m: [[33mmme[0m] [1;32mINFO[0m: [Removed] Number of eNB-UEs is now 1 (../src/mme/mme-context.c:5263)
[32m04/17 17:52:54.067[0m: [[33mmme[0m] [1;32mINFO[0m: [Removed] Number of MME-UEs is now 1 (../src/mme/mme-context.c:3807)
[32m04/17 17:53:00.524[0m: [[33mmme[0m] [1;32mINFO[0m: InitialUEMessage (../src/mme/s1ap-handler.c:493)
[32m04/17 17:53:00.525[0m: [[33mmme[0m] [1;32mINFO[0m: [Added] Number of eNB-UEs is now 2 (../src/mme/mme-context.c:5256)
[32m04/17 17:53:00.525[0m: [[33mmme[0m] [1;32mINFO[0m: Unknown UE by S_TMSI[G:2,C:1,M_TMSI:0xc00000d7] (../src/mme/s1ap-handler.c:594)
[32m04/17 17:53:00.525[0m: [[33mmme[0m] [1;32mINFO[0m:     ENB_UE_S1AP_ID[1] MME_UE_S1AP_ID[4] TAC[1] CellID[0x19d03] (../src/mme/s1ap-handler.c:734)
[32m04/17 17:53:00.525[0m: [[33mmme[0m] [1;32mINFO[0m: Unknown UE by GUTI[G:2,C:1,M_TMSI:0xc00000d7] (../src/mme/mme-context.c:3945)
[32m04/17 17:53:00.525[0m: [[33mmme[0m] [1;32mINFO[0m: [Added] Number of MME-UEs is now 2 (../src/mme/mme-context.c:3736)
[32m04/17 17:53:00.525[0m: [[33memm[0m] [1;32mINFO[0m: [] Attach request (../src/mme/emm-sm.c:469)
[32m04/17 17:53:00.525[0m: [[33memm[0m] [1;32mINFO[0m:     GUTI[G:2,C:1,M_TMSI:0xc00000d7] IMSI[Unknown IMSI] (../src/mme/emm-handler.c:256)
[32m04/17 17:53:00.551[0m: [[33memm[0m] [1;32mINFO[0m: Identity response (../src/mme/emm-sm.c:439)
[32m04/17 17:53:00.551[0m: [[33memm[0m] [1;32mINFO[0m:     IMSI[001011234567901] (../src/mme/emm-handler.c:492)
[32m04/17 17:53:00.561[0m: [[33mmme[0m] [1;32mINFO[0m:     Experimental Result Code: 5001 (../src/mme/mme-fd-path.c:1050)
[32m04/17 17:53:00.561[0m: [[33mmme[0m] [1;36mWARNING[0m: Authentication Information failed [5001] (../src/mme/mme-s6a-handler.c:53)
[32m04/17 17:53:00.562[0m: [[33mmme[0m] [1;36mWARNING[0m: Originating SGSN Context xact no longer valid (0) (../src/mme/mme-sm.c:596)
[32m04/17 17:53:00.562[0m: [[33mmme[0m] [1;32mINFO[0m: [001011234567901] Attach reject [OGS_NAS_EMM_CAUSE:8] (../src/mme/mme-sm.c:600)
[32m04/17 17:53:00.563[0m: [[33mmme[0m] [1;32mINFO[0m: UE Context Release [Action:3] (../src/mme/s1ap-handler.c:2142)
[32m04/17 17:53:00.563[0m: [[33mmme[0m] [1;32mINFO[0m:     ENB_UE_S1AP_ID[1] MME_UE_S1AP_ID[4] (../src/mme/s1ap-handler.c:2143)
[32m04/17 17:53:00.563[0m: [[33mmme[0m] [1;32mINFO[0m:     IMSI[001011234567901] (../src/mme/s1ap-handler.c:2148)
[32m04/17 17:53:00.563[0m: [[33mmme[0m] [1;32mINFO[0m: [Removed] Number of eNB-UEs is now 1 (../src/mme/mme-context.c:5263)
[32m04/17 17:53:00.563[0m: [[33mmme[0m] [1;32mINFO[0m: [Removed] Number of MME-UEs is now 1 (../src/mme/mme-context.c:3807)
[32m04/17 17:53:11.045[0m: [[33mmme[0m] [1;32mINFO[0m: InitialUEMessage (../src/mme/s1ap-handler.c:493)
[32m04/17 17:53:11.045[0m: [[33mmme[0m] [1;32mINFO[0m: [Added] Number of eNB-UEs is now 2 (../src/mme/mme-context.c:5256)
[32m04/17 17:53:11.045[0m: [[33mmme[0m] [1;32mINFO[0m: Unknown UE by S_TMSI[G:2,C:1,M_TMSI:0xc00000d7] (../src/mme/s1ap-handler.c:594)
[32m04/17 17:53:11.045[0m: [[33mmme[0m] [1;32mINFO[0m:     ENB_UE_S1AP_ID[1] MME_UE_S1AP_ID[5] TAC[1] CellID[0x19e04] (../src/mme/s1ap-handler.c:734)
[32m04/17 17:53:11.045[0m: [[33mmme[0m] [1;32mINFO[0m: Unknown UE by GUTI[G:2,C:1,M_TMSI:0xc00000d7] (../src/mme/mme-context.c:3945)
[32m04/17 17:53:11.046[0m: [[33mmme[0m] [1;32mINFO[0m: [Added] Number of MME-UEs is now 2 (../src/mme/mme-context.c:3736)
[32m04/17 17:53:11.046[0m: [[33memm[0m] [1;32mINFO[0m: [] Attach request (../src/mme/emm-sm.c:469)
[32m04/17 17:53:11.046[0m: [[33memm[0m] [1;32mINFO[0m:     GUTI[G:2,C:1,M_TMSI:0xc00000d7] IMSI[Unknown IMSI] (../src/mme/emm-handler.c:256)
[32m04/17 17:53:11.072[0m: [[33memm[0m] [1;32mINFO[0m: Identity response (../src/mme/emm-sm.c:439)
[32m04/17 17:53:11.072[0m: [[33memm[0m] [1;32mINFO[0m:     IMSI[001011234567903] (../src/mme/emm-handler.c:492)
[32m04/17 17:53:11.186[0m: [[33mmme[0m] [1;32mINFO[0m: [Added] Number of MME-Sessions is now 2 (../src/mme/mme-context.c:5270)
[32m04/17 17:53:11.226[0m: [[33mesm[0m] [1;33mERROR[0m: Invalid APN[invalid_apn] (../src/mme/esm-handler.c:294)
[32m04/17 17:53:11.226[0m: [[33mmme[0m] [1;32mINFO[0m: Removed Session: UE IMSI:[001011234567903] APN:[Unknown] (../src/mme/mme-sm.c:509)
[32m04/17 17:53:11.226[0m: [[33mmme[0m] [1;32mINFO[0m: [Removed] Number of MME-Sessions is now 1 (../src/mme/mme-context.c:5277)
[32m04/17 17:53:11.227[0m: [[33mmme[0m] [1;32mINFO[0m: UE Context Release [Action:3] (../src/mme/s1ap-handler.c:2142)
[32m04/17 17:53:11.227[0m: [[33mmme[0m] [1;32mINFO[0m:     ENB_UE_S1AP_ID[1] MME_UE_S1AP_ID[5] (../src/mme/s1ap-handler.c:2143)
[32m04/17 17:53:11.227[0m: [[33mmme[0m] [1;32mINFO[0m:     IMSI[001011234567903] (../src/mme/s1ap-handler.c:2148)
[32m04/17 17:53:11.227[0m: [[33mmme[0m] [1;32mINFO[0m: [Removed] Number of eNB-UEs is now 1 (../src/mme/mme-context.c:5263)
[32m04/17 17:53:11.227[0m: [[33mmme[0m] [1;32mINFO[0m: [Removed] Number of MME-UEs is now 1 (../src/mme/mme-context.c:3807)
[32m04/17 17:53:25.254[0m: [[33mmme[0m] [1;32mINFO[0m: InitialUEMessage (../src/mme/s1ap-handler.c:493)
[32m04/17 17:53:25.255[0m: [[33mmme[0m] [1;32mINFO[0m: [Added] Number of eNB-UEs is now 2 (../src/mme/mme-context.c:5256)
[32m04/17 17:53:25.255[0m: [[33mmme[0m] [1;32mINFO[0m: Unknown UE by S_TMSI[G:2,C:1,M_TMSI:0xc00000d7] (../src/mme/s1ap-handler.c:594)
[32m04/17 17:53:25.255[0m: [[33mmme[0m] [1;32mINFO[0m:     ENB_UE_S1AP_ID[2] MME_UE_S1AP_ID[6] TAC[1] CellID[0x19c02] (../src/mme/s1ap-handler.c:734)
[32m04/17 17:53:25.255[0m: [[33mmme[0m] [1;32mINFO[0m: Unknown UE by GUTI[G:2,C:1,M_TMSI:0xc00000d7] (../src/mme/mme-context.c:3945)
[32m04/17 17:53:25.255[0m: [[33mmme[0m] [1;32mINFO[0m: [Added] Number of MME-UEs is now 2 (../src/mme/mme-context.c:3736)
[32m04/17 17:53:25.255[0m: [[33memm[0m] [1;32mINFO[0m: [] Attach request (../src/mme/emm-sm.c:469)
[32m04/17 17:53:25.255[0m: [[33memm[0m] [1;32mINFO[0m:     GUTI[G:2,C:1,M_TMSI:0xc00000d7] IMSI[Unknown IMSI] (../src/mme/emm-handler.c:256)
[32m04/17 17:53:25.313[0m: [[33memm[0m] [1;32mINFO[0m: Identity response (../src/mme/emm-sm.c:439)
[32m04/17 17:53:25.314[0m: [[33memm[0m] [1;32mINFO[0m:     IMSI[001011234567902] (../src/mme/emm-handler.c:492)
[32m04/17 17:53:25.373[0m: [[33memm[0m] [1;36mWARNING[0m: Authentication failure (../src/mme/emm-sm.c:1120)
[32m04/17 17:53:25.373[0m: [[33memm[0m] [1;36mWARNING[0m:     IMSI[001011234567902] OGS_NAS_EMM_CAUSE[20] (../src/mme/emm-sm.c:1121)
[32m04/17 17:53:25.373[0m: [[33memm[0m] [1;36mWARNING[0m: Authentication failure(MAC failure) (../src/mme/emm-sm.c:1128)
[32m04/17 17:53:25.373[0m: [[33memm[0m] [1;36mWARNING[0m: [001011234567902] Failure in transaction; no context restoration. (../src/mme/emm-sm.c:1149)
[32m04/17 17:53:25.374[0m: [[33mmme[0m] [1;32mINFO[0m: UE Context Release [Action:3] (../src/mme/s1ap-handler.c:2142)
[32m04/17 17:53:25.374[0m: [[33mmme[0m] [1;32mINFO[0m:     ENB_UE_S1AP_ID[2] MME_UE_S1AP_ID[6] (../src/mme/s1ap-handler.c:2143)
[32m04/17 17:53:25.374[0m: [[33mmme[0m] [1;32mINFO[0m:     IMSI[001011234567902] (../src/mme/s1ap-handler.c:2148)
[32m04/17 17:53:25.374[0m: [[33mmme[0m] [1;32mINFO[0m: [Removed] Number of eNB-UEs is now 1 (../src/mme/mme-context.c:5263)
[32m04/17 17:53:25.374[0m: [[33mmme[0m] [1;32mINFO[0m: [Removed] Number of MME-UEs is now 1 (../src/mme/mme-context.c:3807)
[32m04/17 17:53:46.183[0m: [[33mmme[0m] [1;32mINFO[0m: InitialUEMessage (../src/mme/s1ap-handler.c:493)
[32m04/17 17:53:46.183[0m: [[33mmme[0m] [1;32mINFO[0m: [Added] Number of eNB-UEs is now 2 (../src/mme/mme-context.c:5256)
[32m04/17 17:53:46.183[0m: [[33mmme[0m] [1;32mINFO[0m: Unknown UE by S_TMSI[G:2,C:1,M_TMSI:0xc00000d7] (../src/mme/s1ap-handler.c:594)
[32m04/17 17:53:46.183[0m: [[33mmme[0m] [1;32mINFO[0m:     ENB_UE_S1AP_ID[2] MME_UE_S1AP_ID[7] TAC[1] CellID[0x19e04] (../src/mme/s1ap-handler.c:734)
[32m04/17 17:53:46.184[0m: [[33mmme[0m] [1;32mINFO[0m: Unknown UE by GUTI[G:2,C:1,M_TMSI:0xc00000d7] (../src/mme/mme-context.c:3945)
[32m04/17 17:53:46.184[0m: [[33mmme[0m] [1;32mINFO[0m: [Added] Number of MME-UEs is now 2 (../src/mme/mme-context.c:3736)
[32m04/17 17:53:46.184[0m: [[33memm[0m] [1;32mINFO[0m: [] Attach request (../src/mme/emm-sm.c:469)
[32m04/17 17:53:46.184[0m: [[33memm[0m] [1;32mINFO[0m:     GUTI[G:2,C:1,M_TMSI:0xc00000d7] IMSI[Unknown IMSI] (../src/mme/emm-handler.c:256)
[32m04/17 17:53:46.213[0m: [[33memm[0m] [1;32mINFO[0m: Identity response (../src/mme/emm-sm.c:439)
[32m04/17 17:53:46.213[0m: [[33memm[0m] [1;32mINFO[0m:     IMSI[001011234567903] (../src/mme/emm-handler.c:492)
[32m04/17 17:53:46.311[0m: [[33mmme[0m] [1;32mINFO[0m: [Added] Number of MME-Sessions is now 2 (../src/mme/mme-context.c:5270)
[32m04/17 17:53:46.350[0m: [[33mesm[0m] [1;33mERROR[0m: Invalid APN[invalid_apn] (../src/mme/esm-handler.c:294)
[32m04/17 17:53:46.351[0m: [[33mmme[0m] [1;32mINFO[0m: Removed Session: UE IMSI:[001011234567903] APN:[Unknown] (../src/mme/mme-sm.c:509)
[32m04/17 17:53:46.351[0m: [[33mmme[0m] [1;32mINFO[0m: [Removed] Number of MME-Sessions is now 1 (../src/mme/mme-context.c:5277)
[32m04/17 17:53:46.351[0m: [[33mmme[0m] [1;32mINFO[0m: UE Context Release [Action:3] (../src/mme/s1ap-handler.c:2142)
[32m04/17 17:53:46.352[0m: [[33mmme[0m] [1;32mINFO[0m:     ENB_UE_S1AP_ID[2] MME_UE_S1AP_ID[7] (../src/mme/s1ap-handler.c:2143)
[32m04/17 17:53:46.352[0m: [[33mmme[0m] [1;32mINFO[0m:     IMSI[001011234567903] (../src/mme/s1ap-handler.c:2148)
[32m04/17 17:53:46.352[0m: [[33mmme[0m] [1;32mINFO[0m: [Removed] Number of eNB-UEs is now 1 (../src/mme/mme-context.c:5263)
[32m04/17 17:53:46.352[0m: [[33mmme[0m] [1;32mINFO[0m: [Removed] Number of MME-UEs is now 1 (../src/mme/mme-context.c:3807)
[32m04/17 17:53:47.586[0m: [[33mmme[0m] [1;32mINFO[0m: InitialUEMessage (../src/mme/s1ap-handler.c:493)
[32m04/17 17:53:47.586[0m: [[33mmme[0m] [1;32mINFO[0m: [Added] Number of eNB-UEs is now 2 (../src/mme/mme-context.c:5256)
[32m04/17 17:53:47.586[0m: [[33mmme[0m] [1;32mINFO[0m: Unknown UE by S_TMSI[G:2,C:1,M_TMSI:0xc00000d7] (../src/mme/s1ap-handler.c:594)
[32m04/17 17:53:47.586[0m: [[33mmme[0m] [1;32mINFO[0m:     ENB_UE_S1AP_ID[2] MME_UE_S1AP_ID[8] TAC[1] CellID[0x19d03] (../src/mme/s1ap-handler.c:734)
[32m04/17 17:53:47.586[0m: [[33mmme[0m] [1;32mINFO[0m: Unknown UE by GUTI[G:2,C:1,M_TMSI:0xc00000d7] (../src/mme/mme-context.c:4009)
[32m04/17 17:53:47.586[0m: [[33mmme[0m] [1;32mINFO[0m: [Added] Number of MME-UEs is now 2 (../src/mme/mme-context.c:3736)
[32m04/17 17:53:47.587[0m: [[33memm[0m] [1;32mINFO[0m: [] Detach request (../src/mme/emm-sm.c:896)
[32m04/17 17:53:47.587[0m: [[33memm[0m] [1;36mWARNING[0m: Detach request : Unknown UE (../src/mme/emm-sm.c:906)
[32m04/17 17:53:47.587[0m: [[33memm[0m] [1;36mWARNING[0m: [] Failure in transaction; no context restoration. (../src/mme/emm-sm.c:910)
[32m04/17 17:53:47.588[0m: [[33mmme[0m] [1;32mINFO[0m: UE Context Release [Action:3] (../src/mme/s1ap-handler.c:2142)
[32m04/17 17:53:47.589[0m: [[33mmme[0m] [1;32mINFO[0m:     ENB_UE_S1AP_ID[2] MME_UE_S1AP_ID[8] (../src/mme/s1ap-handler.c:2143)
[32m04/17 17:53:47.589[0m: [[33mmme[0m] [1;32mINFO[0m:     IMSI[] (../src/mme/s1ap-handler.c:2148)
[32m04/17 17:53:47.589[0m: [[33mmme[0m] [1;32mINFO[0m: [Removed] Number of eNB-UEs is now 1 (../src/mme/mme-context.c:5263)
[32m04/17 17:53:47.589[0m: [[33mmme[0m] [1;32mINFO[0m: [Removed] Number of MME-UEs is now 1 (../src/mme/mme-context.c:3807)
[32m04/17 17:53:47.590[0m: [[33mmme[0m] [1;32mINFO[0m: InitialUEMessage (../src/mme/s1ap-handler.c:493)
[32m04/17 17:53:47.590[0m: [[33mmme[0m] [1;32mINFO[0m: [Added] Number of eNB-UEs is now 2 (../src/mme/mme-context.c:5256)
[32m04/17 17:53:47.590[0m: [[33mmme[0m] [1;32mINFO[0m: Unknown UE by S_TMSI[G:2,C:1,M_TMSI:0xc00000d7] (../src/mme/s1ap-handler.c:594)
[32m04/17 17:53:47.590[0m: [[33mmme[0m] [1;32mINFO[0m:     ENB_UE_S1AP_ID[3] MME_UE_S1AP_ID[9] TAC[1] CellID[0x19e04] (../src/mme/s1ap-handler.c:734)
[32m04/17 17:53:47.590[0m: [[33mmme[0m] [1;32mINFO[0m: Unknown UE by GUTI[G:2,C:1,M_TMSI:0xc00000d7] (../src/mme/mme-context.c:4009)
[32m04/17 17:53:47.591[0m: [[33mmme[0m] [1;32mINFO[0m: [Added] Number of MME-UEs is now 2 (../src/mme/mme-context.c:3736)
[32m04/17 17:53:47.591[0m: [[33memm[0m] [1;32mINFO[0m: [] Detach request (../src/mme/emm-sm.c:896)
[32m04/17 17:53:47.591[0m: [[33memm[0m] [1;36mWARNING[0m: Detach request : Unknown UE (../src/mme/emm-sm.c:906)
[32m04/17 17:53:47.591[0m: [[33memm[0m] [1;36mWARNING[0m: [] Failure in transaction; no context restoration. (../src/mme/emm-sm.c:910)
[32m04/17 17:53:47.592[0m: [[33mmme[0m] [1;32mINFO[0m: UE Context Release [Action:3] (../src/mme/s1ap-handler.c:2142)
[32m04/17 17:53:47.592[0m: [[33mmme[0m] [1;32mINFO[0m:     ENB_UE_S1AP_ID[3] MME_UE_S1AP_ID[9] (../src/mme/s1ap-handler.c:2143)
[32m04/17 17:53:47.592[0m: [[33mmme[0m] [1;32mINFO[0m:     IMSI[] (../src/mme/s1ap-handler.c:2148)
[32m04/17 17:53:47.592[0m: [[33mmme[0m] [1;32mINFO[0m: [Removed] Number of eNB-UEs is now 1 (../src/mme/mme-context.c:5263)
[32m04/17 17:53:47.592[0m: [[33mmme[0m] [1;32mINFO[0m: [Removed] Number of MME-UEs is now 1 (../src/mme/mme-context.c:3807)
[32m04/17 17:53:52.193[0m: [[33mmme[0m] [1;32mINFO[0m: eNB-S1[172.22.0.54] connection refused!!! (../src/mme/mme-sm.c:173)
[32m04/17 17:53:52.201[0m: [[33mmme[0m] [1;32mINFO[0m: [Removed] Number of eNBs is now 3 (../src/mme/mme-context.c:3166)
[32m04/17 17:53:52.235[0m: [[33mmme[0m] [1;32mINFO[0m: eNB-S1[172.22.0.55] connection refused!!! (../src/mme/mme-sm.c:173)
[32m04/17 17:53:52.235[0m: [[33mmme[0m] [1;32mINFO[0m: [Removed] Number of eNBs is now 2 (../src/mme/mme-context.c:3166)
[32m04/17 17:53:52.284[0m: [[33mmme[0m] [1;32mINFO[0m: eNB-S1[172.22.0.38] connection refused!!! (../src/mme/mme-sm.c:173)
[32m04/17 17:53:52.284[0m: [[33mmme[0m] [1;32mINFO[0m: [Removed] Number of eNBs is now 1 (../src/mme/mme-context.c:3166)
[32m04/17 17:54:05.966[0m: [[33memm[0m] [1;32mINFO[0m: [001011234567895] Detach request (../src/mme/emm-sm.c:896)
[32m04/17 17:54:05.987[0m: [[33mmme[0m] [1;32mINFO[0m: Removed Session: UE IMSI:[001011234567895] APN:[internet] (../src/mme/mme-s11-handler.c:902)
[32m04/17 17:54:05.987[0m: [[33mmme[0m] [1;32mINFO[0m: [Removed] Number of MME-Sessions is now 0 (../src/mme/mme-context.c:5277)
[32m04/17 17:54:05.987[0m: [[33mmme[0m] [1;32mINFO[0m: UE Context Release [Action:2] (../src/mme/s1ap-handler.c:2142)
[32m04/17 17:54:05.987[0m: [[33mmme[0m] [1;32mINFO[0m:     ENB_UE_S1AP_ID[2] MME_UE_S1AP_ID[2] (../src/mme/s1ap-handler.c:2143)
[32m04/17 17:54:05.987[0m: [[33mmme[0m] [1;32mINFO[0m:     IMSI[001011234567895] (../src/mme/s1ap-handler.c:2148)
[32m04/17 17:54:05.987[0m: [[33mmme[0m] [1;32mINFO[0m: [Removed] Number of eNB-UEs is now 0 (../src/mme/mme-context.c:5263)
[32m04/17 17:54:08.660[0m: [[33mmme[0m] [1;32mINFO[0m: eNB-S1[172.22.0.22] connection refused!!! (../src/mme/mme-sm.c:173)
[32m04/17 17:54:08.660[0m: [[33mmme[0m] [1;32mINFO[0m: [Removed] Number of eNBs is now 0 (../src/mme/mme-context.c:3166)
