Deploying component: 'pcrf'
......................................................................++++++++++++++++++++++++++++++++++++++++++++++++++++++++++++++++
.....................................................++++++++++++++++++++++++++++++++++++++++++++++++++++++++++++++++
-----
Using configuration from /usr/lib/ssl/openssl.cnf
4047EA2DB8780000:error:0700006C:configuration file routines:NCONF_get_string:no value:../crypto/conf/conf_lib.c:315:group=<NULL> name=unique_subject
Check that the request matches the signature
Signature ok
Certificate Details:
        Serial Number: 1 (0x1)
        Validity
            Not Before: Apr 17 22:48:51 2026 GMT
            Not After : Apr 14 22:48:51 2036 GMT
        Subject:
            countryName               = KO
            stateOrProvinceName       = Seoul
            organizationName          = Open5GS
            organizationalUnitName    = Tests
            commonName                = pcrf.epc.mnc001.mcc001.3gppnetwork.org
        X509v3 extensions:
            X509v3 Basic Constraints: 
                CA:FALSE
            X509v3 Subject Key Identifier: 
                E0:F4:75:06:6B:DA:35:24:6C:7F:3C:F0:46:1F:A4:D0:EF:5A:50:0D
            X509v3 Authority Key Identifier: 
                AA:7F:07:1A:53:70:8D:E3:E8:A9:55:F2:2C:6D:68:1A:8F:59:56:5C
Certificate is to be certified until Apr 14 22:48:51 2036 GMT (3650 days)

Write out database with 1 new entries
Data Base Updated
Open5GS daemon v2.7.6-131-g782a97e

[32m04/17 17:49:01.819[0m: [[33mapp[0m] [1;32mINFO[0m: Configuration: '/open5gs/install/etc/open5gs/pcrf.yaml' (../lib/app/ogs-init.c:144)
[32m04/17 17:49:01.819[0m: [[33mapp[0m] [1;32mINFO[0m: File Logging: '/open5gs/install/var/log/open5gs/pcrf.log' (../lib/app/ogs-init.c:147)
[32m04/17 17:49:01.821[0m: [[33mmetrics[0m] [1;32mINFO[0m: metrics_server() [http://172.22.0.4]:9091 (../lib/metrics/prometheus/context.c:392)
[32m04/17 17:49:01.822[0m: [[33mdbi[0m] [1;32mINFO[0m: MongoDB URI: 'mongodb://172.22.0.2/open5gs' (../lib/dbi/ogs-mongoc.c:130)
[32m04/17 17:49:01.876[0m: [[33mapp[0m] [1;32mINFO[0m: Polling freeDiameter stats every 60000000 usecs (../lib/diameter/common/stats.c:77)
[32m04/17 17:49:01.876[0m: [[33mapp[0m] [1;32mINFO[0m: PCRF initialize...done (../src/pcrf/app-init.c:31)
[32m04/17 17:49:01.878[0m: [[33mdiam[0m] [1;32mINFO[0m: CONNECTED TO 'smf.epc.mnc001.mcc001.3gppnetwork.org' (SCTP,soc#16): (../lib/diameter/common/logger.c:81)
